99 行目でエラー：都道府県が判定できませんでした。
286 行目でエラー：都道府県が判定できませんでした。
418 行目でエラー：都道府県が判定できませんでした。
419 行目でエラー：都道府県が判定できませんでした。
423 行目でエラー：都道府県が判定できませんでした。
473 行目でエラー：都道府県が判定できませんでした。
544 行目でエラー：都道府県が判定できませんでした。
546 行目でエラー：都道府県が判定できませんでした。
547 行目でエラー：都道府県が判定できませんでした。
548 行目でエラー：都道府県が判定できませんでした。
550 行目でエラー：都道府県が判定できませんでした。
551 行目でエラー：都道府県が判定できませんでした。
552 行目でエラー：都道府県が判定できませんでした。
915 行目でエラー：都道府県が判定できませんでした。
927 行目でエラー：都道府県が判定できませんでした。
1245 行目でエラー：都道府県が判定できませんでした。
1251 行目でエラー：都道府県が判定できませんでした。
1257 行目でエラー：都道府県が判定できませんでした。
1264 行目でエラー：都道府県が判定できませんでした。
1271 行目でエラー：都道府県が判定できませんでした。
1297 行目でエラー：都道府県が判定できませんでした。
1780 行目でエラー：都道府県が判定できませんでした。
1782 行目でエラー：都道府県が判定できませんでした。
1788 行目でエラー：都道府県が判定できませんでした。
