53 行目でエラー：緯度が取得できませんでした。
53 行目でエラー：経度が取得できませんでした。
66 行目でエラー：緯度が取得できませんでした。
66 行目でエラー：経度が取得できませんでした。
67 行目でエラー：緯度が取得できませんでした。
67 行目でエラー：経度が取得できませんでした。
68 行目でエラー：緯度が取得できませんでした。
68 行目でエラー：経度が取得できませんでした。
70 行目でエラー：緯度が取得できませんでした。
70 行目でエラー：経度が取得できませんでした。
82 行目でエラー：緯度が取得できませんでした。
82 行目でエラー：経度が取得できませんでした。
109 行目でエラー：緯度が取得できませんでした。
109 行目でエラー：経度が取得できませんでした。
109 行目でエラー：都道府県が判定できませんでした。
110 行目でエラー：緯度が取得できませんでした。
110 行目でエラー：経度が取得できませんでした。
111 行目でエラー：緯度が取得できませんでした。
111 行目でエラー：経度が取得できませんでした。
112 行目でエラー：緯度が取得できませんでした。
112 行目でエラー：経度が取得できませんでした。
113 行目でエラー：緯度が取得できませんでした。
113 行目でエラー：経度が取得できませんでした。
124 行目でエラー：緯度が取得できませんでした。
124 行目でエラー：経度が取得できませんでした。
127 行目でエラー：緯度が取得できませんでした。
127 行目でエラー：経度が取得できませんでした。
156 行目でエラー：緯度が取得できませんでした。
156 行目でエラー：経度が取得できませんでした。
157 行目でエラー：緯度が取得できませんでした。
157 行目でエラー：経度が取得できませんでした。
160 行目でエラー：緯度が取得できませんでした。
160 行目でエラー：経度が取得できませんでした。
174 行目でエラー：緯度が取得できませんでした。
174 行目でエラー：経度が取得できませんでした。
175 行目でエラー：緯度が取得できませんでした。
175 行目でエラー：経度が取得できませんでした。
176 行目でエラー：緯度が取得できませんでした。
176 行目でエラー：経度が取得できませんでした。
187 行目でエラー：緯度が取得できませんでした。
187 行目でエラー：経度が取得できませんでした。
209 行目でエラー：緯度が取得できませんでした。
209 行目でエラー：経度が取得できませんでした。
221 行目でエラー：緯度が取得できませんでした。
221 行目でエラー：経度が取得できませんでした。
222 行目でエラー：緯度が取得できませんでした。
222 行目でエラー：経度が取得できませんでした。
223 行目でエラー：緯度が取得できませんでした。
223 行目でエラー：経度が取得できませんでした。
235 行目でエラー：緯度が取得できませんでした。
235 行目でエラー：経度が取得できませんでした。
236 行目でエラー：緯度が取得できませんでした。
236 行目でエラー：経度が取得できませんでした。
237 行目でエラー：緯度が取得できませんでした。
237 行目でエラー：経度が取得できませんでした。
238 行目でエラー：緯度が取得できませんでした。
238 行目でエラー：経度が取得できませんでした。
250 行目でエラー：緯度が取得できませんでした。
250 行目でエラー：経度が取得できませんでした。
251 行目でエラー：緯度が取得できませんでした。
251 行目でエラー：経度が取得できませんでした。
252 行目でエラー：緯度が取得できませんでした。
252 行目でエラー：経度が取得できませんでした。
265 行目でエラー：緯度が取得できませんでした。
265 行目でエラー：経度が取得できませんでした。
266 行目でエラー：緯度が取得できませんでした。
266 行目でエラー：経度が取得できませんでした。
267 行目でエラー：緯度が取得できませんでした。
267 行目でエラー：経度が取得できませんでした。
278 行目でエラー：緯度が取得できませんでした。
278 行目でエラー：経度が取得できませんでした。
279 行目でエラー：緯度が取得できませんでした。
279 行目でエラー：経度が取得できませんでした。
280 行目でエラー：緯度が取得できませんでした。
280 行目でエラー：経度が取得できませんでした。
281 行目でエラー：緯度が取得できませんでした。
281 行目でエラー：経度が取得できませんでした。
282 行目でエラー：緯度が取得できませんでした。
282 行目でエラー：経度が取得できませんでした。
293 行目でエラー：緯度が取得できませんでした。
293 行目でエラー：経度が取得できませんでした。
294 行目でエラー：緯度が取得できませんでした。
294 行目でエラー：経度が取得できませんでした。
295 行目でエラー：緯度が取得できませんでした。
295 行目でエラー：経度が取得できませんでした。
296 行目でエラー：緯度が取得できませんでした。
296 行目でエラー：経度が取得できませんでした。
299 行目でエラー：緯度が取得できませんでした。
299 行目でエラー：経度が取得できませんでした。
299 行目でエラー：都道府県が判定できませんでした。
308 行目でエラー：緯度が取得できませんでした。
308 行目でエラー：経度が取得できませんでした。
309 行目でエラー：緯度が取得できませんでした。
309 行目でエラー：経度が取得できませんでした。
310 行目でエラー：緯度が取得できませんでした。
310 行目でエラー：経度が取得できませんでした。
311 行目でエラー：緯度が取得できませんでした。
311 行目でエラー：経度が取得できませんでした。
360 行目でエラー：緯度が取得できませんでした。
360 行目でエラー：経度が取得できませんでした。
361 行目でエラー：緯度が取得できませんでした。
361 行目でエラー：経度が取得できませんでした。
362 行目でエラー：緯度が取得できませんでした。
362 行目でエラー：経度が取得できませんでした。
363 行目でエラー：緯度が取得できませんでした。
363 行目でエラー：経度が取得できませんでした。
375 行目でエラー：緯度が取得できませんでした。
375 行目でエラー：経度が取得できませんでした。
376 行目でエラー：緯度が取得できませんでした。
376 行目でエラー：経度が取得できませんでした。
377 行目でエラー：緯度が取得できませんでした。
377 行目でエラー：経度が取得できませんでした。
388 行目でエラー：緯度が取得できませんでした。
388 行目でエラー：経度が取得できませんでした。
389 行目でエラー：緯度が取得できませんでした。
389 行目でエラー：経度が取得できませんでした。
391 行目でエラー：緯度が取得できませんでした。
391 行目でエラー：経度が取得できませんでした。
393 行目でエラー：緯度が取得できませんでした。
393 行目でエラー：経度が取得できませんでした。
404 行目でエラー：緯度が取得できませんでした。
404 行目でエラー：経度が取得できませんでした。
405 行目でエラー：緯度が取得できませんでした。
405 行目でエラー：経度が取得できませんでした。
406 行目でエラー：緯度が取得できませんでした。
406 行目でエラー：経度が取得できませんでした。
407 行目でエラー：緯度が取得できませんでした。
407 行目でエラー：経度が取得できませんでした。
408 行目でエラー：緯度が取得できませんでした。
408 行目でエラー：経度が取得できませんでした。
409 行目でエラー：緯度が取得できませんでした。
409 行目でエラー：経度が取得できませんでした。
410 行目でエラー：緯度が取得できませんでした。
410 行目でエラー：経度が取得できませんでした。
411 行目でエラー：緯度が取得できませんでした。
411 行目でエラー：経度が取得できませんでした。
431 行目でエラー：緯度が取得できませんでした。
431 行目でエラー：経度が取得できませんでした。
431 行目でエラー：都道府県が判定できませんでした。
432 行目でエラー：緯度が取得できませんでした。
432 行目でエラー：経度が取得できませんでした。
432 行目でエラー：都道府県が判定できませんでした。
436 行目でエラー：緯度が取得できませんでした。
436 行目でエラー：経度が取得できませんでした。
436 行目でエラー：都道府県が判定できませんでした。
437 行目でエラー：緯度が取得できませんでした。
437 行目でエラー：経度が取得できませんでした。
450 行目でエラー：緯度が取得できませんでした。
450 行目でエラー：経度が取得できませんでした。
461 行目でエラー：緯度が取得できませんでした。
461 行目でエラー：経度が取得できませんでした。
472 行目でエラー：緯度が取得できませんでした。
472 行目でエラー：経度が取得できませんでした。
478 行目でエラー：緯度が取得できませんでした。
478 行目でエラー：経度が取得できませんでした。
479 行目でエラー：緯度が取得できませんでした。
479 行目でエラー：経度が取得できませんでした。
487 行目でエラー：緯度が取得できませんでした。
487 行目でエラー：経度が取得できませんでした。
487 行目でエラー：都道府県が判定できませんでした。
491 行目でエラー：緯度が取得できませんでした。
491 行目でエラー：経度が取得できませんでした。
492 行目でエラー：緯度が取得できませんでした。
492 行目でエラー：経度が取得できませんでした。
496 行目でエラー：緯度が取得できませんでした。
496 行目でエラー：経度が取得できませんでした。
507 行目でエラー：緯度が取得できませんでした。
507 行目でエラー：経度が取得できませんでした。
510 行目でエラー：緯度が取得できませんでした。
510 行目でエラー：経度が取得できませんでした。
511 行目でエラー：緯度が取得できませんでした。
511 行目でエラー：経度が取得できませんでした。
526 行目でエラー：緯度が取得できませんでした。
526 行目でエラー：経度が取得できませんでした。
529 行目でエラー：緯度が取得できませんでした。
529 行目でエラー：経度が取得できませんでした。
541 行目でエラー：緯度が取得できませんでした。
541 行目でエラー：経度が取得できませんでした。
543 行目でエラー：緯度が取得できませんでした。
543 行目でエラー：経度が取得できませんでした。
562 行目でエラー：緯度が取得できませんでした。
562 行目でエラー：経度が取得できませんでした。
562 行目でエラー：都道府県が判定できませんでした。
564 行目でエラー：緯度が取得できませんでした。
564 行目でエラー：経度が取得できませんでした。
564 行目でエラー：都道府県が判定できませんでした。
565 行目でエラー：緯度が取得できませんでした。
565 行目でエラー：経度が取得できませんでした。
565 行目でエラー：都道府県が判定できませんでした。
566 行目でエラー：緯度が取得できませんでした。
566 行目でエラー：経度が取得できませんでした。
566 行目でエラー：都道府県が判定できませんでした。
568 行目でエラー：緯度が取得できませんでした。
568 行目でエラー：経度が取得できませんでした。
568 行目でエラー：都道府県が判定できませんでした。
569 行目でエラー：緯度が取得できませんでした。
569 行目でエラー：経度が取得できませんでした。
569 行目でエラー：都道府県が判定できませんでした。
570 行目でエラー：緯度が取得できませんでした。
570 行目でエラー：経度が取得できませんでした。
570 行目でエラー：都道府県が判定できませんでした。
572 行目でエラー：緯度が取得できませんでした。
572 行目でエラー：経度が取得できませんでした。
576 行目でエラー：緯度が取得できませんでした。
576 行目でエラー：経度が取得できませんでした。
577 行目でエラー：緯度が取得できませんでした。
577 行目でエラー：経度が取得できませんでした。
578 行目でエラー：緯度が取得できませんでした。
578 行目でエラー：経度が取得できませんでした。
579 行目でエラー：緯度が取得できませんでした。
579 行目でエラー：経度が取得できませんでした。
591 行目でエラー：緯度が取得できませんでした。
591 行目でエラー：経度が取得できませんでした。
592 行目でエラー：緯度が取得できませんでした。
592 行目でエラー：経度が取得できませんでした。
593 行目でエラー：緯度が取得できませんでした。
593 行目でエラー：経度が取得できませんでした。
605 行目でエラー：緯度が取得できませんでした。
605 行目でエラー：経度が取得できませんでした。
606 行目でエラー：緯度が取得できませんでした。
606 行目でエラー：経度が取得できませんでした。
617 行目でエラー：緯度が取得できませんでした。
617 行目でエラー：経度が取得できませんでした。
618 行目でエラー：緯度が取得できませんでした。
618 行目でエラー：経度が取得できませんでした。
619 行目でエラー：緯度が取得できませんでした。
619 行目でエラー：経度が取得できませんでした。
620 行目でエラー：緯度が取得できませんでした。
620 行目でエラー：経度が取得できませんでした。
632 行目でエラー：緯度が取得できませんでした。
632 行目でエラー：経度が取得できませんでした。
633 行目でエラー：緯度が取得できませんでした。
633 行目でエラー：経度が取得できませんでした。
646 行目でエラー：緯度が取得できませんでした。
646 行目でエラー：経度が取得できませんでした。
647 行目でエラー：緯度が取得できませんでした。
647 行目でエラー：経度が取得できませんでした。
659 行目でエラー：緯度が取得できませんでした。
659 行目でエラー：経度が取得できませんでした。
660 行目でエラー：緯度が取得できませんでした。
660 行目でエラー：経度が取得できませんでした。
661 行目でエラー：緯度が取得できませんでした。
661 行目でエラー：経度が取得できませんでした。
674 行目でエラー：緯度が取得できませんでした。
674 行目でエラー：経度が取得できませんでした。
688 行目でエラー：緯度が取得できませんでした。
688 行目でエラー：経度が取得できませんでした。
701 行目でエラー：緯度が取得できませんでした。
701 行目でエラー：経度が取得できませんでした。
702 行目でエラー：緯度が取得できませんでした。
702 行目でエラー：経度が取得できませんでした。
751 行目でエラー：緯度が取得できませんでした。
751 行目でエラー：経度が取得できませんでした。
765 行目でエラー：緯度が取得できませんでした。
765 行目でエラー：経度が取得できませんでした。
766 行目でエラー：緯度が取得できませんでした。
766 行目でエラー：経度が取得できませんでした。
779 行目でエラー：緯度が取得できませんでした。
779 行目でエラー：経度が取得できませんでした。
780 行目でエラー：緯度が取得できませんでした。
780 行目でエラー：経度が取得できませんでした。
781 行目でエラー：緯度が取得できませんでした。
781 行目でエラー：経度が取得できませんでした。
792 行目でエラー：緯度が取得できませんでした。
792 行目でエラー：経度が取得できませんでした。
793 行目でエラー：緯度が取得できませんでした。
793 行目でエラー：経度が取得できませんでした。
794 行目でエラー：緯度が取得できませんでした。
794 行目でエラー：経度が取得できませんでした。
795 行目でエラー：緯度が取得できませんでした。
795 行目でエラー：経度が取得できませんでした。
807 行目でエラー：緯度が取得できませんでした。
807 行目でエラー：経度が取得できませんでした。
808 行目でエラー：緯度が取得できませんでした。
808 行目でエラー：経度が取得できませんでした。
809 行目でエラー：緯度が取得できませんでした。
809 行目でエラー：経度が取得できませんでした。
811 行目でエラー：緯度が取得できませんでした。
811 行目でエラー：経度が取得できませんでした。
822 行目でエラー：緯度が取得できませんでした。
822 行目でエラー：経度が取得できませんでした。
823 行目でエラー：緯度が取得できませんでした。
823 行目でエラー：経度が取得できませんでした。
824 行目でエラー：緯度が取得できませんでした。
824 行目でエラー：経度が取得できませんでした。
837 行目でエラー：緯度が取得できませんでした。
837 行目でエラー：経度が取得できませんでした。
838 行目でエラー：緯度が取得できませんでした。
838 行目でエラー：経度が取得できませんでした。
851 行目でエラー：緯度が取得できませんでした。
851 行目でエラー：経度が取得できませんでした。
866 行目でエラー：緯度が取得できませんでした。
866 行目でエラー：経度が取得できませんでした。
877 行目でエラー：緯度が取得できませんでした。
877 行目でエラー：経度が取得できませんでした。
878 行目でエラー：緯度が取得できませんでした。
878 行目でエラー：経度が取得できませんでした。
904 行目でエラー：緯度が取得できませんでした。
904 行目でエラー：経度が取得できませんでした。
918 行目でエラー：緯度が取得できませんでした。
918 行目でエラー：経度が取得できませんでした。
919 行目でエラー：緯度が取得できませんでした。
919 行目でエラー：経度が取得できませんでした。
932 行目でエラー：緯度が取得できませんでした。
932 行目でエラー：経度が取得できませんでした。
933 行目でエラー：緯度が取得できませんでした。
933 行目でエラー：経度が取得できませんでした。
934 行目でエラー：緯度が取得できませんでした。
934 行目でエラー：経度が取得できませんでした。
934 行目でエラー：都道府県が判定できませんでした。
946 行目でエラー：緯度が取得できませんでした。
946 行目でエラー：経度が取得できませんでした。
946 行目でエラー：都道府県が判定できませんでした。
947 行目でエラー：緯度が取得できませんでした。
947 行目でエラー：経度が取得できませんでした。
948 行目でエラー：緯度が取得できませんでした。
948 行目でエラー：経度が取得できませんでした。
960 行目でエラー：緯度が取得できませんでした。
960 行目でエラー：経度が取得できませんでした。
961 行目でエラー：緯度が取得できませんでした。
961 行目でエラー：経度が取得できませんでした。
962 行目でエラー：緯度が取得できませんでした。
962 行目でエラー：経度が取得できませんでした。
974 行目でエラー：緯度が取得できませんでした。
974 行目でエラー：経度が取得できませんでした。
975 行目でエラー：緯度が取得できませんでした。
975 行目でエラー：経度が取得できませんでした。
988 行目でエラー：緯度が取得できませんでした。
988 行目でエラー：経度が取得できませんでした。
989 行目でエラー：緯度が取得できませんでした。
989 行目でエラー：経度が取得できませんでした。
1054 行目でエラー：緯度が取得できませんでした。
1054 行目でエラー：経度が取得できませんでした。
1068 行目でエラー：緯度が取得できませんでした。
1068 行目でエラー：経度が取得できませんでした。
1069 行目でエラー：緯度が取得できませんでした。
1069 行目でエラー：経度が取得できませんでした。
1140 行目でエラー：緯度が取得できませんでした。
1140 行目でエラー：経度が取得できませんでした。
1154 行目でエラー：緯度が取得できませんでした。
1154 行目でエラー：経度が取得できませんでした。
1159 行目でエラー：緯度が取得できませんでした。
1159 行目でエラー：経度が取得できませんでした。
1168 行目でエラー：緯度が取得できませんでした。
1168 行目でエラー：経度が取得できませんでした。
1169 行目でエラー：緯度が取得できませんでした。
1169 行目でエラー：経度が取得できませんでした。
1260 行目でエラー：緯度が取得できませんでした。
1260 行目でエラー：経度が取得できませんでした。
1260 行目でエラー：都道府県が判定できませんでした。
1266 行目でエラー：緯度が取得できませんでした。
1266 行目でエラー：経度が取得できませんでした。
1266 行目でエラー：都道府県が判定できませんでした。
1272 行目でエラー：緯度が取得できませんでした。
1272 行目でエラー：経度が取得できませんでした。
1272 行目でエラー：都道府県が判定できませんでした。
1279 行目でエラー：緯度が取得できませんでした。
1279 行目でエラー：経度が取得できませんでした。
1279 行目でエラー：都道府県が判定できませんでした。
1286 行目でエラー：緯度が取得できませんでした。
1286 行目でエラー：経度が取得できませんでした。
1286 行目でエラー：都道府県が判定できませんでした。
1301 行目でエラー：緯度が取得できませんでした。
1301 行目でエラー：経度が取得できませんでした。
1312 行目でエラー：緯度が取得できませんでした。
1312 行目でエラー：経度が取得できませんでした。
1312 行目でエラー：都道府県が判定できませんでした。
1340 行目でエラー：緯度が取得できませんでした。
1340 行目でエラー：経度が取得できませんでした。
1343 行目でエラー：緯度が取得できませんでした。
1343 行目でエラー：経度が取得できませんでした。
1360 行目でエラー：緯度が取得できませんでした。
1360 行目でエラー：経度が取得できませんでした。
1372 行目でエラー：緯度が取得できませんでした。
1372 行目でエラー：経度が取得できませんでした。
1387 行目でエラー：緯度が取得できませんでした。
1387 行目でエラー：経度が取得できませんでした。
1389 行目でエラー：緯度が取得できませんでした。
1389 行目でエラー：経度が取得できませんでした。
1391 行目でエラー：緯度が取得できませんでした。
1391 行目でエラー：経度が取得できませんでした。
1402 行目でエラー：緯度が取得できませんでした。
1402 行目でエラー：経度が取得できませんでした。
1419 行目でエラー：緯度が取得できませんでした。
1419 行目でエラー：経度が取得できませんでした。
1420 行目でエラー：緯度が取得できませんでした。
1420 行目でエラー：経度が取得できませんでした。
1421 行目でエラー：緯度が取得できませんでした。
1421 行目でエラー：経度が取得できませんでした。
1433 行目でエラー：緯度が取得できませんでした。
1433 行目でエラー：経度が取得できませんでした。
1435 行目でエラー：緯度が取得できませんでした。
1435 行目でエラー：経度が取得できませんでした。
1437 行目でエラー：緯度が取得できませんでした。
1437 行目でエラー：経度が取得できませんでした。
1438 行目でエラー：緯度が取得できませんでした。
1438 行目でエラー：経度が取得できませんでした。
1466 行目でエラー：緯度が取得できませんでした。
1466 行目でエラー：経度が取得できませんでした。
1467 行目でエラー：緯度が取得できませんでした。
1467 行目でエラー：経度が取得できませんでした。
1469 行目でエラー：緯度が取得できませんでした。
1469 行目でエラー：経度が取得できませんでした。
1470 行目でエラー：緯度が取得できませんでした。
1470 行目でエラー：経度が取得できませんでした。
1471 行目でエラー：緯度が取得できませんでした。
1471 行目でエラー：経度が取得できませんでした。
1473 行目でエラー：緯度が取得できませんでした。
1473 行目でエラー：経度が取得できませんでした。
1484 行目でエラー：緯度が取得できませんでした。
1484 行目でエラー：経度が取得できませんでした。
1487 行目でエラー：緯度が取得できませんでした。
1487 行目でエラー：経度が取得できませんでした。
1489 行目でエラー：緯度が取得できませんでした。
1489 行目でエラー：経度が取得できませんでした。
1491 行目でエラー：緯度が取得できませんでした。
1491 行目でエラー：経度が取得できませんでした。
1493 行目でエラー：緯度が取得できませんでした。
1493 行目でエラー：経度が取得できませんでした。
1508 行目でエラー：緯度が取得できませんでした。
1508 行目でエラー：経度が取得できませんでした。
1520 行目でエラー：緯度が取得できませんでした。
1520 行目でエラー：経度が取得できませんでした。
1521 行目でエラー：緯度が取得できませんでした。
1521 行目でエラー：経度が取得できませんでした。
1522 行目でエラー：緯度が取得できませんでした。
1522 行目でエラー：経度が取得できませんでした。
1523 行目でエラー：緯度が取得できませんでした。
1523 行目でエラー：経度が取得できませんでした。
1578 行目でエラー：緯度が取得できませんでした。
1578 行目でエラー：経度が取得できませんでした。
1579 行目でエラー：緯度が取得できませんでした。
1579 行目でエラー：経度が取得できませんでした。
1660 行目でエラー：緯度が取得できませんでした。
1660 行目でエラー：経度が取得できませんでした。
1674 行目でエラー：緯度が取得できませんでした。
1674 行目でエラー：経度が取得できませんでした。
1675 行目でエラー：緯度が取得できませんでした。
1675 行目でエラー：経度が取得できませんでした。
1687 行目でエラー：緯度が取得できませんでした。
1687 行目でエラー：経度が取得できませんでした。
1689 行目でエラー：緯度が取得できませんでした。
1689 行目でエラー：経度が取得できませんでした。
1701 行目でエラー：緯度が取得できませんでした。
1701 行目でエラー：経度が取得できませんでした。
1702 行目でエラー：緯度が取得できませんでした。
1702 行目でエラー：経度が取得できませんでした。
