34 行目でエラー：緯度が取得できませんでした。[モバイルモバイル伊勢原店]
34 行目でエラー：経度が取得できませんでした。[モバイルモバイル伊勢原店]
79 行目でエラー：緯度が取得できませんでした。[PC DEPOT長岡店]
79 行目でエラー：経度が取得できませんでした。[PC DEPOT長岡店]
84 行目でエラー：緯度が取得できませんでした。[PC DEPOT小山本店]
84 行目でエラー：経度が取得できませんでした。[PC DEPOT小山本店]
88 行目でエラー：緯度が取得できませんでした。[PC DEPOTつくば研究学園店]
88 行目でエラー：経度が取得できませんでした。[PC DEPOTつくば研究学園店]
90 行目でエラー：緯度が取得できませんでした。[PC DEPOTスマートライフららぽーと豊洲 紀伊國屋書店内店]
90 行目でエラー：経度が取得できませんでした。[PC DEPOTスマートライフららぽーと豊洲 紀伊國屋書店内店]
93 行目でエラー：緯度が取得できませんでした。[PC DEPOTスマートライフ 世田谷砧店]
93 行目でエラー：経度が取得できませんでした。[PC DEPOTスマートライフ 世田谷砧店]
94 行目でエラー：緯度が取得できませんでした。[PC DEPOTスマートライフ麻布十番店]
94 行目でエラー：経度が取得できませんでした。[PC DEPOTスマートライフ麻布十番店]
95 行目でエラー：緯度が取得できませんでした。[PC DEPOTスマートライフ 環七奥戸店]
95 行目でエラー：経度が取得できませんでした。[PC DEPOTスマートライフ 環七奥戸店]
96 行目でエラー：緯度が取得できませんでした。[PC DEPOTスマートライフ碑文谷店]
96 行目でエラー：経度が取得できませんでした。[PC DEPOTスマートライフ碑文谷店]
97 行目でエラー：緯度が取得できませんでした。[PC DEPOTスマートライフ青山店]
97 行目でエラー：経度が取得できませんでした。[PC DEPOTスマートライフ青山店]
98 行目でエラー：緯度が取得できませんでした。[PC DEPOTスマートライフ平和台店]
98 行目でエラー：経度が取得できませんでした。[PC DEPOTスマートライフ平和台店]
99 行目でエラー：緯度が取得できませんでした。[PC DEPOTスマートライフ三鷹店]
99 行目でエラー：経度が取得できませんでした。[PC DEPOTスマートライフ三鷹店]
100 行目でエラー：緯度が取得できませんでした。[PC DEPOTスマートライフ 稲城若葉台店]
100 行目でエラー：経度が取得できませんでした。[PC DEPOTスマートライフ 稲城若葉台店]
101 行目でエラー：緯度が取得できませんでした。[PC DEPOTスマートライフ 東府中店]
101 行目でエラー：経度が取得できませんでした。[PC DEPOTスマートライフ 東府中店]
102 行目でエラー：緯度が取得できませんでした。[PC DEPOTスマートライフ 花小金井店]
102 行目でエラー：経度が取得できませんでした。[PC DEPOTスマートライフ 花小金井店]
103 行目でエラー：緯度が取得できませんでした。[PC DEPOTスマートライフ調布店]
103 行目でエラー：経度が取得できませんでした。[PC DEPOTスマートライフ調布店]
104 行目でエラー：緯度が取得できませんでした。[PC DEPOTスマートライフ東大和店]
104 行目でエラー：経度が取得できませんでした。[PC DEPOTスマートライフ東大和店]
105 行目でエラー：緯度が取得できませんでした。[PC DEPOT多摩ニュータウン店]
105 行目でエラー：経度が取得できませんでした。[PC DEPOT多摩ニュータウン店]
106 行目でエラー：緯度が取得できませんでした。[PC DEPOT青梅店]
106 行目でエラー：経度が取得できませんでした。[PC DEPOT青梅店]
107 行目でエラー：緯度が取得できませんでした。[PC DEPOT狭山本店]
107 行目でエラー：経度が取得できませんでした。[PC DEPOT狭山本店]
108 行目でエラー：緯度が取得できませんでした。[PC DEPOT所沢店]
108 行目でエラー：経度が取得できませんでした。[PC DEPOT所沢店]
109 行目でエラー：緯度が取得できませんでした。[PC DEPOT幕張インター店]
109 行目でエラー：経度が取得できませんでした。[PC DEPOT幕張インター店]
110 行目でエラー：緯度が取得できませんでした。[PC DEPOT市原インター店]
110 行目でエラー：経度が取得できませんでした。[PC DEPOT市原インター店]
111 行目でエラー：緯度が取得できませんでした。[PC DEPOTスマートライフ日吉店]
111 行目でエラー：経度が取得できませんでした。[PC DEPOTスマートライフ日吉店]
112 行目でエラー：緯度が取得できませんでした。[PC DEPOTスマートライフ東名川崎店]
112 行目でエラー：経度が取得できませんでした。[PC DEPOTスマートライフ東名川崎店]
113 行目でエラー：緯度が取得できませんでした。[PC DEPOTスマートライフ 新横浜店]
113 行目でエラー：経度が取得できませんでした。[PC DEPOTスマートライフ 新横浜店]
114 行目でエラー：緯度が取得できませんでした。[PC DEPOTスマートライフみなとみらい店]
114 行目でエラー：経度が取得できませんでした。[PC DEPOTスマートライフみなとみらい店]
115 行目でエラー：緯度が取得できませんでした。[PC DEPOTスマートライフ 港南店]
115 行目でエラー：経度が取得できませんでした。[PC DEPOTスマートライフ 港南店]
116 行目でエラー：緯度が取得できませんでした。[PC DEPOTスマートライフ港北本店]
116 行目でエラー：経度が取得できませんでした。[PC DEPOTスマートライフ港北本店]
117 行目でエラー：緯度が取得できませんでした。[PC DEPOTスマートライフ十日市場店]
117 行目でエラー：経度が取得できませんでした。[PC DEPOTスマートライフ十日市場店]
118 行目でエラー：緯度が取得できませんでした。[PC DEPOTスマートライフ辻堂店]
118 行目でエラー：経度が取得できませんでした。[PC DEPOTスマートライフ辻堂店]
119 行目でエラー：緯度が取得できませんでした。[PC DEPOTスマートライフ 大和店]
119 行目でエラー：経度が取得できませんでした。[PC DEPOTスマートライフ 大和店]
120 行目でエラー：緯度が取得できませんでした。[PC DEPOT小田原東インター店]
120 行目でエラー：経度が取得できませんでした。[PC DEPOT小田原東インター店]
121 行目でエラー：緯度が取得できませんでした。[PC DEPOTスマートライフ湘南台店]
121 行目でエラー：経度が取得できませんでした。[PC DEPOTスマートライフ湘南台店]
122 行目でエラー：緯度が取得できませんでした。[PC DEPOT横須賀店]
122 行目でエラー：経度が取得できませんでした。[PC DEPOT横須賀店]
123 行目でエラー：緯度が取得できませんでした。[PC DEPOTスマートライフ松戸店]
123 行目でエラー：経度が取得できませんでした。[PC DEPOTスマートライフ松戸店]
124 行目でエラー：緯度が取得できませんでした。[PC DEPOTスマートライフ船橋店]
124 行目でエラー：経度が取得できませんでした。[PC DEPOTスマートライフ船橋店]
125 行目でエラー：緯度が取得できませんでした。[PC DEPOT鎌ヶ谷店]
125 行目でエラー：経度が取得できませんでした。[PC DEPOT鎌ヶ谷店]
126 行目でエラー：緯度が取得できませんでした。[PC DEPOT富里インター店]
126 行目でエラー：経度が取得できませんでした。[PC DEPOT富里インター店]
127 行目でエラー：緯度が取得できませんでした。[PC DEPOTスマートライフ新座店]
127 行目でエラー：経度が取得できませんでした。[PC DEPOTスマートライフ新座店]
128 行目でエラー：緯度が取得できませんでした。[PC DEPOT熊谷店]
128 行目でエラー：経度が取得できませんでした。[PC DEPOT熊谷店]
129 行目でエラー：緯度が取得できませんでした。[PC DEPOT鴻巣店]
129 行目でエラー：経度が取得できませんでした。[PC DEPOT鴻巣店]
130 行目でエラー：緯度が取得できませんでした。[PC DEPOT越谷店]
130 行目でエラー：経度が取得できませんでした。[PC DEPOT越谷店]
131 行目でエラー：緯度が取得できませんでした。[PC DEPOTスマートライフふじみ野店]
131 行目でエラー：経度が取得できませんでした。[PC DEPOTスマートライフふじみ野店]
132 行目でエラー：緯度が取得できませんでした。[PC DEPOT坂戸店]
132 行目でエラー：経度が取得できませんでした。[PC DEPOT坂戸店]
133 行目でエラー：緯度が取得できませんでした。[PC DEPOT富士店]
133 行目でエラー：経度が取得できませんでした。[PC DEPOT富士店]
134 行目でエラー：緯度が取得できませんでした。[PC DEPOT三島店]
134 行目でエラー：経度が取得できませんでした。[PC DEPOT三島店]
135 行目でエラー：緯度が取得できませんでした。[PC DEPOT岡崎羽根店]
135 行目でエラー：経度が取得できませんでした。[PC DEPOT岡崎羽根店]
136 行目でエラー：緯度が取得できませんでした。[PC DEPOT半田インター店]
136 行目でエラー：経度が取得できませんでした。[PC DEPOT半田インター店]
137 行目でエラー：緯度が取得できませんでした。[PC DEPOT一宮名岐バイパス店]
137 行目でエラー：経度が取得できませんでした。[PC DEPOT一宮名岐バイパス店]
138 行目でエラー：緯度が取得できませんでした。[PC DEPOT箕面店]
138 行目でエラー：経度が取得できませんでした。[PC DEPOT箕面店]
139 行目でエラー：緯度が取得できませんでした。[PC DEPOT岡山本店]
139 行目でエラー：経度が取得できませんでした。[PC DEPOT岡山本店]
140 行目でエラー：緯度が取得できませんでした。[PC DEPOT高松東バイパス店]
140 行目でエラー：経度が取得できませんでした。[PC DEPOT高松東バイパス店]
141 行目でエラー：緯度が取得できませんでした。[PC DEPOT土佐道路店]
141 行目でエラー：経度が取得できませんでした。[PC DEPOT土佐道路店]
142 行目でエラー：緯度が取得できませんでした。[PC DEPOT飯塚秋松店]
142 行目でエラー：経度が取得できませんでした。[PC DEPOT飯塚秋松店]
143 行目でエラー：緯度が取得できませんでした。[PC DEPOT佐賀店]
143 行目でエラー：経度が取得できませんでした。[PC DEPOT佐賀店]
144 行目でエラー：緯度が取得できませんでした。[PC DEPOT長崎店]
144 行目でエラー：経度が取得できませんでした。[PC DEPOT長崎店]
145 行目でエラー：緯度が取得できませんでした。[PC DEPOT鹿児島店]
145 行目でエラー：経度が取得できませんでした。[PC DEPOT鹿児島店]
146 行目でエラー：緯度が取得できませんでした。[ベイシア電器伊勢崎中央店]
146 行目でエラー：経度が取得できませんでした。[ベイシア電器伊勢崎中央店]
147 行目でエラー：緯度が取得できませんでした。[ベイシア電器前橋モール店]
147 行目でエラー：経度が取得できませんでした。[ベイシア電器前橋モール店]
148 行目でエラー：緯度が取得できませんでした。[ベイシア電器前橋みなみモール店]
148 行目でエラー：経度が取得できませんでした。[ベイシア電器前橋みなみモール店]
149 行目でエラー：緯度が取得できませんでした。[ベイシア電器おおたモール店]
149 行目でエラー：経度が取得できませんでした。[ベイシア電器おおたモール店]
150 行目でエラー：緯度が取得できませんでした。[ベイシア電器吾妻店]
150 行目でエラー：経度が取得できませんでした。[ベイシア電器吾妻店]
151 行目でエラー：緯度が取得できませんでした。[ベイシア電器大田原店]
151 行目でエラー：経度が取得できませんでした。[ベイシア電器大田原店]
152 行目でエラー：緯度が取得できませんでした。[ベイシア電器今市店]
152 行目でエラー：経度が取得できませんでした。[ベイシア電器今市店]
153 行目でエラー：緯度が取得できませんでした。[ベイシア電器ひだかモール店]
153 行目でエラー：経度が取得できませんでした。[ベイシア電器ひだかモール店]
154 行目でエラー：緯度が取得できませんでした。[ベイシア電器佐倉店]
154 行目でエラー：経度が取得できませんでした。[ベイシア電器佐倉店]
155 行目でエラー：緯度が取得できませんでした。[ベイシア電器行田店]
155 行目でエラー：経度が取得できませんでした。[ベイシア電器行田店]
156 行目でエラー：緯度が取得できませんでした。[ベイシア電器花園インター店]
156 行目でエラー：経度が取得できませんでした。[ベイシア電器花園インター店]
157 行目でエラー：緯度が取得できませんでした。[ベイシア電器嵐山店]
157 行目でエラー：経度が取得できませんでした。[ベイシア電器嵐山店]
158 行目でエラー：緯度が取得できませんでした。[ベイシア電器浜松都田テクノ店]
158 行目でエラー：経度が取得できませんでした。[ベイシア電器浜松都田テクノ店]
159 行目でエラー：緯度が取得できませんでした。[ベイシア電器大東店]
159 行目でエラー：経度が取得できませんでした。[ベイシア電器大東店]
160 行目でエラー：緯度が取得できませんでした。[ベイシア電器榛原店]
160 行目でエラー：経度が取得できませんでした。[ベイシア電器榛原店]
161 行目でエラー：緯度が取得できませんでした。[パソコンの館　秋田店]
161 行目でエラー：経度が取得できませんでした。[パソコンの館　秋田店]
162 行目でエラー：緯度が取得できませんでした。[ZOA　相模原店]
162 行目でエラー：経度が取得できませんでした。[ZOA　相模原店]
163 行目でエラー：緯度が取得できませんでした。[ZOA　厚木店]
163 行目でエラー：経度が取得できませんでした。[ZOA　厚木店]
164 行目でエラー：緯度が取得できませんでした。[ZOA　豊橋店]
164 行目でエラー：経度が取得できませんでした。[ZOA　豊橋店]
165 行目でエラー：緯度が取得できませんでした。[ZOAナガシマ浜松高塚店]
165 行目でエラー：経度が取得できませんでした。[ZOAナガシマ浜松高塚店]
166 行目でエラー：緯度が取得できませんでした。[OAナガシマ　浜松西インター店]
166 行目でエラー：経度が取得できませんでした。[OAナガシマ　浜松西インター店]
167 行目でエラー：緯度が取得できませんでした。[OAナガシマ　浜松本店]
167 行目でエラー：経度が取得できませんでした。[OAナガシマ　浜松本店]
168 行目でエラー：緯度が取得できませんでした。[OAナガシマ　掛川店]
168 行目でエラー：経度が取得できませんでした。[OAナガシマ　掛川店]
169 行目でエラー：緯度が取得できませんでした。[OAナガシマ　静岡国吉田店]
169 行目でエラー：経度が取得できませんでした。[OAナガシマ　静岡国吉田店]
170 行目でエラー：緯度が取得できませんでした。[OAナガシマ　静岡流通どおり店]
170 行目でエラー：経度が取得できませんでした。[OAナガシマ　静岡流通どおり店]
171 行目でエラー：緯度が取得できませんでした。[OAナガシマ　富士宮店]
171 行目でエラー：経度が取得できませんでした。[OAナガシマ　富士宮店]
172 行目でエラー：緯度が取得できませんでした。[OAナガシマ　富士店]
172 行目でエラー：経度が取得できませんでした。[OAナガシマ　富士店]
173 行目でエラー：緯度が取得できませんでした。[OAナガシマ　志太店]
173 行目でエラー：経度が取得できませんでした。[OAナガシマ　志太店]
174 行目でエラー：緯度が取得できませんでした。[OAナガシマ　御殿場店]
174 行目でエラー：経度が取得できませんでした。[OAナガシマ　御殿場店]
175 行目でエラー：緯度が取得できませんでした。[ZOA　山梨中央店]
175 行目でエラー：経度が取得できませんでした。[ZOA　山梨中央店]
176 行目でエラー：緯度が取得できませんでした。[OAナガシマ　沼津本店]
176 行目でエラー：経度が取得できませんでした。[OAナガシマ　沼津本店]
177 行目でエラー：緯度が取得できませんでした。[OAナガシマ　沼津卸団地店]
177 行目でエラー：経度が取得できませんでした。[OAナガシマ　沼津卸団地店]
178 行目でエラー：緯度が取得できませんでした。[パソコンの館　金沢店]
178 行目でエラー：経度が取得できませんでした。[パソコンの館　金沢店]
179 行目でエラー：緯度が取得できませんでした。[パソコンの館　富山店]
179 行目でエラー：経度が取得できませんでした。[パソコンの館　富山店]
180 行目でエラー：緯度が取得できませんでした。[パソコンの館　福井店]
180 行目でエラー：経度が取得できませんでした。[パソコンの館　福井店]
181 行目でエラー：緯度が取得できませんでした。[パソコンの館　姫路店]
181 行目でエラー：経度が取得できませんでした。[パソコンの館　姫路店]
182 行目でエラー：緯度が取得できませんでした。[ZOA　岡山店]
182 行目でエラー：経度が取得できませんでした。[ZOA　岡山店]
183 行目でエラー：緯度が取得できませんでした。[ZOA　徳島店]
183 行目でエラー：経度が取得できませんでした。[ZOA　徳島店]
184 行目でエラー：緯度が取得できませんでした。[ビックカメラ札幌店]
184 行目でエラー：経度が取得できませんでした。[ビックカメラ札幌店]
185 行目でエラー：緯度が取得できませんでした。[コジマ×ビックカメラ卸団地店]
185 行目でエラー：経度が取得できませんでした。[コジマ×ビックカメラ卸団地店]
186 行目でエラー：緯度が取得できませんでした。[コジマ×ビックカメラいわき店]
186 行目でエラー：経度が取得できませんでした。[コジマ×ビックカメラいわき店]
187 行目でエラー：緯度が取得できませんでした。[ビックカメラ新潟店]
187 行目でエラー：経度が取得できませんでした。[ビックカメラ新潟店]
188 行目でエラー：緯度が取得できませんでした。[BIC Apple製品修理カウンター MIDORI長野店]
188 行目でエラー：経度が取得できませんでした。[BIC Apple製品修理カウンター MIDORI長野店]
189 行目でエラー：緯度が取得できませんでした。[ビックカメラ高崎東口店]
189 行目でエラー：経度が取得できませんでした。[ビックカメラ高崎東口店]
190 行目でエラー：緯度が取得できませんでした。[コジマ×ビックカメラ高崎店]
190 行目でエラー：経度が取得できませんでした。[コジマ×ビックカメラ高崎店]
191 行目でエラー：緯度が取得できませんでした。[コジマ×ビックカメラ小山店]
191 行目でエラー：経度が取得できませんでした。[コジマ×ビックカメラ小山店]
192 行目でエラー：緯度が取得できませんでした。[コジマ×ビックカメラ宇都宮本店]
192 行目でエラー：経度が取得できませんでした。[コジマ×ビックカメラ宇都宮本店]
193 行目でエラー：緯度が取得できませんでした。[ビックカメラ水戸駅店]
193 行目でエラー：経度が取得できませんでした。[ビックカメラ水戸駅店]
194 行目でエラー：緯度が取得できませんでした。[ビックロビックカメラ新宿東口店]
194 行目でエラー：経度が取得できませんでした。[ビックロビックカメラ新宿東口店]
195 行目でエラー：緯度が取得できませんでした。[ビックカメラ渋谷ハチ公口店]
195 行目でエラー：経度が取得できませんでした。[ビックカメラ渋谷ハチ公口店]
196 行目でエラー：緯度が取得できませんでした。[ビックカメラアウトレット池袋東口店]
196 行目でエラー：経度が取得できませんでした。[ビックカメラアウトレット池袋東口店]
197 行目でエラー：緯度が取得できませんでした。[ビックカメラ池袋東口カメラ館]
197 行目でエラー：経度が取得できませんでした。[ビックカメラ池袋東口カメラ館]
198 行目でエラー：緯度が取得できませんでした。[ビックカメラ有楽町店]
198 行目でエラー：経度が取得できませんでした。[ビックカメラ有楽町店]
199 行目でエラー：緯度が取得できませんでした。[ビックカメラ新宿東口駅前店]
199 行目でエラー：経度が取得できませんでした。[ビックカメラ新宿東口駅前店]
200 行目でエラー：緯度が取得できませんでした。[ビックカメラ新宿西口店]
200 行目でエラー：経度が取得できませんでした。[ビックカメラ新宿西口店]
201 行目でエラー：緯度が取得できませんでした。[ビックカメラ池袋本店]
201 行目でエラー：経度が取得できませんでした。[ビックカメラ池袋本店]
202 行目でエラー：緯度が取得できませんでした。[ビックカメラ池袋西口店]
202 行目でエラー：経度が取得できませんでした。[ビックカメラ池袋西口店]
203 行目でエラー：緯度が取得できませんでした。[ビックカメラ渋谷東口店]
203 行目でエラー：経度が取得できませんでした。[ビックカメラ渋谷東口店]
204 行目でエラー：緯度が取得できませんでした。[コジマ×ビックカメラ用賀店]
204 行目でエラー：経度が取得できませんでした。[コジマ×ビックカメラ用賀店]
205 行目でエラー：緯度が取得できませんでした。[Air BICCAMERA羽田空港国際線ターミナル店]
205 行目でエラー：経度が取得できませんでした。[Air BICCAMERA羽田空港国際線ターミナル店]
206 行目でエラー：緯度が取得できませんでした。[コジマ×ビックカメラ江戸川店]
206 行目でエラー：経度が取得できませんでした。[コジマ×ビックカメラ江戸川店]
207 行目でエラー：緯度が取得できませんでした。[コジマ×ビックカメラ志村店]
207 行目でエラー：経度が取得できませんでした。[コジマ×ビックカメラ志村店]
208 行目でエラー：緯度が取得できませんでした。[ビックカメラ池袋本店パソコン館]
208 行目でエラー：経度が取得できませんでした。[ビックカメラ池袋本店パソコン館]
209 行目でエラー：緯度が取得できませんでした。[ソフマップ秋葉原本館]
209 行目でエラー：経度が取得できませんでした。[ソフマップ秋葉原本館]
210 行目でエラー：緯度が取得できませんでした。[ビックカメラ赤坂見附駅店]
210 行目でエラー：経度が取得できませんでした。[ビックカメラ赤坂見附駅店]
211 行目でエラー：緯度が取得できませんでした。[ビックカメラ聖蹟桜ヶ丘駅店]
211 行目でエラー：経度が取得できませんでした。[ビックカメラ聖蹟桜ヶ丘駅店]
212 行目でエラー：緯度が取得できませんでした。[コジマ×ビックカメラ福生店]
212 行目でエラー：経度が取得できませんでした。[コジマ×ビックカメラ福生店]
213 行目でエラー：緯度が取得できませんでした。[ビックカメラ立川店]
213 行目でエラー：経度が取得できませんでした。[ビックカメラ立川店]
214 行目でエラー：緯度が取得できませんでした。[ビックカメラJR八王子駅店]
214 行目でエラー：経度が取得できませんでした。[ビックカメラJR八王子駅店]
215 行目でエラー：緯度が取得できませんでした。[コジマ×ビックカメラ八王子高倉店]
215 行目でエラー：経度が取得できませんでした。[コジマ×ビックカメラ八王子高倉店]
216 行目でエラー：緯度が取得できませんでした。[ビックカメラ相模大野駅店]
216 行目でエラー：経度が取得できませんでした。[ビックカメラ相模大野駅店]
217 行目でエラー：緯度が取得できませんでした。[ビックカメラアウトレット町田]
217 行目でエラー：経度が取得できませんでした。[ビックカメラアウトレット町田]
218 行目でエラー：緯度が取得できませんでした。[ビックカメララゾーナ川崎店]
218 行目でエラー：経度が取得できませんでした。[ビックカメララゾーナ川崎店]
219 行目でエラー：緯度が取得できませんでした。[コジマ×ビックカメラ梶ヶ谷店]
219 行目でエラー：経度が取得できませんでした。[コジマ×ビックカメラ梶ヶ谷店]
220 行目でエラー：緯度が取得できませんでした。[ビックカメラ横浜西口店]
220 行目でエラー：経度が取得できませんでした。[ビックカメラ横浜西口店]
221 行目でエラー：緯度が取得できませんでした。[ビックカメラアウトレット横浜ビブレ店]
221 行目でエラー：経度が取得できませんでした。[ビックカメラアウトレット横浜ビブレ店]
222 行目でエラー：緯度が取得できませんでした。[コジマ×ビックカメラ横浜大口店]
222 行目でエラー：経度が取得できませんでした。[コジマ×ビックカメラ横浜大口店]
223 行目でエラー：緯度が取得できませんでした。[ビックカメラ新横浜店]
223 行目でエラー：経度が取得できませんでした。[ビックカメラ新横浜店]
224 行目でエラー：緯度が取得できませんでした。[コジマ×ビックカメラ港北東急S.C.店]
224 行目でエラー：経度が取得できませんでした。[コジマ×ビックカメラ港北東急S.C.店]
225 行目でエラー：緯度が取得できませんでした。[ビックカメラ藤沢店]
225 行目でエラー：経度が取得できませんでした。[ビックカメラ藤沢店]
226 行目でエラー：緯度が取得できませんでした。[コジマ×ビックカメラ横須賀店]
226 行目でエラー：経度が取得できませんでした。[コジマ×ビックカメラ横須賀店]
227 行目でエラー：緯度が取得できませんでした。[コジマ×ビックカメラ柏店]
227 行目でエラー：経度が取得できませんでした。[コジマ×ビックカメラ柏店]
228 行目でエラー：緯度が取得できませんでした。[ビックカメラ柏店]
228 行目でエラー：経度が取得できませんでした。[ビックカメラ柏店]
229 行目でエラー：緯度が取得できませんでした。[ビックカメラ船橋駅店]
229 行目でエラー：経度が取得できませんでした。[ビックカメラ船橋駅店]
230 行目でエラー：緯度が取得できませんでした。[コジマ×ビックカメラ新座店]
230 行目でエラー：経度が取得できませんでした。[コジマ×ビックカメラ新座店]
231 行目でエラー：緯度が取得できませんでした。[ビックカメラ大宮西口そごう店]
231 行目でエラー：経度が取得できませんでした。[ビックカメラ大宮西口そごう店]
232 行目でエラー：緯度が取得できませんでした。[ソフマップ大宮店]
232 行目でエラー：経度が取得できませんでした。[ソフマップ大宮店]
233 行目でエラー：緯度が取得できませんでした。[コジマ×ビックカメラアクロスプラザ三芳店]
233 行目でエラー：経度が取得できませんでした。[コジマ×ビックカメラアクロスプラザ三芳店]
234 行目でエラー：緯度が取得できませんでした。[ビックカメラ名古屋駅西店]
234 行目でエラー：経度が取得できませんでした。[ビックカメラ名古屋駅西店]
235 行目でエラー：緯度が取得できませんでした。[ビックカメラ 名古屋JRゲートタワー店]
235 行目でエラー：経度が取得できませんでした。[ビックカメラ 名古屋JRゲートタワー店]
236 行目でエラー：緯度が取得できませんでした。[コジマ×ビックカメラ熱田店]
236 行目でエラー：経度が取得できませんでした。[コジマ×ビックカメラ熱田店]
237 行目でエラー：緯度が取得できませんでした。[ビックカメラ浜松店]
237 行目でエラー：経度が取得できませんでした。[ビックカメラ浜松店]
238 行目でエラー：緯度が取得できませんでした。[コジマ×ビックカメラ静岡店]
238 行目でエラー：経度が取得できませんでした。[コジマ×ビックカメラ静岡店]
239 行目でエラー：緯度が取得できませんでした。[コジマ×ビックカメラ有松ｲﾝﾀｰ店]
239 行目でエラー：経度が取得できませんでした。[コジマ×ビックカメラ有松ｲﾝﾀｰ店]
240 行目でエラー：緯度が取得できませんでした。[ビックカメラ あべのキューズモール店]
240 行目でエラー：経度が取得できませんでした。[ビックカメラ あべのキューズモール店]
241 行目でエラー：緯度が取得できませんでした。[ビックカメラ アウトレットなんば店ザウルス２]
241 行目でエラー：経度が取得できませんでした。[ビックカメラ アウトレットなんば店ザウルス２]
242 行目でエラー：緯度が取得できませんでした。[ビックカメラなんば店]
242 行目でエラー：経度が取得できませんでした。[ビックカメラなんば店]
243 行目でエラー：緯度が取得できませんでした。[コジマ×ビックカメラ茨木店]
243 行目でエラー：経度が取得できませんでした。[コジマ×ビックカメラ茨木店]
244 行目でエラー：緯度が取得できませんでした。[ビックカメラJR京都駅店]
244 行目でエラー：経度が取得できませんでした。[ビックカメラJR京都駅店]
245 行目でエラー：緯度が取得できませんでした。[ソフマップ神戸ハーバーランド店]
245 行目でエラー：経度が取得できませんでした。[ソフマップ神戸ハーバーランド店]
246 行目でエラー：緯度が取得できませんでした。[ビックカメラ広島駅前店]
246 行目でエラー：経度が取得できませんでした。[ビックカメラ広島駅前店]
247 行目でエラー：緯度が取得できませんでした。[コジマ×ビックカメラ広島ｲﾝﾀｰ緑井店]
247 行目でエラー：経度が取得できませんでした。[コジマ×ビックカメラ広島ｲﾝﾀｰ緑井店]
248 行目でエラー：緯度が取得できませんでした。[ビックカメラ岡山駅前店]
248 行目でエラー：経度が取得できませんでした。[ビックカメラ岡山駅前店]
249 行目でエラー：緯度が取得できませんでした。[ビックカメラ天神２号館]
249 行目でエラー：経度が取得できませんでした。[ビックカメラ天神２号館]
250 行目でエラー：緯度が取得できませんでした。[ビックカメラ天神１号館]
250 行目でエラー：経度が取得できませんでした。[ビックカメラ天神１号館]
251 行目でエラー：緯度が取得できませんでした。[コジマ×ビックカメライオンモール沖縄ライカム店]
251 行目でエラー：経度が取得できませんでした。[コジマ×ビックカメライオンモール沖縄ライカム店]
252 行目でエラー：緯度が取得できませんでした。[ビックカメラ鹿児島中央駅店]
252 行目でエラー：経度が取得できませんでした。[ビックカメラ鹿児島中央駅店]
253 行目でエラー：緯度が取得できませんでした。[リンゴ屋　鳥取駅南店]
253 行目でエラー：経度が取得できませんでした。[リンゴ屋　鳥取駅南店]
254 行目でエラー：緯度が取得できませんでした。[リンゴ屋　倉吉駅前店]
254 行目でエラー：経度が取得できませんでした。[リンゴ屋　倉吉駅前店]
255 行目でエラー：緯度が取得できませんでした。[オオタ屋　倉吉駅前店]
255 行目でエラー：経度が取得できませんでした。[オオタ屋　倉吉駅前店]
256 行目でエラー：緯度が取得できませんでした。[iBase 蒲田店]
256 行目でエラー：経度が取得できませんでした。[iBase 蒲田店]
257 行目でエラー：緯度が取得できませんでした。[ノジマ五泉店]
257 行目でエラー：経度が取得できませんでした。[ノジマ五泉店]
258 行目でエラー：緯度が取得できませんでした。[ノジマ水原店]
258 行目でエラー：経度が取得できませんでした。[ノジマ水原店]
259 行目でエラー：緯度が取得できませんでした。[ノジマ　イオン新潟西店]
259 行目でエラー：経度が取得できませんでした。[ノジマ　イオン新潟西店]
260 行目でエラー：緯度が取得できませんでした。[ノジマ イオン新潟南店]
260 行目でエラー：経度が取得できませんでした。[ノジマ イオン新潟南店]
261 行目でエラー：緯度が取得できませんでした。[ノジマ村上店]
261 行目でエラー：経度が取得できませんでした。[ノジマ村上店]
262 行目でエラー：緯度が取得できませんでした。[ノジマ巻店]
262 行目でエラー：経度が取得できませんでした。[ノジマ巻店]
263 行目でエラー：緯度が取得できませんでした。[ノジマ十日町店]
263 行目でエラー：経度が取得できませんでした。[ノジマ十日町店]
264 行目でエラー：緯度が取得できませんでした。[ノジマ小出店]
264 行目でエラー：経度が取得できませんでした。[ノジマ小出店]
265 行目でエラー：緯度が取得できませんでした。[ノジマ見附店]
265 行目でエラー：経度が取得できませんでした。[ノジマ見附店]
266 行目でエラー：緯度が取得できませんでした。[ノジマ佐渡店]
266 行目でエラー：経度が取得できませんでした。[ノジマ佐渡店]
267 行目でエラー：緯度が取得できませんでした。[ノジマ 豊科店]
267 行目でエラー：経度が取得できませんでした。[ノジマ 豊科店]
268 行目でエラー：緯度が取得できませんでした。[ノジマ　イオンタウン守谷店]
268 行目でエラー：経度が取得できませんでした。[ノジマ　イオンタウン守谷店]
269 行目でエラー：緯度が取得できませんでした。[ノジマ　イオン土浦店]
269 行目でエラー：経度が取得できませんでした。[ノジマ　イオン土浦店]
270 行目でエラー：緯度が取得できませんでした。[ノジマ　イオンつくば店]
270 行目でエラー：経度が取得できませんでした。[ノジマ　イオンつくば店]
271 行目でエラー：緯度が取得できませんでした。[ノジマ　イーアスつくば店]
271 行目でエラー：経度が取得できませんでした。[ノジマ　イーアスつくば店]
272 行目でエラー：緯度が取得できませんでした。[ノジマ 豊洲店]
272 行目でエラー：経度が取得できませんでした。[ノジマ 豊洲店]
273 行目でエラー：緯度が取得できませんでした。[ノジマ 北千住マルイ店]
273 行目でエラー：経度が取得できませんでした。[ノジマ 北千住マルイ店]
274 行目でエラー：緯度が取得できませんでした。[ノジマ 千住大橋店]
274 行目でエラー：経度が取得できませんでした。[ノジマ 千住大橋店]
275 行目でエラー：緯度が取得できませんでした。[ノジマモバイル 島忠ホームズ仙川店]
275 行目でエラー：経度が取得できませんでした。[ノジマモバイル 島忠ホームズ仙川店]
276 行目でエラー：緯度が取得できませんでした。[ノジマ 阿佐ヶ谷店]
276 行目でエラー：経度が取得できませんでした。[ノジマ 阿佐ヶ谷店]
277 行目でエラー：緯度が取得できませんでした。[ノジマ 亀有店]
277 行目でエラー：経度が取得できませんでした。[ノジマ 亀有店]
278 行目でエラー：緯度が取得できませんでした。[ノジマ アリオ北砂店]
278 行目でエラー：経度が取得できませんでした。[ノジマ アリオ北砂店]
279 行目でエラー：緯度が取得できませんでした。[ノジマ 江戸川店]
279 行目でエラー：経度が取得できませんでした。[ノジマ 江戸川店]
280 行目でエラー：緯度が取得できませんでした。[ノジマ 葛西店]
280 行目でエラー：経度が取得できませんでした。[ノジマ 葛西店]
281 行目でエラー：緯度が取得できませんでした。[ノジマ 浅草EKIMISE店]
281 行目でエラー：経度が取得できませんでした。[ノジマ 浅草EKIMISE店]
282 行目でエラー：緯度が取得できませんでした。[ノジマ 西新井店]
282 行目でエラー：経度が取得できませんでした。[ノジマ 西新井店]
283 行目でエラー：緯度が取得できませんでした。[ノジマ 赤羽北本通り店]
283 行目でエラー：経度が取得できませんでした。[ノジマ 赤羽北本通り店]
284 行目でエラー：緯度が取得できませんでした。[ノジマ 成増店]
284 行目でエラー：経度が取得できませんでした。[ノジマ 成増店]
285 行目でエラー：緯度が取得できませんでした。[ノジマ 多摩センター店]
285 行目でエラー：経度が取得できませんでした。[ノジマ 多摩センター店]
286 行目でエラー：緯度が取得できませんでした。[ノジマ 国分寺店]
286 行目でエラー：経度が取得できませんでした。[ノジマ 国分寺店]
287 行目でエラー：緯度が取得できませんでした。[ノジマ 小平店]
287 行目でエラー：経度が取得できませんでした。[ノジマ 小平店]
288 行目でエラー：緯度が取得できませんでした。[ノジマ 若葉台店]
288 行目でエラー：経度が取得できませんでした。[ノジマ 若葉台店]
289 行目でエラー：緯度が取得できませんでした。[ノジマ 府中四谷店]
289 行目でエラー：経度が取得できませんでした。[ノジマ 府中四谷店]
290 行目でエラー：緯度が取得できませんでした。[ノジマ グリナード永山店]
290 行目でエラー：経度が取得できませんでした。[ノジマ グリナード永山店]
291 行目でエラー：緯度が取得できませんでした。[でんわ館 府中店]
291 行目でエラー：経度が取得できませんでした。[でんわ館 府中店]
292 行目でエラー：緯度が取得できませんでした。[ノジマ 久米川店]
292 行目でエラー：経度が取得できませんでした。[ノジマ 久米川店]
293 行目でエラー：緯度が取得できませんでした。[ノジマ 調布パルコ店]
293 行目でエラー：経度が取得できませんでした。[ノジマ 調布パルコ店]
294 行目でエラー：緯度が取得できませんでした。[ノジマ イオンモールむさし村山店]
294 行目でエラー：経度が取得できませんでした。[ノジマ イオンモールむさし村山店]
295 行目でエラー：緯度が取得できませんでした。[ノジマ 日の出店]
295 行目でエラー：経度が取得できませんでした。[ノジマ 日の出店]
296 行目でエラー：緯度が取得できませんでした。[ノジマ 八王子みなみ野店]
296 行目でエラー：経度が取得できませんでした。[ノジマ 八王子みなみ野店]
297 行目でエラー：緯度が取得できませんでした。[ノジマ 南大沢店]
297 行目でエラー：経度が取得できませんでした。[ノジマ 南大沢店]
298 行目でエラー：緯度が取得できませんでした。[ノジマ 西八王子店]
298 行目でエラー：経度が取得できませんでした。[ノジマ 西八王子店]
299 行目でエラー：緯度が取得できませんでした。[ノジマ NEW鶴川店]
299 行目でエラー：経度が取得できませんでした。[ノジマ NEW鶴川店]
300 行目でエラー：緯度が取得できませんでした。[ノジマ相模原本店]
300 行目でエラー：経度が取得できませんでした。[ノジマ相模原本店]
301 行目でエラー：緯度が取得できませんでした。[ノジマ NEW城山店]
301 行目でエラー：経度が取得できませんでした。[ノジマ NEW城山店]
302 行目でエラー：緯度が取得できませんでした。[ノジマ 忠生店]
302 行目でエラー：経度が取得できませんでした。[ノジマ 忠生店]
303 行目でエラー：緯度が取得できませんでした。[ノジマ NEW青梅デジタル館]
303 行目でエラー：経度が取得できませんでした。[ノジマ NEW青梅デジタル館]
304 行目でエラー：緯度が取得できませんでした。[ノジマ 所沢本店]
304 行目でエラー：経度が取得できませんでした。[ノジマ 所沢本店]
305 行目でエラー：緯度が取得できませんでした。[ノジマ 新所沢パルコ店]
305 行目でエラー：経度が取得できませんでした。[ノジマ 新所沢パルコ店]
306 行目でエラー：緯度が取得できませんでした。[ノジマ 東所沢店]
306 行目でエラー：経度が取得できませんでした。[ノジマ 東所沢店]
307 行目でエラー：緯度が取得できませんでした。[ノジマ 入間店]
307 行目でエラー：経度が取得できませんでした。[ノジマ 入間店]
308 行目でエラー：緯度が取得できませんでした。[ノジマ イオンモール幕張新都心店]
308 行目でエラー：経度が取得できませんでした。[ノジマ イオンモール幕張新都心店]
309 行目でエラー：緯度が取得できませんでした。[ノジマ　イオンタウン ユーカリが丘店]
309 行目でエラー：経度が取得できませんでした。[ノジマ　イオンタウン ユーカリが丘店]
310 行目でエラー：緯度が取得できませんでした。[ノジマ 市原店]
310 行目でエラー：経度が取得できませんでした。[ノジマ 市原店]
311 行目でエラー：緯度が取得できませんでした。[ノジマ ユニモちはら台店]
311 行目でエラー：経度が取得できませんでした。[ノジマ ユニモちはら台店]
312 行目でエラー：緯度が取得できませんでした。[ノジマ イオンモール木更津店]
312 行目でエラー：経度が取得できませんでした。[ノジマ イオンモール木更津店]
313 行目でエラー：緯度が取得できませんでした。[ノジマ 川崎小田栄店]
313 行目でエラー：経度が取得できませんでした。[ノジマ 川崎小田栄店]
314 行目でエラー：緯度が取得できませんでした。[ノジマ 川崎中原店]
314 行目でエラー：経度が取得できませんでした。[ノジマ 川崎中原店]
315 行目でエラー：緯度が取得できませんでした。[ノジマ マルイファミリー溝口店]
315 行目でエラー：経度が取得できませんでした。[ノジマ マルイファミリー溝口店]
316 行目でエラー：緯度が取得できませんでした。[ノジマ 東名川崎店]
316 行目でエラー：経度が取得できませんでした。[ノジマ 東名川崎店]
317 行目でエラー：緯度が取得できませんでした。[ノジマ 向ヶ丘店]
317 行目でエラー：経度が取得できませんでした。[ノジマ 向ヶ丘店]
318 行目でエラー：緯度が取得できませんでした。[ノジマモバイル　アコルデ新百合ヶ丘店]
318 行目でエラー：経度が取得できませんでした。[ノジマモバイル　アコルデ新百合ヶ丘店]
319 行目でエラー：緯度が取得できませんでした。[ノジマ 希望が丘店]
319 行目でエラー：経度が取得できませんでした。[ノジマ 希望が丘店]
320 行目でエラー：緯度が取得できませんでした。[ノジマ トレッサ横浜店]
320 行目でエラー：経度が取得できませんでした。[ノジマ トレッサ横浜店]
321 行目でエラー：緯度が取得できませんでした。[ノジマ 本牧店]
321 行目でエラー：経度が取得できませんでした。[ノジマ 本牧店]
322 行目でエラー：緯度が取得できませんでした。[ノジマ MARK IS みなとみらい店]
322 行目でエラー：経度が取得できませんでした。[ノジマ MARK IS みなとみらい店]
323 行目でエラー：緯度が取得できませんでした。[ノジマ 権太坂店]
323 行目でエラー：経度が取得できませんでした。[ノジマ 権太坂店]
324 行目でエラー：緯度が取得できませんでした。[ノジマ 金沢八景店]
324 行目でエラー：経度が取得できませんでした。[ノジマ 金沢八景店]
325 行目でエラー：緯度が取得できませんでした。[ノジマ 東戸塚西口プラザ店]
325 行目でエラー：経度が取得できませんでした。[ノジマ 東戸塚西口プラザ店]
326 行目でエラー：緯度が取得できませんでした。[ノジマ 港南台店]
326 行目でエラー：経度が取得できませんでした。[ノジマ 港南台店]
327 行目でエラー：緯度が取得できませんでした。[ノジマモバイル トツカーナ戸塚店]
327 行目でエラー：経度が取得できませんでした。[ノジマモバイル トツカーナ戸塚店]
328 行目でエラー：緯度が取得できませんでした。[ノジマモバイル　イオン戸塚店]
328 行目でエラー：経度が取得できませんでした。[ノジマモバイル　イオン戸塚店]
329 行目でエラー：緯度が取得できませんでした。[ノジマ 戸塚モディ店]
329 行目でエラー：経度が取得できませんでした。[ノジマ 戸塚モディ店]
330 行目でエラー：緯度が取得できませんでした。[ノジマ センター北店]
330 行目でエラー：経度が取得できませんでした。[ノジマ センター北店]
331 行目でエラー：緯度が取得できませんでした。[ノジマ ららぽーと横浜店]
331 行目でエラー：経度が取得できませんでした。[ノジマ ららぽーと横浜店]
332 行目でエラー：緯度が取得できませんでした。[ノジマ 横浜四季の森店]
332 行目でエラー：経度が取得できませんでした。[ノジマ 横浜四季の森店]
333 行目でエラー：緯度が取得できませんでした。[ノジマ 大和店]
333 行目でエラー：経度が取得できませんでした。[ノジマ 大和店]
334 行目でエラー：緯度が取得できませんでした。[ノジマ 厚木本店]
334 行目でエラー：経度が取得できませんでした。[ノジマ 厚木本店]
335 行目でエラー：緯度が取得できませんでした。[ノジマ 愛川店]
335 行目でエラー：経度が取得できませんでした。[ノジマ 愛川店]
336 行目でエラー：緯度が取得できませんでした。[ノジマ ららぽーと海老名店]
336 行目でエラー：経度が取得できませんでした。[ノジマ ららぽーと海老名店]
337 行目でエラー：緯度が取得できませんでした。[ノジマ 座間店]
337 行目でエラー：経度が取得できませんでした。[ノジマ 座間店]
338 行目でエラー：緯度が取得できませんでした。[ノジマ 秦野店]
338 行目でエラー：経度が取得できませんでした。[ノジマ 秦野店]
339 行目でエラー：緯度が取得できませんでした。[ノジマ 伊勢原店]
339 行目でエラー：経度が取得できませんでした。[ノジマ 伊勢原店]
340 行目でエラー：緯度が取得できませんでした。[ノジマ 鴨宮店]
340 行目でエラー：経度が取得できませんでした。[ノジマ 鴨宮店]
341 行目でエラー：緯度が取得できませんでした。[ノジマ 湯河原店]
341 行目でエラー：経度が取得できませんでした。[ノジマ 湯河原店]
342 行目でエラー：緯度が取得できませんでした。[ノジマ 大井松田店]
342 行目でエラー：経度が取得できませんでした。[ノジマ 大井松田店]
343 行目でエラー：緯度が取得できませんでした。[ノジマ 藤沢店]
343 行目でエラー：経度が取得できませんでした。[ノジマ 藤沢店]
344 行目でエラー：緯度が取得できませんでした。[ノジマ テラスモール湘南店]
344 行目でエラー：経度が取得できませんでした。[ノジマ テラスモール湘南店]
345 行目でエラー：緯度が取得できませんでした。[ノジマ 湘南台店]
345 行目でエラー：経度が取得できませんでした。[ノジマ 湘南台店]
346 行目でエラー：緯度が取得できませんでした。[ノジマ 鎌倉店]
346 行目でエラー：経度が取得できませんでした。[ノジマ 鎌倉店]
347 行目でエラー：緯度が取得できませんでした。[ノジマ 綾瀬店]
347 行目でエラー：経度が取得できませんでした。[ノジマ 綾瀬店]
348 行目でエラー：緯度が取得できませんでした。[ノジマ 横須賀店]
348 行目でエラー：経度が取得できませんでした。[ノジマ 横須賀店]
349 行目でエラー：緯度が取得できませんでした。[ノジマ 野比店]
349 行目でエラー：経度が取得できませんでした。[ノジマ 野比店]
350 行目でエラー：緯度が取得できませんでした。[ノジマ ららぽーと柏の葉店]
350 行目でエラー：経度が取得できませんでした。[ノジマ ららぽーと柏の葉店]
351 行目でエラー：緯度が取得できませんでした。[ノジマ　モバイル イオン柏店]
351 行目でエラー：経度が取得できませんでした。[ノジマ　モバイル イオン柏店]
352 行目でエラー：緯度が取得できませんでした。[ノジマ 流山おおたかの森S・C店]
352 行目でエラー：経度が取得できませんでした。[ノジマ 流山おおたかの森S・C店]
353 行目でエラー：緯度が取得できませんでした。[ノジマ フィールズ南柏店]
353 行目でエラー：経度が取得できませんでした。[ノジマ フィールズ南柏店]
354 行目でエラー：緯度が取得できませんでした。[ノジマ 市川店]
354 行目でエラー：経度が取得できませんでした。[ノジマ 市川店]
355 行目でエラー：緯度が取得できませんでした。[ノジマ ビビット南船橋店]
355 行目でエラー：経度が取得できませんでした。[ノジマ ビビット南船橋店]
356 行目でエラー：緯度が取得できませんでした。[ノジマ 鎌ヶ谷店]
356 行目でエラー：経度が取得できませんでした。[ノジマ 鎌ヶ谷店]
357 行目でエラー：緯度が取得できませんでした。[ノジマ 津田沼店]
357 行目でエラー：経度が取得できませんでした。[ノジマ 津田沼店]
358 行目でエラー：緯度が取得できませんでした。[ノジマ ゆめまち習志野台モール店]
358 行目でエラー：経度が取得できませんでした。[ノジマ ゆめまち習志野台モール店]
359 行目でエラー：緯度が取得できませんでした。[ノジマ イオン八千代緑が丘店]
359 行目でエラー：経度が取得できませんでした。[ノジマ イオン八千代緑が丘店]
360 行目でエラー：緯度が取得できませんでした。[ノジマ ユアエルム八千代台店]
360 行目でエラー：経度が取得できませんでした。[ノジマ ユアエルム八千代台店]
361 行目でエラー：緯度が取得できませんでした。[ノジマ イオンタウン成田富里店]
361 行目でエラー：経度が取得できませんでした。[ノジマ イオンタウン成田富里店]
362 行目でエラー：緯度が取得できませんでした。[ノジマ ユアエルム成田店]
362 行目でエラー：経度が取得できませんでした。[ノジマ ユアエルム成田店]
363 行目でエラー：緯度が取得できませんでした。[ノジマ イオン銚子店]
363 行目でエラー：経度が取得できませんでした。[ノジマ イオン銚子店]
364 行目でエラー：緯度が取得できませんでした。[ノジマ モラージュ菖蒲店]
364 行目でエラー：経度が取得できませんでした。[ノジマ モラージュ菖蒲店]
365 行目でエラー：緯度が取得できませんでした。[ノジマ ララガーデン川口店]
365 行目でエラー：経度が取得できませんでした。[ノジマ ララガーデン川口店]
366 行目でエラー：緯度が取得できませんでした。[ノジマ イオンモール川口前川店]
366 行目でエラー：経度が取得できませんでした。[ノジマ イオンモール川口前川店]
367 行目でエラー：緯度が取得できませんでした。[ノジマ 戸田駅前店]
367 行目でエラー：経度が取得できませんでした。[ノジマ 戸田駅前店]
368 行目でエラー：緯度が取得できませんでした。[ノジマモバイル イトーヨーカドー錦町店]
368 行目でエラー：経度が取得できませんでした。[ノジマモバイル イトーヨーカドー錦町店]
369 行目でエラー：緯度が取得できませんでした。[ノジマ 熊谷ニットーモール店]
369 行目でエラー：経度が取得できませんでした。[ノジマ 熊谷ニットーモール店]
370 行目でエラー：緯度が取得できませんでした。[ノジマ エルミこうのす店]
370 行目でエラー：経度が取得できませんでした。[ノジマ エルミこうのす店]
371 行目でエラー：緯度が取得できませんでした。[ノジマ 大宮ステラタウン店]
371 行目でエラー：経度が取得できませんでした。[ノジマ 大宮ステラタウン店]
372 行目でエラー：緯度が取得できませんでした。[ノジマ 浦和店]
372 行目でエラー：経度が取得できませんでした。[ノジマ 浦和店]
373 行目でエラー：緯度が取得できませんでした。[ノジマ 蓮田マイン店]
373 行目でエラー：経度が取得できませんでした。[ノジマ 蓮田マイン店]
374 行目でエラー：緯度が取得できませんでした。[ノジマ ベニバナウォーク桶川店]
374 行目でエラー：経度が取得できませんでした。[ノジマ ベニバナウォーク桶川店]
375 行目でエラー：緯度が取得できませんでした。[ノジマ 浦和パルコ店]
375 行目でエラー：経度が取得できませんでした。[ノジマ 浦和パルコ店]
376 行目でエラー：緯度が取得できませんでした。[ノジマ 草加マルイ店]
376 行目でエラー：経度が取得できませんでした。[ノジマ 草加マルイ店]
377 行目でエラー：緯度が取得できませんでした。[ノジマ レイクタウン店]
377 行目でエラー：経度が取得できませんでした。[ノジマ レイクタウン店]
378 行目でエラー：緯度が取得できませんでした。[ノジマ 八潮店]
378 行目でエラー：経度が取得できませんでした。[ノジマ 八潮店]
379 行目でエラー：緯度が取得できませんでした。[ノジマ 川越西店]
379 行目でエラー：経度が取得できませんでした。[ノジマ 川越西店]
380 行目でエラー：緯度が取得できませんでした。[ノジマ ウニクス川越店]
380 行目でエラー：経度が取得できませんでした。[ノジマ ウニクス川越店]
381 行目でエラー：緯度が取得できませんでした。[ノジマ ららぽーと富士見店]
381 行目でエラー：経度が取得できませんでした。[ノジマ ららぽーと富士見店]
382 行目でエラー：緯度が取得できませんでした。[ノジマ イオンタウン上里店]
382 行目でエラー：経度が取得できませんでした。[ノジマ イオンタウン上里店]
383 行目でエラー：緯度が取得できませんでした。[ノジマ ららぽーと磐田店]
383 行目でエラー：経度が取得できませんでした。[ノジマ ららぽーと磐田店]
384 行目でエラー：緯度が取得できませんでした。[ノジマ MARK IS 静岡店]
384 行目でエラー：経度が取得できませんでした。[ノジマ MARK IS 静岡店]
385 行目でエラー：緯度が取得できませんでした。[ノジマ 清水店]
385 行目でエラー：経度が取得できませんでした。[ノジマ 清水店]
386 行目でエラー：緯度が取得できませんでした。[ノジマ イオン富士宮店]
386 行目でエラー：経度が取得できませんでした。[ノジマ イオン富士宮店]
387 行目でエラー：緯度が取得できませんでした。[ノジマ 藤枝水守店]
387 行目でエラー：経度が取得できませんでした。[ノジマ 藤枝水守店]
388 行目でエラー：緯度が取得できませんでした。[ノジマ 新静岡セノバ店]
388 行目でエラー：経度が取得できませんでした。[ノジマ 新静岡セノバ店]
389 行目でエラー：緯度が取得できませんでした。[ノジマ 島田店]
389 行目でエラー：経度が取得できませんでした。[ノジマ 島田店]
390 行目でエラー：緯度が取得できませんでした。[ノジマ 吉田店]
390 行目でエラー：経度が取得できませんでした。[ノジマ 吉田店]
391 行目でエラー：緯度が取得できませんでした。[ノジマ 御殿場店]
391 行目でエラー：経度が取得できませんでした。[ノジマ 御殿場店]
392 行目でエラー：緯度が取得できませんでした。[ノジマ 韮崎店]
392 行目でエラー：経度が取得できませんでした。[ノジマ 韮崎店]
393 行目でエラー：緯度が取得できませんでした。[ノジマ NEW甲府店]
393 行目でエラー：経度が取得できませんでした。[ノジマ NEW甲府店]
394 行目でエラー：緯度が取得できませんでした。[ノジマ 甲府東店]
394 行目でエラー：経度が取得できませんでした。[ノジマ 甲府東店]
395 行目でエラー：緯度が取得できませんでした。[ノジマ 都留店]
395 行目でエラー：経度が取得できませんでした。[ノジマ 都留店]
396 行目でエラー：緯度が取得できませんでした。[ノジマ 富士吉田店]
396 行目でエラー：経度が取得できませんでした。[ノジマ 富士吉田店]
397 行目でエラー：緯度が取得できませんでした。[ノジマ 伊東店]
397 行目でエラー：経度が取得できませんでした。[ノジマ 伊東店]
398 行目でエラー：緯度が取得できませんでした。[ノジマ 修善寺店]
398 行目でエラー：経度が取得できませんでした。[ノジマ 修善寺店]
399 行目でエラー：緯度が取得できませんでした。[ノジマ 沼津店]
399 行目でエラー：経度が取得できませんでした。[ノジマ 沼津店]
400 行目でエラー：緯度が取得できませんでした。[ノジマ 長泉店]
400 行目でエラー：経度が取得できませんでした。[ノジマ 長泉店]
401 行目でエラー：緯度が取得できませんでした。[ノジマ 三島店]
401 行目でエラー：経度が取得できませんでした。[ノジマ 三島店]
402 行目でエラー：緯度が取得できませんでした。[ベスト電器福岡本店]
402 行目でエラー：経度が取得できませんでした。[ベスト電器福岡本店]
403 行目でエラー：緯度が取得できませんでした。[ベスト電器Ｎｅｗ西新店]
403 行目でエラー：経度が取得できませんでした。[ベスト電器Ｎｅｗ西新店]
404 行目でエラー：緯度が取得できませんでした。[ベスト電器香椎本店]
404 行目でエラー：経度が取得できませんでした。[ベスト電器香椎本店]
405 行目でエラー：緯度が取得できませんでした。[ベスト電器Ｎｅｗ春日店]
405 行目でエラー：経度が取得できませんでした。[ベスト電器Ｎｅｗ春日店]
406 行目でエラー：緯度が取得できませんでした。[ベスト電器Ｎｅｗ太宰府店]
406 行目でエラー：経度が取得できませんでした。[ベスト電器Ｎｅｗ太宰府店]
407 行目でエラー：緯度が取得できませんでした。[ベスト電器Ｎｅｗ伊都店]
407 行目でエラー：経度が取得できませんでした。[ベスト電器Ｎｅｗ伊都店]
408 行目でエラー：緯度が取得できませんでした。[ベスト電器小倉本店]
408 行目でエラー：経度が取得できませんでした。[ベスト電器小倉本店]
409 行目でエラー：緯度が取得できませんでした。[ベスト電器八幡本店]
409 行目でエラー：経度が取得できませんでした。[ベスト電器八幡本店]
410 行目でエラー：緯度が取得できませんでした。[ベスト電器Ｎｅｗ飯塚店]
410 行目でエラー：経度が取得できませんでした。[ベスト電器Ｎｅｗ飯塚店]
411 行目でエラー：緯度が取得できませんでした。[ベスト電器Ｎｅｗ別府店]
411 行目でエラー：経度が取得できませんでした。[ベスト電器Ｎｅｗ別府店]
412 行目でエラー：緯度が取得できませんでした。[ベスト電器ゆめシティ下関本店]
412 行目でエラー：経度が取得できませんでした。[ベスト電器ゆめシティ下関本店]
413 行目でエラー：緯度が取得できませんでした。[ベスト電器久留米本店]
413 行目でエラー：経度が取得できませんでした。[ベスト電器久留米本店]
414 行目でエラー：緯度が取得できませんでした。[ベスト電器佐賀本店]
414 行目でエラー：経度が取得できませんでした。[ベスト電器佐賀本店]
415 行目でエラー：緯度が取得できませんでした。[ベスト電器長崎夢彩都店]
415 行目でエラー：経度が取得できませんでした。[ベスト電器長崎夢彩都店]
416 行目でエラー：緯度が取得できませんでした。[ベスト電器熊本本店]
416 行目でエラー：経度が取得できませんでした。[ベスト電器熊本本店]
417 行目でエラー：緯度が取得できませんでした。[ベスト電器はません店]
417 行目でエラー：経度が取得できませんでした。[ベスト電器はません店]
418 行目でエラー：緯度が取得できませんでした。[ベスト電器光の森店]
418 行目でエラー：経度が取得できませんでした。[ベスト電器光の森店]
419 行目でエラー：緯度が取得できませんでした。[ベスト電器都城店]
419 行目でエラー：経度が取得できませんでした。[ベスト電器都城店]
420 行目でエラー：緯度が取得できませんでした。[ベスト電器天久店]
420 行目でエラー：経度が取得できませんでした。[ベスト電器天久店]
421 行目でエラー：緯度が取得できませんでした。[ベスト電器イオン那覇店]
421 行目でエラー：経度が取得できませんでした。[ベスト電器イオン那覇店]
422 行目でエラー：緯度が取得できませんでした。[ベスト電器イオン南風原店]
422 行目でエラー：経度が取得できませんでした。[ベスト電器イオン南風原店]
423 行目でエラー：緯度が取得できませんでした。[ベスト電器イオン具志川店]
423 行目でエラー：経度が取得できませんでした。[ベスト電器イオン具志川店]
424 行目でエラー：緯度が取得できませんでした。[ベスト電器西原インター店]
424 行目でエラー：経度が取得できませんでした。[ベスト電器西原インター店]
425 行目でエラー：緯度が取得できませんでした。[ベスト電器岡山本店]
425 行目でエラー：経度が取得できませんでした。[ベスト電器岡山本店]
426 行目でエラー：緯度が取得できませんでした。[ベスト電器T日吉東急店]
426 行目でエラー：経度が取得できませんでした。[ベスト電器T日吉東急店]
427 行目でエラー：緯度が取得できませんでした。[ベスト電器T二俣川店]
427 行目でエラー：経度が取得できませんでした。[ベスト電器T二俣川店]
428 行目でエラー：緯度が取得できませんでした。[ベスト電器Tアイシティ松本店]
428 行目でエラー：経度が取得できませんでした。[ベスト電器Tアイシティ松本店]
429 行目でエラー：緯度が取得できませんでした。[ベスト電器T札幌北33条店]
429 行目でエラー：経度が取得できませんでした。[ベスト電器T札幌北33条店]
430 行目でエラー：緯度が取得できませんでした。[ベスト電器小倉南店]
430 行目でエラー：経度が取得できませんでした。[ベスト電器小倉南店]
431 行目でエラー：緯度が取得できませんでした。[ベスト電器山口店]
431 行目でエラー：経度が取得できませんでした。[ベスト電器山口店]
432 行目でエラー：緯度が取得できませんでした。[ベスト電器伊万里店]
432 行目でエラー：経度が取得できませんでした。[ベスト電器伊万里店]
433 行目でエラー：緯度が取得できませんでした。[ベスト電器New南長崎店]
433 行目でエラー：経度が取得できませんでした。[ベスト電器New南長崎店]
434 行目でエラー：緯度が取得できませんでした。[ベスト電器テックランドイオン甲子園店]
434 行目でエラー：経度が取得できませんでした。[ベスト電器テックランドイオン甲子園店]
435 行目でエラー：緯度が取得できませんでした。[ベスト電器川沿店]
435 行目でエラー：経度が取得できませんでした。[ベスト電器川沿店]
436 行目でエラー：緯度が取得できませんでした。[ベスト電器テックランド苫小牧駅前店]
436 行目でエラー：経度が取得できませんでした。[ベスト電器テックランド苫小牧駅前店]
437 行目でエラー：緯度が取得できませんでした。[ヨドバシカメラマルチメディア名古屋松阪屋]
437 行目でエラー：経度が取得できませんでした。[ヨドバシカメラマルチメディア名古屋松阪屋]
438 行目でエラー：緯度が取得できませんでした。[ヨドバシカメラマルチメディア仙台]
438 行目でエラー：経度が取得できませんでした。[ヨドバシカメラマルチメディア仙台]
439 行目でエラー：緯度が取得できませんでした。[ヨドバシカメラマルチメディア京都]
439 行目でエラー：経度が取得できませんでした。[ヨドバシカメラマルチメディア京都]
440 行目でエラー：緯度が取得できませんでした。[ヨドバシカメラマルチメディアさいたま新都心駅前店]
440 行目でエラー：経度が取得できませんでした。[ヨドバシカメラマルチメディアさいたま新都心駅前店]
441 行目でエラー：緯度が取得できませんでした。[ヨドバシカメラマルチメディア新潟駅前]
441 行目でエラー：経度が取得できませんでした。[ヨドバシカメラマルチメディア新潟駅前]
442 行目でエラー：緯度が取得できませんでした。[ヨドバシカメラマルチメディア京急上大岡]
442 行目でエラー：経度が取得できませんでした。[ヨドバシカメラマルチメディア京急上大岡]
443 行目でエラー：緯度が取得できませんでした。[ヨドバシカメラマルチメディア横浜]
443 行目でエラー：経度が取得できませんでした。[ヨドバシカメラマルチメディア横浜]
444 行目でエラー：緯度が取得できませんでした。[ヨドバシカメラマルチメディア川崎ルフロン]
444 行目でエラー：経度が取得できませんでした。[ヨドバシカメラマルチメディア川崎ルフロン]
445 行目でエラー：緯度が取得できませんでした。[ヨドバシカメラ千葉店]
445 行目でエラー：経度が取得できませんでした。[ヨドバシカメラ千葉店]
446 行目でエラー：緯度が取得できませんでした。[ヨドバシカメラマルチメディア梅田]
446 行目でエラー：経度が取得できませんでした。[ヨドバシカメラマルチメディア梅田]
447 行目でエラー：緯度が取得できませんでした。[ヨドバシカメラマルチメディア新宿東口]
447 行目でエラー：経度が取得できませんでした。[ヨドバシカメラマルチメディア新宿東口]
448 行目でエラー：緯度が取得できませんでした。[ヨドバシカメラ新宿西口本店]
448 行目でエラー：経度が取得できませんでした。[ヨドバシカメラ新宿西口本店]
449 行目でエラー：緯度が取得できませんでした。[ヨドバシカメラマルチメディアAkiba]
449 行目でエラー：経度が取得できませんでした。[ヨドバシカメラマルチメディアAkiba]
450 行目でエラー：緯度が取得できませんでした。[ヨドバシカメラマルチメディア上野]
450 行目でエラー：経度が取得できませんでした。[ヨドバシカメラマルチメディア上野]
451 行目でエラー：緯度が取得できませんでした。[ヨドバシカメラマルチメディア町田]
451 行目でエラー：経度が取得できませんでした。[ヨドバシカメラマルチメディア町田]
452 行目でエラー：緯度が取得できませんでした。[ヨドバシカメラ八王子店]
452 行目でエラー：経度が取得できませんでした。[ヨドバシカメラ八王子店]
453 行目でエラー：緯度が取得できませんでした。[ヨドバシカメラマルチメディア吉祥寺]
453 行目でエラー：経度が取得できませんでした。[ヨドバシカメラマルチメディア吉祥寺]
454 行目でエラー：緯度が取得できませんでした。[ヨドバシカメラマルチメディア錦糸町]
454 行目でエラー：経度が取得できませんでした。[ヨドバシカメラマルチメディア錦糸町]
455 行目でエラー：緯度が取得できませんでした。[ヨドバシカメラマルチメディア宇都宮]
455 行目でエラー：経度が取得できませんでした。[ヨドバシカメラマルチメディア宇都宮]
456 行目でエラー：緯度が取得できませんでした。[ヨドバシカメラマルチメディア博多]
456 行目でエラー：経度が取得できませんでした。[ヨドバシカメラマルチメディア博多]
457 行目でエラー：緯度が取得できませんでした。[ヨドバシカメラマルチメディア郡山]
457 行目でエラー：経度が取得できませんでした。[ヨドバシカメラマルチメディア郡山]
458 行目でエラー：緯度が取得できませんでした。[ヨドバシカメラマルチメディア札幌]
458 行目でエラー：経度が取得できませんでした。[ヨドバシカメラマルチメディア札幌]
459 行目でエラー：緯度が取得できませんでした。[ワンダーグーひたちなか店]
459 行目でエラー：経度が取得できませんでした。[ワンダーグーひたちなか店]
460 行目でエラー：緯度が取得できませんでした。[ワンダーグー友部店]
460 行目でエラー：経度が取得できませんでした。[ワンダーグー友部店]
461 行目でエラー：緯度が取得できませんでした。[ワンダーグー東金店]
461 行目でエラー：経度が取得できませんでした。[ワンダーグー東金店]
462 行目でエラー：緯度が取得できませんでした。[ワンダーグー茂原店]
462 行目でエラー：経度が取得できませんでした。[ワンダーグー茂原店]
463 行目でエラー：緯度が取得できませんでした。[ワンダーグー足利店]
463 行目でエラー：経度が取得できませんでした。[ワンダーグー足利店]
464 行目でエラー：緯度が取得できませんでした。[ワンダーグー鹿島店]
464 行目でエラー：経度が取得できませんでした。[ワンダーグー鹿島店]
465 行目でエラー：緯度が取得できませんでした。[ワンダーグー石岡店]
465 行目でエラー：経度が取得できませんでした。[ワンダーグー石岡店]
466 行目でエラー：緯度が取得できませんでした。[ワンダーグー那珂店]
466 行目でエラー：経度が取得できませんでした。[ワンダーグー那珂店]
467 行目でエラー：緯度が取得できませんでした。[ワンダーグー波崎店]
467 行目でエラー：経度が取得できませんでした。[ワンダーグー波崎店]
468 行目でエラー：緯度が取得できませんでした。[ワンダーグー水戸笠原店]
468 行目でエラー：経度が取得できませんでした。[ワンダーグー水戸笠原店]
469 行目でエラー：緯度が取得できませんでした。[ワンダーグーひたち野うしく店]
469 行目でエラー：経度が取得できませんでした。[ワンダーグーひたち野うしく店]
470 行目でエラー：緯度が取得できませんでした。[ワンダーグー古河店]
470 行目でエラー：経度が取得できませんでした。[ワンダーグー古河店]
471 行目でエラー：緯度が取得できませんでした。[ワンダーグー小山店]
471 行目でエラー：経度が取得できませんでした。[ワンダーグー小山店]
472 行目でエラー：緯度が取得できませんでした。[ワンダーグー鎌ヶ谷店]
472 行目でエラー：経度が取得できませんでした。[ワンダーグー鎌ヶ谷店]
473 行目でエラー：緯度が取得できませんでした。[ワンダーグー竜ヶ崎店]
473 行目でエラー：経度が取得できませんでした。[ワンダーグー竜ヶ崎店]
474 行目でエラー：緯度が取得できませんでした。[ワンダーグー守谷店]
474 行目でエラー：経度が取得できませんでした。[ワンダーグー守谷店]
475 行目でエラー：緯度が取得できませんでした。[ワンダーグー千代田店]
475 行目でエラー：経度が取得できませんでした。[ワンダーグー千代田店]
476 行目でエラー：緯度が取得できませんでした。[ワンダーグー常陸大宮店]
476 行目でエラー：経度が取得できませんでした。[ワンダーグー常陸大宮店]
477 行目でエラー：緯度が取得できませんでした。[ワンダーグー下館店]
477 行目でエラー：経度が取得できませんでした。[ワンダーグー下館店]
478 行目でエラー：緯度が取得できませんでした。[ワンダーグー高崎店]
478 行目でエラー：経度が取得できませんでした。[ワンダーグー高崎店]
479 行目でエラー：緯度が取得できませんでした。[ワンダーグー伊勢崎店]
479 行目でエラー：経度が取得できませんでした。[ワンダーグー伊勢崎店]
480 行目でエラー：緯度が取得できませんでした。[ワンダーグー越谷店]
480 行目でエラー：経度が取得できませんでした。[ワンダーグー越谷店]
481 行目でエラー：緯度が取得できませんでした。[ワンダーグー旭店]
481 行目でエラー：経度が取得できませんでした。[ワンダーグー旭店]
482 行目でエラー：緯度が取得できませんでした。[ワンダーグー大田原店]
482 行目でエラー：経度が取得できませんでした。[ワンダーグー大田原店]
483 行目でエラー：緯度が取得できませんでした。[ワンダーグー入間店]
483 行目でエラー：経度が取得できませんでした。[ワンダーグー入間店]
484 行目でエラー：緯度が取得できませんでした。[ワンダーグー千葉ニュータウン店]
484 行目でエラー：経度が取得できませんでした。[ワンダーグー千葉ニュータウン店]
485 行目でエラー：緯度が取得できませんでした。[ワンダーグー八街店]
485 行目でエラー：経度が取得できませんでした。[ワンダーグー八街店]
486 行目でエラー：緯度が取得できませんでした。[ワンダーグー東店]
486 行目でエラー：経度が取得できませんでした。[ワンダーグー東店]
487 行目でエラー：緯度が取得できませんでした。[ワンダーグー富岡店]
487 行目でエラー：経度が取得できませんでした。[ワンダーグー富岡店]
488 行目でエラー：緯度が取得できませんでした。[ワンダーグー三郷店]
488 行目でエラー：経度が取得できませんでした。[ワンダーグー三郷店]
489 行目でエラー：緯度が取得できませんでした。[ワンダーグー北茨城店]
489 行目でエラー：経度が取得できませんでした。[ワンダーグー北茨城店]
490 行目でエラー：緯度が取得できませんでした。[ワンダーグー館林店]
490 行目でエラー：経度が取得できませんでした。[ワンダーグー館林店]
491 行目でエラー：緯度が取得できませんでした。[ワンダーグーつくば店]
491 行目でエラー：経度が取得できませんでした。[ワンダーグーつくば店]
492 行目でエラー：緯度が取得できませんでした。[ワンダーグー水戸南店]
492 行目でエラー：経度が取得できませんでした。[ワンダーグー水戸南店]
493 行目でエラー：緯度が取得できませんでした。[ワンダーグー加須店]
493 行目でエラー：経度が取得できませんでした。[ワンダーグー加須店]
494 行目でエラー：緯度が取得できませんでした。[ワンダーグー富里店]
494 行目でエラー：経度が取得できませんでした。[ワンダーグー富里店]
495 行目でエラー：緯度が取得できませんでした。[ワンダーグー成東店]
495 行目でエラー：経度が取得できませんでした。[ワンダーグー成東店]
496 行目でエラー：緯度が取得できませんでした。[ワンダーグー日立田尻店]
496 行目でエラー：経度が取得できませんでした。[ワンダーグー日立田尻店]
497 行目でエラー：緯度が取得できませんでした。[ワンダーグー川越店]
497 行目でエラー：経度が取得できませんでした。[ワンダーグー川越店]
498 行目でエラー：緯度が取得できませんでした。[スマートピットイン太宰府]
498 行目でエラー：経度が取得できませんでした。[スマートピットイン太宰府]
499 行目でエラー：緯度が取得できませんでした。[モバエコ秋葉原店]
499 行目でエラー：経度が取得できませんでした。[モバエコ秋葉原店]
500 行目でエラー：緯度が取得できませんでした。[アップルエイド品川店]
500 行目でエラー：経度が取得できませんでした。[アップルエイド品川店]
501 行目でエラー：緯度が取得できませんでした。[アリマス本舗自由が丘店]
501 行目でエラー：経度が取得できませんでした。[アリマス本舗自由が丘店]
502 行目でエラー：緯度が取得できませんでした。[アリマス本舗十条店]
502 行目でエラー：経度が取得できませんでした。[アリマス本舗十条店]
503 行目でエラー：緯度が取得できませんでした。[アリマス本舗 栃木小山店]
503 行目でエラー：経度が取得できませんでした。[アリマス本舗 栃木小山店]
504 行目でエラー：緯度が取得できませんでした。[ケータイプラザ本店]
504 行目でエラー：経度が取得できませんでした。[ケータイプラザ本店]
505 行目でエラー：緯度が取得できませんでした。[ケータイプラザ足利コムファースト店]
505 行目でエラー：経度が取得できませんでした。[ケータイプラザ足利コムファースト店]
506 行目でエラー：緯度が取得できませんでした。[ケータイプラザスマーク伊勢崎店]
506 行目でエラー：経度が取得できませんでした。[ケータイプラザスマーク伊勢崎店]
507 行目でエラー：緯度が取得できませんでした。[リンゴ屋  京田辺店]
507 行目でエラー：経度が取得できませんでした。[リンゴ屋  京田辺店]
508 行目でエラー：緯度が取得できませんでした。[リンゴ屋  さくら氏家店]
508 行目でエラー：経度が取得できませんでした。[リンゴ屋  さくら氏家店]
509 行目でエラー：緯度が取得できませんでした。[リンゴ屋 蒲郡店]
509 行目でエラー：経度が取得できませんでした。[リンゴ屋 蒲郡店]
510 行目でエラー：緯度が取得できませんでした。[リンゴ屋 名古屋大須店]
510 行目でエラー：経度が取得できませんでした。[リンゴ屋 名古屋大須店]
511 行目でエラー：緯度が取得できませんでした。[通信の窓口松井山手]
511 行目でエラー：経度が取得できませんでした。[通信の窓口松井山手]
512 行目でエラー：緯度が取得できませんでした。[エスペラントモバイル 海老名店]
512 行目でエラー：経度が取得できませんでした。[エスペラントモバイル 海老名店]
513 行目でエラー：緯度が取得できませんでした。[K&Tshop黒崎]
513 行目でエラー：経度が取得できませんでした。[K&Tshop黒崎]
514 行目でエラー：緯度が取得できませんでした。[JapanMobile大塚店]
514 行目でエラー：経度が取得できませんでした。[JapanMobile大塚店]
515 行目でエラー：緯度が取得できませんでした。[キシフォート蒲田店]
515 行目でエラー：経度が取得できませんでした。[キシフォート蒲田店]
516 行目でエラー：緯度が取得できませんでした。[ECO-ResCue東京大手町店]
516 行目でエラー：経度が取得できませんでした。[ECO-ResCue東京大手町店]
517 行目でエラー：緯度が取得できませんでした。[エコたん高円寺]
517 行目でエラー：経度が取得できませんでした。[エコたん高円寺]
518 行目でエラー：緯度が取得できませんでした。[モバワン獨協大学前]
518 行目でエラー：経度が取得できませんでした。[モバワン獨協大学前]
519 行目でエラー：緯度が取得できませんでした。[関西国際空港第1ターミナルビル北　プリペイドSIM自動販売機]
519 行目でエラー：経度が取得できませんでした。[関西国際空港第1ターミナルビル北　プリペイドSIM自動販売機]
520 行目でエラー：緯度が取得できませんでした。[関西国際空港第2ターミナルビル南　プリペイドSIM自動販売機]
520 行目でエラー：経度が取得できませんでした。[関西国際空港第2ターミナルビル南　プリペイドSIM自動販売機]
521 行目でエラー：緯度が取得できませんでした。[阿蘇くまもと空港　プリペイドSIM自動販売機]
521 行目でエラー：経度が取得できませんでした。[阿蘇くまもと空港　プリペイドSIM自動販売機]
522 行目でエラー：緯度が取得できませんでした。[函館空港　プリペイドSIM自動販売機]
522 行目でエラー：経度が取得できませんでした。[函館空港　プリペイドSIM自動販売機]
523 行目でエラー：緯度が取得できませんでした。[成田国際空港第1旅客ターミナル　プリペイドSIM自動販売機]
523 行目でエラー：経度が取得できませんでした。[成田国際空港第1旅客ターミナル　プリペイドSIM自動販売機]
524 行目でエラー：緯度が取得できませんでした。[成田国際空港第2旅客ターミナル　プリペイドSIM自動販売機]
524 行目でエラー：経度が取得できませんでした。[成田国際空港第2旅客ターミナル　プリペイドSIM自動販売機]
525 行目でエラー：緯度が取得できませんでした。[成田国際空港第3旅客ターミナル　プリペイドSIM自動販売機]
525 行目でエラー：経度が取得できませんでした。[成田国際空港第3旅客ターミナル　プリペイドSIM自動販売機]
526 行目でエラー：緯度が取得できませんでした。[九州佐賀国際空港　プリペイドSIM自動販売機]
526 行目でエラー：経度が取得できませんでした。[九州佐賀国際空港　プリペイドSIM自動販売機]
527 行目でエラー：緯度が取得できませんでした。[富山きときと空港　プリペイドSIM自動販売機]
527 行目でエラー：経度が取得できませんでした。[富山きときと空港　プリペイドSIM自動販売機]
528 行目でエラー：緯度が取得できませんでした。[GLOBAL Wi-Fi 羽田空港店]
528 行目でエラー：経度が取得できませんでした。[GLOBAL Wi-Fi 羽田空港店]
529 行目でエラー：緯度が取得できませんでした。[GLOBAL Wi-Fi 福岡空港店]
529 行目でエラー：経度が取得できませんでした。[GLOBAL Wi-Fi 福岡空港店]
530 行目でエラー：緯度が取得できませんでした。[GLOBAL Wi-Fi 関西空港店]
530 行目でエラー：経度が取得できませんでした。[GLOBAL Wi-Fi 関西空港店]
531 行目でエラー：緯度が取得できませんでした。[エクスコムグローバルカウンター 成田第1ターミナル]
531 行目でエラー：経度が取得できませんでした。[エクスコムグローバルカウンター 成田第1ターミナル]
532 行目でエラー：緯度が取得できませんでした。[エクスコムグローバルカウンター 成田第2ターミナル]
532 行目でエラー：経度が取得できませんでした。[エクスコムグローバルカウンター 成田第2ターミナル]
533 行目でエラー：緯度が取得できませんでした。[エクスコムグローバルカウンター 関西国際空港]
533 行目でエラー：経度が取得できませんでした。[エクスコムグローバルカウンター 関西国際空港]
534 行目でエラー：緯度が取得できませんでした。[エクスコムグローバルカウンター 中部国際空港]
534 行目でエラー：経度が取得できませんでした。[エクスコムグローバルカウンター 中部国際空港]
535 行目でエラー：緯度が取得できませんでした。[エクスコムグローバルカウンター 福岡空港]
535 行目でエラー：経度が取得できませんでした。[エクスコムグローバルカウンター 福岡空港]
536 行目でエラー：緯度が取得できませんでした。[新宿ワシントンホテル（株式会社トラベルウィズ）]
536 行目でエラー：経度が取得できませんでした。[新宿ワシントンホテル（株式会社トラベルウィズ）]
537 行目でエラー：緯度が取得できませんでした。[成田空港 SKYカウンター]
537 行目でエラー：経度が取得できませんでした。[成田空港 SKYカウンター]
538 行目でエラー：緯度が取得できませんでした。[ホテルニューオータニ ビジネスサポートセンター]
538 行目でエラー：経度が取得できませんでした。[ホテルニューオータニ ビジネスサポートセンター]
539 行目でエラー：緯度が取得できませんでした。[ホテルモントレ京都]
539 行目でエラー：経度が取得できませんでした。[ホテルモントレ京都]
540 行目でエラー：緯度が取得できませんでした。[ミニストップ 成田空港第1ターミナル店]
540 行目でエラー：経度が取得できませんでした。[ミニストップ 成田空港第1ターミナル店]
541 行目でエラー：緯度が取得できませんでした。[プリペイドSIM自動販売機]
541 行目でエラー：経度が取得できませんでした。[プリペイドSIM自動販売機]
542 行目でエラー：緯度が取得できませんでした。[携帯ショップクラブメディア成城]
542 行目でエラー：経度が取得できませんでした。[携帯ショップクラブメディア成城]
543 行目でエラー：緯度が取得できませんでした。[ジャングル秋葉原本店]
543 行目でエラー：経度が取得できませんでした。[ジャングル秋葉原本店]
545 行目でエラー：緯度が取得できませんでした。[南三陸町の携帯屋]
545 行目でエラー：経度が取得できませんでした。[南三陸町の携帯屋]
546 行目でエラー：緯度が取得できませんでした。[リペア本舗横浜店]
546 行目でエラー：経度が取得できませんでした。[リペア本舗横浜店]
547 行目でエラー：緯度が取得できませんでした。[格安スマホの窓口なんば]
547 行目でエラー：経度が取得できませんでした。[格安スマホの窓口なんば]
548 行目でエラー：緯度が取得できませんでした。[格安スマホの窓口新宿本店]
548 行目でエラー：経度が取得できませんでした。[格安スマホの窓口新宿本店]
549 行目でエラー：緯度が取得できませんでした。[スマモバ×U-mobileストア六本木]
549 行目でエラー：経度が取得できませんでした。[スマモバ×U-mobileストア六本木]
550 行目でエラー：緯度が取得できませんでした。[格安スマホの窓口四条新京極]
550 行目でエラー：経度が取得できませんでした。[格安スマホの窓口四条新京極]
551 行目でエラー：緯度が取得できませんでした。[パソコン・スマホなんでも相談室iFC豊橋新城店]
551 行目でエラー：経度が取得できませんでした。[パソコン・スマホなんでも相談室iFC豊橋新城店]
552 行目でエラー：緯度が取得できませんでした。[エスペラントモバイル相模大野店]
552 行目でエラー：経度が取得できませんでした。[エスペラントモバイル相模大野店]
553 行目でエラー：緯度が取得できませんでした。[イーブーム 吉祥寺店]
553 行目でエラー：経度が取得できませんでした。[イーブーム 吉祥寺店]
554 行目でエラー：緯度が取得できませんでした。[Dapple　名古屋緑店]
554 行目でエラー：経度が取得できませんでした。[Dapple　名古屋緑店]
555 行目でエラー：緯度が取得できませんでした。[MOBILE LABO]
555 行目でエラー：経度が取得できませんでした。[MOBILE LABO]
556 行目でエラー：緯度が取得できませんでした。[ダイワンテレコム新宿本店]
556 行目でエラー：経度が取得できませんでした。[ダイワンテレコム新宿本店]
557 行目でエラー：緯度が取得できませんでした。[ダイワンテレコム梅田店]
557 行目でエラー：経度が取得できませんでした。[ダイワンテレコム梅田店]
558 行目でエラー：緯度が取得できませんでした。[福井お土産ドットコム]
558 行目でエラー：経度が取得できませんでした。[福井お土産ドットコム]
559 行目でエラー：緯度が取得できませんでした。[イオン札幌桑園店]
559 行目でエラー：経度が取得できませんでした。[イオン札幌桑園店]
560 行目でエラー：緯度が取得できませんでした。[イオン江別店]
560 行目でエラー：経度が取得できませんでした。[イオン江別店]
561 行目でエラー：緯度が取得できませんでした。[イオン札幌藻岩店]
561 行目でエラー：経度が取得できませんでした。[イオン札幌藻岩店]
562 行目でエラー：緯度が取得できませんでした。[イオン札幌発寒店]
562 行目でエラー：経度が取得できませんでした。[イオン札幌発寒店]
563 行目でエラー：緯度が取得できませんでした。[イオン札幌元町店]
563 行目でエラー：経度が取得できませんでした。[イオン札幌元町店]
564 行目でエラー：緯度が取得できませんでした。[イオン札幌苗穂店]
564 行目でエラー：経度が取得できませんでした。[イオン札幌苗穂店]
565 行目でエラー：緯度が取得できませんでした。[イオン札幌平岡店]
565 行目でエラー：経度が取得できませんでした。[イオン札幌平岡店]
566 行目でエラー：緯度が取得できませんでした。[イオン千歳店]
566 行目でエラー：経度が取得できませんでした。[イオン千歳店]
567 行目でエラー：緯度が取得できませんでした。[イオン岩見沢店]
567 行目でエラー：経度が取得できませんでした。[イオン岩見沢店]
568 行目でエラー：緯度が取得できませんでした。[イオンスーパーセンター三笠店]
568 行目でエラー：経度が取得できませんでした。[イオンスーパーセンター三笠店]
569 行目でエラー：緯度が取得できませんでした。[イオン伊達店]
569 行目でエラー：経度が取得できませんでした。[イオン伊達店]
570 行目でエラー：緯度が取得できませんでした。[イオン室蘭店]
570 行目でエラー：経度が取得できませんでした。[イオン室蘭店]
571 行目でエラー：緯度が取得できませんでした。[イオン登別店]
571 行目でエラー：経度が取得できませんでした。[イオン登別店]
572 行目でエラー：緯度が取得できませんでした。[イオン苫小牧店]
572 行目でエラー：経度が取得できませんでした。[イオン苫小牧店]
573 行目でエラー：緯度が取得できませんでした。[イオン根室店]
573 行目でエラー：経度が取得できませんでした。[イオン根室店]
574 行目でエラー：緯度が取得できませんでした。[イオン釧路店]
574 行目でエラー：経度が取得できませんでした。[イオン釧路店]
575 行目でエラー：緯度が取得できませんでした。[イオン釧路昭和店]
575 行目でエラー：経度が取得できませんでした。[イオン釧路昭和店]
576 行目でエラー：緯度が取得できませんでした。[イオン帯広店]
576 行目でエラー：経度が取得できませんでした。[イオン帯広店]
577 行目でエラー：緯度が取得できませんでした。[イオン北見店]
577 行目でエラー：経度が取得できませんでした。[イオン北見店]
578 行目でエラー：緯度が取得できませんでした。[イオン名寄店]
578 行目でエラー：経度が取得できませんでした。[イオン名寄店]
579 行目でエラー：緯度が取得できませんでした。[イオン旭川西店]
579 行目でエラー：経度が取得できませんでした。[イオン旭川西店]
580 行目でエラー：緯度が取得できませんでした。[イオンつがる柏店]
580 行目でエラー：経度が取得できませんでした。[イオンつがる柏店]
581 行目でエラー：緯度が取得できませんでした。[イオン下田店]
581 行目でエラー：経度が取得できませんでした。[イオン下田店]
582 行目でエラー：緯度が取得できませんでした。[イオン横手店]
582 行目でエラー：経度が取得できませんでした。[イオン横手店]
583 行目でエラー：緯度が取得できませんでした。[イオン大曲店]
583 行目でエラー：経度が取得できませんでした。[イオン大曲店]
584 行目でエラー：緯度が取得できませんでした。[イオン秋田中央店]
584 行目でエラー：経度が取得できませんでした。[イオン秋田中央店]
585 行目でエラー：緯度が取得できませんでした。[イオン盛岡店]
585 行目でエラー：経度が取得できませんでした。[イオン盛岡店]
586 行目でエラー：緯度が取得できませんでした。[イオン盛岡南店]
586 行目でエラー：経度が取得できませんでした。[イオン盛岡南店]
587 行目でエラー：緯度が取得できませんでした。[イオン仙台幸町店]
587 行目でエラー：経度が取得できませんでした。[イオン仙台幸町店]
588 行目でエラー：緯度が取得できませんでした。[イオン仙台中山店]
588 行目でエラー：経度が取得できませんでした。[イオン仙台中山店]
589 行目でエラー：緯度が取得できませんでした。[イオン利府店]
589 行目でエラー：経度が取得できませんでした。[イオン利府店]
590 行目でエラー：緯度が取得できませんでした。[イオン石巻店]
590 行目でエラー：経度が取得できませんでした。[イオン石巻店]
591 行目でエラー：緯度が取得できませんでした。[イオン富谷店]
591 行目でエラー：経度が取得できませんでした。[イオン富谷店]
592 行目でエラー：緯度が取得できませんでした。[イオン名取店]
592 行目でエラー：経度が取得できませんでした。[イオン名取店]
593 行目でエラー：緯度が取得できませんでした。[イオン山形南店]
593 行目でエラー：経度が取得できませんでした。[イオン山形南店]
594 行目でエラー：緯度が取得できませんでした。[イオンいわき店]
594 行目でエラー：経度が取得できませんでした。[イオンいわき店]
595 行目でエラー：緯度が取得できませんでした。[イオン郡山松木店]
595 行目でエラー：経度が取得できませんでした。[イオン郡山松木店]
596 行目でエラー：緯度が取得できませんでした。[イオン新潟青山店]
596 行目でエラー：経度が取得できませんでした。[イオン新潟青山店]
597 行目でエラー：緯度が取得できませんでした。[イオン新潟南店]
597 行目でエラー：経度が取得できませんでした。[イオン新潟南店]
598 行目でエラー：緯度が取得できませんでした。[イオン新発田店]
598 行目でエラー：経度が取得できませんでした。[イオン新発田店]
599 行目でエラー：緯度が取得できませんでした。[イオン上越店]
599 行目でエラー：経度が取得できませんでした。[イオン上越店]
600 行目でエラー：緯度が取得できませんでした。[イオン県央店]
600 行目でエラー：経度が取得できませんでした。[イオン県央店]
601 行目でエラー：緯度が取得できませんでした。[イオン佐久平店]
601 行目でエラー：経度が取得できませんでした。[イオン佐久平店]
602 行目でエラー：緯度が取得できませんでした。[イオン上田店]
602 行目でエラー：経度が取得できませんでした。[イオン上田店]
603 行目でエラー：緯度が取得できませんでした。[イオン高崎店]
603 行目でエラー：経度が取得できませんでした。[イオン高崎店]
604 行目でエラー：緯度が取得できませんでした。[イオン太田店]
604 行目でエラー：経度が取得できませんでした。[イオン太田店]
605 行目でエラー：緯度が取得できませんでした。[イオン古河店]
605 行目でエラー：経度が取得できませんでした。[イオン古河店]
606 行目でエラー：緯度が取得できませんでした。[イオン佐野新店]
606 行目でエラー：経度が取得できませんでした。[イオン佐野新店]
607 行目でエラー：緯度が取得できませんでした。[イオン水戸内原店]
607 行目でエラー：経度が取得できませんでした。[イオン水戸内原店]
608 行目でエラー：緯度が取得できませんでした。[イオン下妻店]
608 行目でエラー：経度が取得できませんでした。[イオン下妻店]
609 行目でエラー：緯度が取得できませんでした。[イオンつくば店]
609 行目でエラー：経度が取得できませんでした。[イオンつくば店]
610 行目でエラー：緯度が取得できませんでした。[イオン葛西店]
610 行目でエラー：経度が取得できませんでした。[イオン葛西店]
611 行目でエラー：緯度が取得できませんでした。[イオン碑文谷店]
611 行目でエラー：経度が取得できませんでした。[イオン碑文谷店]
612 行目でエラー：緯度が取得できませんでした。[イオン板橋店]
612 行目でエラー：経度が取得できませんでした。[イオン板橋店]
613 行目でエラー：緯度が取得できませんでした。[イオン南砂店]
613 行目でエラー：経度が取得できませんでした。[イオン南砂店]
614 行目でエラー：緯度が取得できませんでした。[イオン品川SS店]
614 行目でエラー：経度が取得できませんでした。[イオン品川SS店]
615 行目でエラー：緯度が取得できませんでした。[イオン東雲店]
615 行目でエラー：経度が取得できませんでした。[イオン東雲店]
616 行目でエラー：緯度が取得できませんでした。[イオンモバイル八重洲]
616 行目でエラー：経度が取得できませんでした。[イオンモバイル八重洲]
617 行目でエラー：緯度が取得できませんでした。[イオン東久留米店]
617 行目でエラー：経度が取得できませんでした。[イオン東久留米店]
618 行目でエラー：緯度が取得できませんでした。[イオンむさし村山店]
618 行目でエラー：経度が取得できませんでした。[イオンむさし村山店]
619 行目でエラー：緯度が取得できませんでした。[イオン日の出店]
619 行目でエラー：経度が取得できませんでした。[イオン日の出店]
620 行目でエラー：緯度が取得できませんでした。[イオン相模原店]
620 行目でエラー：経度が取得できませんでした。[イオン相模原店]
621 行目でエラー：緯度が取得できませんでした。[イオン橋本店]
621 行目でエラー：経度が取得できませんでした。[イオン橋本店]
622 行目でエラー：緯度が取得できませんでした。[イオン入間店]
622 行目でエラー：経度が取得できませんでした。[イオン入間店]
623 行目でエラー：緯度が取得できませんでした。[イオン武蔵狭山店]
623 行目でエラー：経度が取得できませんでした。[イオン武蔵狭山店]
624 行目でエラー：緯度が取得できませんでした。[イオン鎌取店]
624 行目でエラー：経度が取得できませんでした。[イオン鎌取店]
625 行目でエラー：緯度が取得できませんでした。[イオン稲毛店]
625 行目でエラー：経度が取得できませんでした。[イオン稲毛店]
626 行目でエラー：緯度が取得できませんでした。[イオンマリンピア店]
626 行目でエラー：経度が取得できませんでした。[イオンマリンピア店]
627 行目でエラー：緯度が取得できませんでした。[イオン幕張店]
627 行目でエラー：経度が取得できませんでした。[イオン幕張店]
628 行目でエラー：緯度が取得できませんでした。[イオン幕張新店]
628 行目でエラー：経度が取得できませんでした。[イオン幕張新店]
629 行目でエラー：緯度が取得できませんでした。[イオン八街店]
629 行目でエラー：経度が取得できませんでした。[イオン八街店]
630 行目でエラー：緯度が取得できませんでした。[イオン新ユーカリが丘店]
630 行目でエラー：経度が取得できませんでした。[イオン新ユーカリが丘店]
631 行目でエラー：緯度が取得できませんでした。[イオン新百合ヶ丘店]
631 行目でエラー：経度が取得できませんでした。[イオン新百合ヶ丘店]
632 行目でエラー：緯度が取得できませんでした。[イオン天王町店]
632 行目でエラー：経度が取得できませんでした。[イオン天王町店]
633 行目でエラー：緯度が取得できませんでした。[イオン駒岡店]
633 行目でエラー：経度が取得できませんでした。[イオン駒岡店]
634 行目でエラー：緯度が取得できませんでした。[イオン本牧店]
634 行目でエラー：経度が取得できませんでした。[イオン本牧店]
635 行目でエラー：緯度が取得できませんでした。[イオン大和鶴間店]
635 行目でエラー：経度が取得できませんでした。[イオン大和鶴間店]
636 行目でエラー：緯度が取得できませんでした。[イオン海老名店]
636 行目でエラー：経度が取得できませんでした。[イオン海老名店]
637 行目でエラー：緯度が取得できませんでした。[イオン大和店]
637 行目でエラー：経度が取得できませんでした。[イオン大和店]
638 行目でエラー：緯度が取得できませんでした。[イオンつきみ野店]
638 行目でエラー：経度が取得できませんでした。[イオンつきみ野店]
639 行目でエラー：緯度が取得できませんでした。[イオン秦野店]
639 行目でエラー：経度が取得できませんでした。[イオン秦野店]
640 行目でエラー：緯度が取得できませんでした。[イオン茅ヶ崎中央店]
640 行目でエラー：経度が取得できませんでした。[イオン茅ヶ崎中央店]
641 行目でエラー：緯度が取得できませんでした。[イオン久里浜店]
641 行目でエラー：経度が取得できませんでした。[イオン久里浜店]
642 行目でエラー：緯度が取得できませんでした。[イオン館山店]
642 行目でエラー：経度が取得できませんでした。[イオン館山店]
643 行目でエラー：緯度が取得できませんでした。[イオンノア店]
643 行目でエラー：経度が取得できませんでした。[イオンノア店]
644 行目でエラー：緯度が取得できませんでした。[イオン柏店]
644 行目でエラー：経度が取得できませんでした。[イオン柏店]
645 行目でエラー：緯度が取得できませんでした。[イオン市川妙典店]
645 行目でエラー：経度が取得できませんでした。[イオン市川妙典店]
646 行目でエラー：緯度が取得できませんでした。[イオン船橋店]
646 行目でエラー：経度が取得できませんでした。[イオン船橋店]
647 行目でエラー：緯度が取得できませんでした。[イオン鎌ヶ谷店]
647 行目でエラー：経度が取得できませんでした。[イオン鎌ヶ谷店]
648 行目でエラー：緯度が取得できませんでした。[イオン津田沼店]
648 行目でエラー：経度が取得できませんでした。[イオン津田沼店]
649 行目でエラー：緯度が取得できませんでした。[イオン八千代緑ヶ丘店]
649 行目でエラー：経度が取得できませんでした。[イオン八千代緑ヶ丘店]
650 行目でエラー：緯度が取得できませんでした。[イオン成田店]
650 行目でエラー：経度が取得できませんでした。[イオン成田店]
651 行目でエラー：緯度が取得できませんでした。[イオンBB成田店]
651 行目でエラー：経度が取得できませんでした。[イオンBB成田店]
652 行目でエラー：緯度が取得できませんでした。[イオン千葉NT店]
652 行目でエラー：経度が取得できませんでした。[イオン千葉NT店]
653 行目でエラー：緯度が取得できませんでした。[イオン川口前川店]
653 行目でエラー：経度が取得できませんでした。[イオン川口前川店]
654 行目でエラー：緯度が取得できませんでした。[イオン川口店]
654 行目でエラー：経度が取得できませんでした。[イオン川口店]
655 行目でエラー：緯度が取得できませんでした。[イオン北戸田店]
655 行目でエラー：経度が取得できませんでした。[イオン北戸田店]
656 行目でエラー：緯度が取得できませんでした。[イオン新座店]
656 行目でエラー：経度が取得できませんでした。[イオン新座店]
657 行目でエラー：緯度が取得できませんでした。[イオン熊谷店]
657 行目でエラー：経度が取得できませんでした。[イオン熊谷店]
658 行目でエラー：緯度が取得できませんでした。[イオン羽生店]
658 行目でエラー：経度が取得できませんでした。[イオン羽生店]
659 行目でエラー：緯度が取得できませんでした。[イオン大宮店]
659 行目でエラー：経度が取得できませんでした。[イオン大宮店]
660 行目でエラー：緯度が取得できませんでした。[イオン春日部店]
660 行目でエラー：経度が取得できませんでした。[イオン春日部店]
661 行目でエラー：緯度が取得できませんでした。[イオン浦和美園店]
661 行目でエラー：経度が取得できませんでした。[イオン浦和美園店]
662 行目でエラー：緯度が取得できませんでした。[イオン与野店]
662 行目でエラー：経度が取得できませんでした。[イオン与野店]
663 行目でエラー：緯度が取得できませんでした。[イオンレイク店]
663 行目でエラー：経度が取得できませんでした。[イオンレイク店]
664 行目でエラー：緯度が取得できませんでした。[イオン大井店]
664 行目でエラー：経度が取得できませんでした。[イオン大井店]
665 行目でエラー：緯度が取得できませんでした。[イオン名古屋茶屋店]
665 行目でエラー：経度が取得できませんでした。[イオン名古屋茶屋店]
666 行目でエラー：緯度が取得できませんでした。[イオンワンダーシティ店]
666 行目でエラー：経度が取得できませんでした。[イオンワンダーシティ店]
667 行目でエラー：緯度が取得できませんでした。[イオン大高店]
667 行目でエラー：経度が取得できませんでした。[イオン大高店]
668 行目でエラー：緯度が取得できませんでした。[イオンナゴヤドーム前店]
668 行目でエラー：経度が取得できませんでした。[イオンナゴヤドーム前店]
669 行目でエラー：緯度が取得できませんでした。[イオン熱田店]
669 行目でエラー：経度が取得できませんでした。[イオン熱田店]
670 行目でエラー：緯度が取得できませんでした。[イオン豊橋南店]
670 行目でエラー：経度が取得できませんでした。[イオン豊橋南店]
671 行目でエラー：緯度が取得できませんでした。[イオン豊川店]
671 行目でエラー：経度が取得できませんでした。[イオン豊川店]
672 行目でエラー：緯度が取得できませんでした。[イオン浜松市野店]
672 行目でエラー：経度が取得できませんでした。[イオン浜松市野店]
673 行目でエラー：緯度が取得できませんでした。[イオン袋井店]
673 行目でエラー：経度が取得できませんでした。[イオン袋井店]
674 行目でエラー：緯度が取得できませんでした。[イオン清水店]
674 行目でエラー：経度が取得できませんでした。[イオン清水店]
675 行目でエラー：緯度が取得できませんでした。[イオン富士宮店]
675 行目でエラー：経度が取得できませんでした。[イオン富士宮店]
676 行目でエラー：緯度が取得できませんでした。[イオン焼津店]
676 行目でエラー：経度が取得できませんでした。[イオン焼津店]
677 行目でエラー：緯度が取得できませんでした。[イオン甲府昭和店]
677 行目でエラー：経度が取得できませんでした。[イオン甲府昭和店]
678 行目でエラー：緯度が取得できませんでした。[イオン三好店]
678 行目でエラー：経度が取得できませんでした。[イオン三好店]
679 行目でエラー：緯度が取得できませんでした。[イオン長久手店]
679 行目でエラー：経度が取得できませんでした。[イオン長久手店]
680 行目でエラー：緯度が取得できませんでした。[イオン東浦店]
680 行目でエラー：経度が取得できませんでした。[イオン東浦店]
681 行目でエラー：緯度が取得できませんでした。[イオン岡崎南店]
681 行目でエラー：経度が取得できませんでした。[イオン岡崎南店]
682 行目でエラー：緯度が取得できませんでした。[イオン春日井店]
682 行目でエラー：経度が取得できませんでした。[イオン春日井店]
683 行目でエラー：緯度が取得できませんでした。[イオン常滑店]
683 行目でエラー：経度が取得できませんでした。[イオン常滑店]
684 行目でエラー：緯度が取得できませんでした。[イオン岐阜店]
684 行目でエラー：経度が取得できませんでした。[イオン岐阜店]
685 行目でエラー：緯度が取得できませんでした。[イオン各務原店]
685 行目でエラー：経度が取得できませんでした。[イオン各務原店]
686 行目でエラー：緯度が取得できませんでした。[イオン大垣店]
686 行目でエラー：経度が取得できませんでした。[イオン大垣店]
687 行目でエラー：緯度が取得できませんでした。[イオン木曽川店]
687 行目でエラー：経度が取得できませんでした。[イオン木曽川店]
688 行目でエラー：緯度が取得できませんでした。[イオン津店]
688 行目でエラー：経度が取得できませんでした。[イオン津店]
689 行目でエラー：緯度が取得できませんでした。[イオン四日市尾平店]
689 行目でエラー：経度が取得できませんでした。[イオン四日市尾平店]
690 行目でエラー：緯度が取得できませんでした。[イオン四日市北店]
690 行目でエラー：経度が取得できませんでした。[イオン四日市北店]
691 行目でエラー：緯度が取得できませんでした。[イオン伊勢店]
691 行目でエラー：経度が取得できませんでした。[イオン伊勢店]
692 行目でエラー：緯度が取得できませんでした。[イオン大日店]
692 行目でエラー：経度が取得できませんでした。[イオン大日店]
693 行目でエラー：緯度が取得できませんでした。[イオン鶴見店]
693 行目でエラー：経度が取得できませんでした。[イオン鶴見店]
694 行目でエラー：緯度が取得できませんでした。[イオン野田阪神店]
694 行目でエラー：経度が取得できませんでした。[イオン野田阪神店]
695 行目でエラー：緯度が取得できませんでした。[イオン大阪ドームシティ店]
695 行目でエラー：経度が取得できませんでした。[イオン大阪ドームシティ店]
696 行目でエラー：緯度が取得できませんでした。[イオン喜連瓜破店]
696 行目でエラー：経度が取得できませんでした。[イオン喜連瓜破店]
697 行目でエラー：緯度が取得できませんでした。[イオン金剛東店]
697 行目でエラー：経度が取得できませんでした。[イオン金剛東店]
698 行目でエラー：緯度が取得できませんでした。[イオン堺鉄砲町店]
698 行目でエラー：経度が取得できませんでした。[イオン堺鉄砲町店]
699 行目でエラー：緯度が取得できませんでした。[イオン堺鉄砲町 APB]
699 行目でエラー：経度が取得できませんでした。[イオン堺鉄砲町 APB]
700 行目でエラー：緯度が取得できませんでした。[イオン堺北花田店]
700 行目でエラー：経度が取得できませんでした。[イオン堺北花田店]
701 行目でエラー：緯度が取得できませんでした。[イオン東岸和田店]
701 行目でエラー：経度が取得できませんでした。[イオン東岸和田店]
702 行目でエラー：緯度が取得できませんでした。[イオンりんくう泉南店]
702 行目でエラー：経度が取得できませんでした。[イオンりんくう泉南店]
703 行目でエラー：緯度が取得できませんでした。[イオン茨木店]
703 行目でエラー：経度が取得できませんでした。[イオン茨木店]
704 行目でエラー：緯度が取得できませんでした。[イオン高槻店]
704 行目でエラー：経度が取得できませんでした。[イオン高槻店]
705 行目でエラー：緯度が取得できませんでした。[イオン猪名川店]
705 行目でエラー：経度が取得できませんでした。[イオン猪名川店]
706 行目でエラー：緯度が取得できませんでした。[イオン伊丹昆陽店]
706 行目でエラー：経度が取得できませんでした。[イオン伊丹昆陽店]
707 行目でエラー：緯度が取得できませんでした。[イオン伊丹店]
707 行目でエラー：経度が取得できませんでした。[イオン伊丹店]
708 行目でエラー：緯度が取得できませんでした。[イオン四條畷店]
708 行目でエラー：経度が取得できませんでした。[イオン四條畷店]
709 行目でエラー：緯度が取得できませんでした。[イオン四條畷店　 APB]
709 行目でエラー：経度が取得できませんでした。[イオン四條畷店　 APB]
710 行目でエラー：緯度が取得できませんでした。[イオン和歌山店]
710 行目でエラー：経度が取得できませんでした。[イオン和歌山店]
711 行目でエラー：緯度が取得できませんでした。[イオン大和郡山店]
711 行目でエラー：経度が取得できませんでした。[イオン大和郡山店]
712 行目でエラー：緯度が取得できませんでした。[イオン登美ケ丘店]
712 行目でエラー：経度が取得できませんでした。[イオン登美ケ丘店]
713 行目でエラー：緯度が取得できませんでした。[イオン橿原店]
713 行目でエラー：経度が取得できませんでした。[イオン橿原店]
714 行目でエラー：緯度が取得できませんでした。[イオン桜井店]
714 行目でエラー：経度が取得できませんでした。[イオン桜井店]
715 行目でエラー：緯度が取得できませんでした。[イオン西大和店]
715 行目でエラー：経度が取得できませんでした。[イオン西大和店]
716 行目でエラー：緯度が取得できませんでした。[イオン近江八幡店]
716 行目でエラー：経度が取得できませんでした。[イオン近江八幡店]
717 行目でエラー：緯度が取得できませんでした。[イオン久御山店]
717 行目でエラー：経度が取得できませんでした。[イオン久御山店]
718 行目でエラー：緯度が取得できませんでした。[イオン洛南店]
718 行目でエラー：経度が取得できませんでした。[イオン洛南店]
719 行目でエラー：緯度が取得できませんでした。[イオン京都桂川店]
719 行目でエラー：経度が取得できませんでした。[イオン京都桂川店]
720 行目でエラー：緯度が取得できませんでした。[イオン新小松店]
720 行目でエラー：経度が取得できませんでした。[イオン新小松店]
721 行目でエラー：緯度が取得できませんでした。[イオン杜の里店]
721 行目でエラー：経度が取得できませんでした。[イオン杜の里店]
722 行目でエラー：緯度が取得できませんでした。[イオンかほく店]
722 行目でエラー：経度が取得できませんでした。[イオンかほく店]
723 行目でエラー：緯度が取得できませんでした。[イオン亀岡店]
723 行目でエラー：経度が取得できませんでした。[イオン亀岡店]
724 行目でエラー：緯度が取得できませんでした。[イオン高の原店]
724 行目でエラー：経度が取得できませんでした。[イオン高の原店]
725 行目でエラー：緯度が取得できませんでした。[イオン大津京店]
725 行目でエラー：経度が取得できませんでした。[イオン大津京店]
726 行目でエラー：緯度が取得できませんでした。[イオン草津店]
726 行目でエラー：経度が取得できませんでした。[イオン草津店]
727 行目でエラー：緯度が取得できませんでした。[イオンジェームス山店]
727 行目でエラー：経度が取得できませんでした。[イオンジェームス山店]
728 行目でエラー：緯度が取得できませんでした。[イオン明石店]
728 行目でエラー：経度が取得できませんでした。[イオン明石店]
729 行目でエラー：緯度が取得できませんでした。[イオン神戸北店]
729 行目でエラー：経度が取得できませんでした。[イオン神戸北店]
730 行目でエラー：緯度が取得できませんでした。[イオン赤穂店]
730 行目でエラー：経度が取得できませんでした。[イオン赤穂店]
731 行目でエラー：緯度が取得できませんでした。[イオン姫路大津店]
731 行目でエラー：経度が取得できませんでした。[イオン姫路大津店]
732 行目でエラー：緯度が取得できませんでした。[イオンリバーシティー店]
732 行目でエラー：経度が取得できませんでした。[イオンリバーシティー店]
733 行目でエラー：緯度が取得できませんでした。[イオン加古川店]
733 行目でエラー：経度が取得できませんでした。[イオン加古川店]
734 行目でエラー：緯度が取得できませんでした。[イオン小野店]
734 行目でエラー：経度が取得できませんでした。[イオン小野店]
735 行目でエラー：緯度が取得できませんでした。[イオン三田ウッディタウン店]
735 行目でエラー：経度が取得できませんでした。[イオン三田ウッディタウン店]
736 行目でエラー：緯度が取得できませんでした。[イオン洲本店]
736 行目でエラー：経度が取得できませんでした。[イオン洲本店]
737 行目でエラー：緯度が取得できませんでした。[イオン淡路店]
737 行目でエラー：経度が取得できませんでした。[イオン淡路店]
738 行目でエラー：緯度が取得できませんでした。[イオン広島府中店]
738 行目でエラー：経度が取得できませんでした。[イオン広島府中店]
739 行目でエラー：緯度が取得できませんでした。[イオン広島祇園店]
739 行目でエラー：経度が取得できませんでした。[イオン広島祇園店]
740 行目でエラー：緯度が取得できませんでした。[イオン松江店]
740 行目でエラー：経度が取得できませんでした。[イオン松江店]
741 行目でエラー：緯度が取得できませんでした。[イオン鳥取北店]
741 行目でエラー：経度が取得できませんでした。[イオン鳥取北店]
742 行目でエラー：緯度が取得できませんでした。[イオン日吉津店]
742 行目でエラー：経度が取得できませんでした。[イオン日吉津店]
743 行目でエラー：緯度が取得できませんでした。[イオン倉敷店]
743 行目でエラー：経度が取得できませんでした。[イオン倉敷店]
744 行目でエラー：緯度が取得できませんでした。[イオン岡山店]
744 行目でエラー：経度が取得できませんでした。[イオン岡山店]
745 行目でエラー：緯度が取得できませんでした。[イオン津山店]
745 行目でエラー：経度が取得できませんでした。[イオン津山店]
746 行目でエラー：緯度が取得できませんでした。[イオン高松東店]
746 行目でエラー：経度が取得できませんでした。[イオン高松東店]
747 行目でエラー：緯度が取得できませんでした。[イオン高松店]
747 行目でエラー：経度が取得できませんでした。[イオン高松店]
748 行目でエラー：緯度が取得できませんでした。[イオン徳島店]
748 行目でエラー：経度が取得できませんでした。[イオン徳島店]
749 行目でエラー：緯度が取得できませんでした。[イオン高知店]
749 行目でエラー：経度が取得できませんでした。[イオン高知店]
750 行目でエラー：緯度が取得できませんでした。[イオン新居浜店]
750 行目でエラー：経度が取得できませんでした。[イオン新居浜店]
751 行目でエラー：緯度が取得できませんでした。[イオン松山店]
751 行目でエラー：経度が取得できませんでした。[イオン松山店]
752 行目でエラー：緯度が取得できませんでした。[イオン香椎浜店]
752 行目でエラー：経度が取得できませんでした。[イオン香椎浜店]
753 行目でエラー：緯度が取得できませんでした。[イオン福岡伊都店]
753 行目でエラー：経度が取得できませんでした。[イオン福岡伊都店]
754 行目でエラー：緯度が取得できませんでした。[イオン筑紫野店]
754 行目でエラー：経度が取得できませんでした。[イオン筑紫野店]
755 行目でエラー：緯度が取得できませんでした。[イオン福岡店]
755 行目でエラー：経度が取得できませんでした。[イオン福岡店]
756 行目でエラー：緯度が取得できませんでした。[イオン八幡東店]
756 行目でエラー：経度が取得できませんでした。[イオン八幡東店]
757 行目でエラー：緯度が取得できませんでした。[イオン若松店]
757 行目でエラー：経度が取得できませんでした。[イオン若松店]
758 行目でエラー：緯度が取得できませんでした。[イオン直方店]
758 行目でエラー：経度が取得できませんでした。[イオン直方店]
759 行目でエラー：緯度が取得できませんでした。[イオン佐賀大和店]
759 行目でエラー：経度が取得できませんでした。[イオン佐賀大和店]
760 行目でエラー：緯度が取得できませんでした。[イオン唐津店]
760 行目でエラー：経度が取得できませんでした。[イオン唐津店]
761 行目でエラー：緯度が取得できませんでした。[イオン大塔店]
761 行目でエラー：経度が取得できませんでした。[イオン大塔店]
762 行目でエラー：緯度が取得できませんでした。[イオン大村店]
762 行目でエラー：経度が取得できませんでした。[イオン大村店]
763 行目でエラー：緯度が取得できませんでした。[イオン菊陽店]
763 行目でエラー：経度が取得できませんでした。[イオン菊陽店]
764 行目でエラー：緯度が取得できませんでした。[イオン熊本店]
764 行目でエラー：経度が取得できませんでした。[イオン熊本店]
765 行目でエラー：緯度が取得できませんでした。[イオン八代店]
765 行目でエラー：経度が取得できませんでした。[イオン八代店]
766 行目でエラー：緯度が取得できませんでした。[イオンパークプレイス大分店]
766 行目でエラー：経度が取得できませんでした。[イオンパークプレイス大分店]
767 行目でエラー：緯度が取得できませんでした。[イオン挾間店]
767 行目でエラー：経度が取得できませんでした。[イオン挾間店]
768 行目でエラー：緯度が取得できませんでした。[イオン延岡店]
768 行目でエラー：経度が取得できませんでした。[イオン延岡店]
769 行目でエラー：緯度が取得できませんでした。[イオン宮崎店]
769 行目でエラー：経度が取得できませんでした。[イオン宮崎店]
770 行目でエラー：緯度が取得できませんでした。[イオン都城店]
770 行目でエラー：経度が取得できませんでした。[イオン都城店]
771 行目でエラー：緯度が取得できませんでした。[イオン那覇店]
771 行目でエラー：経度が取得できませんでした。[イオン那覇店]
772 行目でエラー：緯度が取得できませんでした。[イオン南風原店]
772 行目でエラー：経度が取得できませんでした。[イオン南風原店]
773 行目でエラー：緯度が取得できませんでした。[イオン具志川店]
773 行目でエラー：経度が取得できませんでした。[イオン具志川店]
774 行目でエラー：緯度が取得できませんでした。[イオンライカム店]
774 行目でエラー：経度が取得できませんでした。[イオンライカム店]
775 行目でエラー：緯度が取得できませんでした。[イオン鹿児島店]
775 行目でエラー：経度が取得できませんでした。[イオン鹿児島店]
776 行目でエラー：緯度が取得できませんでした。[イオン姶良店]
776 行目でエラー：経度が取得できませんでした。[イオン姶良店]
