2 行目でエラー：緯度が取得できませんでした。
2 行目でエラー：経度が取得できませんでした。
5 行目でエラー：緯度が取得できませんでした。
5 行目でエラー：経度が取得できませんでした。
14 行目でエラー：緯度が取得できませんでした。
14 行目でエラー：経度が取得できませんでした。
15 行目でエラー：緯度が取得できませんでした。
15 行目でエラー：経度が取得できませんでした。
34 行目でエラー：緯度が取得できませんでした。
34 行目でエラー：経度が取得できませんでした。
35 行目でエラー：緯度が取得できませんでした。
35 行目でエラー：経度が取得できませんでした。
36 行目でエラー：緯度が取得できませんでした。
36 行目でエラー：経度が取得できませんでした。
37 行目でエラー：緯度が取得できませんでした。
37 行目でエラー：経度が取得できませんでした。
48 行目でエラー：緯度が取得できませんでした。
48 行目でエラー：経度が取得できませんでした。
49 行目でエラー：緯度が取得できませんでした。
49 行目でエラー：経度が取得できませんでした。
50 行目でエラー：緯度が取得できませんでした。
50 行目でエラー：経度が取得できませんでした。
51 行目でエラー：緯度が取得できませんでした。
51 行目でエラー：経度が取得できませんでした。
53 行目でエラー：緯度が取得できませんでした。
53 行目でエラー：経度が取得できませんでした。
58 行目でエラー：緯度が取得できませんでした。
58 行目でエラー：経度が取得できませんでした。
60 行目でエラー：緯度が取得できませんでした。
60 行目でエラー：経度が取得できませんでした。
62 行目でエラー：緯度が取得できませんでした。
62 行目でエラー：経度が取得できませんでした。
66 行目でエラー：緯度が取得できませんでした。
66 行目でエラー：経度が取得できませんでした。
67 行目でエラー：緯度が取得できませんでした。
67 行目でエラー：経度が取得できませんでした。
68 行目でエラー：緯度が取得できませんでした。
68 行目でエラー：経度が取得できませんでした。
70 行目でエラー：緯度が取得できませんでした。
70 行目でエラー：経度が取得できませんでした。
75 行目でエラー：緯度が取得できませんでした。
75 行目でエラー：経度が取得できませんでした。
76 行目でエラー：緯度が取得できませんでした。
76 行目でエラー：経度が取得できませんでした。
78 行目でエラー：緯度が取得できませんでした。
78 行目でエラー：経度が取得できませんでした。
79 行目でエラー：緯度が取得できませんでした。
79 行目でエラー：経度が取得できませんでした。
80 行目でエラー：緯度が取得できませんでした。
80 行目でエラー：経度が取得できませんでした。
82 行目でエラー：緯度が取得できませんでした。
82 行目でエラー：経度が取得できませんでした。
83 行目でエラー：緯度が取得できませんでした。
83 行目でエラー：経度が取得できませんでした。
89 行目でエラー：緯度が取得できませんでした。
89 行目でエラー：経度が取得できませんでした。
90 行目でエラー：緯度が取得できませんでした。
90 行目でエラー：経度が取得できませんでした。
92 行目でエラー：緯度が取得できませんでした。
92 行目でエラー：経度が取得できませんでした。
100 行目でエラー：緯度が取得できませんでした。
100 行目でエラー：経度が取得できませんでした。
101 行目でエラー：緯度が取得できませんでした。
101 行目でエラー：経度が取得できませんでした。
102 行目でエラー：緯度が取得できませんでした。
102 行目でエラー：経度が取得できませんでした。
109 行目でエラー：都道府県が判定できませんでした。
110 行目でエラー：緯度が取得できませんでした。
110 行目でエラー：経度が取得できませんでした。
111 行目でエラー：緯度が取得できませんでした。
111 行目でエラー：経度が取得できませんでした。
112 行目でエラー：緯度が取得できませんでした。
112 行目でエラー：経度が取得できませんでした。
113 行目でエラー：緯度が取得できませんでした。
113 行目でエラー：経度が取得できませんでした。
114 行目でエラー：緯度が取得できませんでした。
114 行目でエラー：経度が取得できませんでした。
115 行目でエラー：緯度が取得できませんでした。
115 行目でエラー：経度が取得できませんでした。
116 行目でエラー：緯度が取得できませんでした。
116 行目でエラー：経度が取得できませんでした。
117 行目でエラー：緯度が取得できませんでした。
117 行目でエラー：経度が取得できませんでした。
118 行目でエラー：緯度が取得できませんでした。
118 行目でエラー：経度が取得できませんでした。
119 行目でエラー：緯度が取得できませんでした。
119 行目でエラー：経度が取得できませんでした。
121 行目でエラー：緯度が取得できませんでした。
121 行目でエラー：経度が取得できませんでした。
122 行目でエラー：緯度が取得できませんでした。
122 行目でエラー：経度が取得できませんでした。
123 行目でエラー：緯度が取得できませんでした。
123 行目でエラー：経度が取得できませんでした。
124 行目でエラー：緯度が取得できませんでした。
124 行目でエラー：経度が取得できませんでした。
127 行目でエラー：緯度が取得できませんでした。
127 行目でエラー：経度が取得できませんでした。
130 行目でエラー：緯度が取得できませんでした。
130 行目でエラー：経度が取得できませんでした。
131 行目でエラー：緯度が取得できませんでした。
131 行目でエラー：経度が取得できませんでした。
132 行目でエラー：緯度が取得できませんでした。
132 行目でエラー：経度が取得できませんでした。
133 行目でエラー：緯度が取得できませんでした。
133 行目でエラー：経度が取得できませんでした。
134 行目でエラー：緯度が取得できませんでした。
134 行目でエラー：経度が取得できませんでした。
135 行目でエラー：緯度が取得できませんでした。
135 行目でエラー：経度が取得できませんでした。
136 行目でエラー：緯度が取得できませんでした。
136 行目でエラー：経度が取得できませんでした。
151 行目でエラー：緯度が取得できませんでした。
151 行目でエラー：経度が取得できませんでした。
155 行目でエラー：緯度が取得できませんでした。
155 行目でエラー：経度が取得できませんでした。
156 行目でエラー：緯度が取得できませんでした。
156 行目でエラー：経度が取得できませんでした。
157 行目でエラー：緯度が取得できませんでした。
157 行目でエラー：経度が取得できませんでした。
160 行目でエラー：緯度が取得できませんでした。
160 行目でエラー：経度が取得できませんでした。
167 行目でエラー：緯度が取得できませんでした。
167 行目でエラー：経度が取得できませんでした。
170 行目でエラー：緯度が取得できませんでした。
170 行目でエラー：経度が取得できませんでした。
171 行目でエラー：緯度が取得できませんでした。
171 行目でエラー：経度が取得できませんでした。
174 行目でエラー：緯度が取得できませんでした。
174 行目でエラー：経度が取得できませんでした。
175 行目でエラー：緯度が取得できませんでした。
175 行目でエラー：経度が取得できませんでした。
176 行目でエラー：緯度が取得できませんでした。
176 行目でエラー：経度が取得できませんでした。
177 行目でエラー：緯度が取得できませんでした。
177 行目でエラー：経度が取得できませんでした。
178 行目でエラー：緯度が取得できませんでした。
178 行目でエラー：経度が取得できませんでした。
187 行目でエラー：緯度が取得できませんでした。
187 行目でエラー：経度が取得できませんでした。
198 行目でエラー：緯度が取得できませんでした。
198 行目でエラー：経度が取得できませんでした。
209 行目でエラー：緯度が取得できませんでした。
209 行目でエラー：経度が取得できませんでした。
210 行目でエラー：緯度が取得できませんでした。
210 行目でエラー：経度が取得できませんでした。
221 行目でエラー：緯度が取得できませんでした。
221 行目でエラー：経度が取得できませんでした。
222 行目でエラー：緯度が取得できませんでした。
222 行目でエラー：経度が取得できませんでした。
223 行目でエラー：緯度が取得できませんでした。
223 行目でエラー：経度が取得できませんでした。
224 行目でエラー：緯度が取得できませんでした。
224 行目でエラー：経度が取得できませんでした。
235 行目でエラー：緯度が取得できませんでした。
235 行目でエラー：経度が取得できませんでした。
236 行目でエラー：緯度が取得できませんでした。
236 行目でエラー：経度が取得できませんでした。
237 行目でエラー：緯度が取得できませんでした。
237 行目でエラー：経度が取得できませんでした。
238 行目でエラー：緯度が取得できませんでした。
238 行目でエラー：経度が取得できませんでした。
249 行目でエラー：緯度が取得できませんでした。
249 行目でエラー：経度が取得できませんでした。
250 行目でエラー：緯度が取得できませんでした。
250 行目でエラー：経度が取得できませんでした。
251 行目でエラー：緯度が取得できませんでした。
251 行目でエラー：経度が取得できませんでした。
252 行目でエラー：緯度が取得できませんでした。
252 行目でエラー：経度が取得できませんでした。
263 行目でエラー：緯度が取得できませんでした。
263 行目でエラー：経度が取得できませんでした。
264 行目でエラー：緯度が取得できませんでした。
264 行目でエラー：経度が取得できませんでした。
265 行目でエラー：緯度が取得できませんでした。
265 行目でエラー：経度が取得できませんでした。
266 行目でエラー：緯度が取得できませんでした。
266 行目でエラー：経度が取得できませんでした。
267 行目でエラー：緯度が取得できませんでした。
267 行目でエラー：経度が取得できませんでした。
278 行目でエラー：緯度が取得できませんでした。
278 行目でエラー：経度が取得できませんでした。
279 行目でエラー：緯度が取得できませんでした。
279 行目でエラー：経度が取得できませんでした。
280 行目でエラー：緯度が取得できませんでした。
280 行目でエラー：経度が取得できませんでした。
281 行目でエラー：緯度が取得できませんでした。
281 行目でエラー：経度が取得できませんでした。
282 行目でエラー：緯度が取得できませんでした。
282 行目でエラー：経度が取得できませんでした。
293 行目でエラー：緯度が取得できませんでした。
293 行目でエラー：経度が取得できませんでした。
294 行目でエラー：緯度が取得できませんでした。
294 行目でエラー：経度が取得できませんでした。
295 行目でエラー：緯度が取得できませんでした。
295 行目でエラー：経度が取得できませんでした。
296 行目でエラー：緯度が取得できませんでした。
296 行目でエラー：経度が取得できませんでした。
299 行目でエラー：都道府県が判定できませんでした。
307 行目でエラー：緯度が取得できませんでした。
307 行目でエラー：経度が取得できませんでした。
308 行目でエラー：緯度が取得できませんでした。
308 行目でエラー：経度が取得できませんでした。
309 行目でエラー：緯度が取得できませんでした。
309 行目でエラー：経度が取得できませんでした。
310 行目でエラー：緯度が取得できませんでした。
310 行目でエラー：経度が取得できませんでした。
311 行目でエラー：緯度が取得できませんでした。
311 行目でエラー：経度が取得できませんでした。
313 行目でエラー：緯度が取得できませんでした。
313 行目でエラー：経度が取得できませんでした。
317 行目でエラー：緯度が取得できませんでした。
317 行目でエラー：経度が取得できませんでした。
318 行目でエラー：緯度が取得できませんでした。
318 行目でエラー：経度が取得できませんでした。
335 行目でエラー：緯度が取得できませんでした。
335 行目でエラー：経度が取得できませんでした。
336 行目でエラー：緯度が取得できませんでした。
336 行目でエラー：経度が取得できませんでした。
337 行目でエラー：緯度が取得できませんでした。
337 行目でエラー：経度が取得できませんでした。
338 行目でエラー：緯度が取得できませんでした。
338 行目でエラー：経度が取得できませんでした。
349 行目でエラー：緯度が取得できませんでした。
349 行目でエラー：経度が取得できませんでした。
350 行目でエラー：緯度が取得できませんでした。
350 行目でエラー：経度が取得できませんでした。
351 行目でエラー：緯度が取得できませんでした。
351 行目でエラー：経度が取得できませんでした。
352 行目でエラー：緯度が取得できませんでした。
352 行目でエラー：経度が取得できませんでした。
353 行目でエラー：緯度が取得できませんでした。
353 行目でエラー：経度が取得できませんでした。
356 行目でエラー：緯度が取得できませんでした。
356 行目でエラー：経度が取得できませんでした。
357 行目でエラー：緯度が取得できませんでした。
357 行目でエラー：経度が取得できませんでした。
358 行目でエラー：緯度が取得できませんでした。
358 行目でエラー：経度が取得できませんでした。
360 行目でエラー：緯度が取得できませんでした。
360 行目でエラー：経度が取得できませんでした。
361 行目でエラー：緯度が取得できませんでした。
361 行目でエラー：経度が取得できませんでした。
362 行目でエラー：緯度が取得できませんでした。
362 行目でエラー：経度が取得できませんでした。
363 行目でエラー：緯度が取得できませんでした。
363 行目でエラー：経度が取得できませんでした。
364 行目でエラー：緯度が取得できませんでした。
364 行目でエラー：経度が取得できませんでした。
365 行目でエラー：緯度が取得できませんでした。
365 行目でエラー：経度が取得できませんでした。
368 行目でエラー：緯度が取得できませんでした。
368 行目でエラー：経度が取得できませんでした。
369 行目でエラー：緯度が取得できませんでした。
369 行目でエラー：経度が取得できませんでした。
370 行目でエラー：緯度が取得できませんでした。
370 行目でエラー：経度が取得できませんでした。
371 行目でエラー：緯度が取得できませんでした。
371 行目でエラー：経度が取得できませんでした。
372 行目でエラー：緯度が取得できませんでした。
372 行目でエラー：経度が取得できませんでした。
373 行目でエラー：緯度が取得できませんでした。
373 行目でエラー：経度が取得できませんでした。
375 行目でエラー：緯度が取得できませんでした。
375 行目でエラー：経度が取得できませんでした。
376 行目でエラー：緯度が取得できませんでした。
376 行目でエラー：経度が取得できませんでした。
377 行目でエラー：緯度が取得できませんでした。
377 行目でエラー：経度が取得できませんでした。
378 行目でエラー：緯度が取得できませんでした。
378 行目でエラー：経度が取得できませんでした。
379 行目でエラー：緯度が取得できませんでした。
379 行目でエラー：経度が取得できませんでした。
380 行目でエラー：緯度が取得できませんでした。
380 行目でエラー：経度が取得できませんでした。
381 行目でエラー：緯度が取得できませんでした。
381 行目でエラー：経度が取得できませんでした。
382 行目でエラー：緯度が取得できませんでした。
382 行目でエラー：経度が取得できませんでした。
384 行目でエラー：緯度が取得できませんでした。
384 行目でエラー：経度が取得できませんでした。
385 行目でエラー：緯度が取得できませんでした。
385 行目でエラー：経度が取得できませんでした。
386 行目でエラー：緯度が取得できませんでした。
386 行目でエラー：経度が取得できませんでした。
387 行目でエラー：緯度が取得できませんでした。
387 行目でエラー：経度が取得できませんでした。
388 行目でエラー：緯度が取得できませんでした。
388 行目でエラー：経度が取得できませんでした。
389 行目でエラー：緯度が取得できませんでした。
389 行目でエラー：経度が取得できませんでした。
391 行目でエラー：緯度が取得できませんでした。
391 行目でエラー：経度が取得できませんでした。
393 行目でエラー：緯度が取得できませんでした。
393 行目でエラー：経度が取得できませんでした。
394 行目でエラー：緯度が取得できませんでした。
394 行目でエラー：経度が取得できませんでした。
395 行目でエラー：緯度が取得できませんでした。
395 行目でエラー：経度が取得できませんでした。
397 行目でエラー：緯度が取得できませんでした。
397 行目でエラー：経度が取得できませんでした。
398 行目でエラー：緯度が取得できませんでした。
398 行目でエラー：経度が取得できませんでした。
399 行目でエラー：緯度が取得できませんでした。
399 行目でエラー：経度が取得できませんでした。
400 行目でエラー：緯度が取得できませんでした。
400 行目でエラー：経度が取得できませんでした。
402 行目でエラー：緯度が取得できませんでした。
402 行目でエラー：経度が取得できませんでした。
403 行目でエラー：緯度が取得できませんでした。
403 行目でエラー：経度が取得できませんでした。
404 行目でエラー：緯度が取得できませんでした。
404 行目でエラー：経度が取得できませんでした。
405 行目でエラー：緯度が取得できませんでした。
405 行目でエラー：経度が取得できませんでした。
406 行目でエラー：緯度が取得できませんでした。
406 行目でエラー：経度が取得できませんでした。
407 行目でエラー：緯度が取得できませんでした。
407 行目でエラー：経度が取得できませんでした。
408 行目でエラー：緯度が取得できませんでした。
408 行目でエラー：経度が取得できませんでした。
409 行目でエラー：緯度が取得できませんでした。
409 行目でエラー：経度が取得できませんでした。
410 行目でエラー：緯度が取得できませんでした。
410 行目でエラー：経度が取得できませんでした。
411 行目でエラー：緯度が取得できませんでした。
411 行目でエラー：経度が取得できませんでした。
414 行目でエラー：緯度が取得できませんでした。
414 行目でエラー：経度が取得できませんでした。
415 行目でエラー：緯度が取得できませんでした。
415 行目でエラー：経度が取得できませんでした。
418 行目でエラー：緯度が取得できませんでした。
418 行目でエラー：経度が取得できませんでした。
427 行目でエラー：緯度が取得できませんでした。
427 行目でエラー：経度が取得できませんでした。
428 行目でエラー：緯度が取得できませんでした。
428 行目でエラー：経度が取得できませんでした。
430 行目でエラー：緯度が取得できませんでした。
430 行目でエラー：経度が取得できませんでした。
431 行目でエラー：緯度が取得できませんでした。
431 行目でエラー：経度が取得できませんでした。
431 行目でエラー：都道府県が判定できませんでした。
432 行目でエラー：都道府県が判定できませんでした。
433 行目でエラー：緯度が取得できませんでした。
433 行目でエラー：経度が取得できませんでした。
436 行目でエラー：緯度が取得できませんでした。
436 行目でエラー：経度が取得できませんでした。
436 行目でエラー：都道府県が判定できませんでした。
437 行目でエラー：緯度が取得できませんでした。
437 行目でエラー：経度が取得できませんでした。
445 行目でエラー：緯度が取得できませんでした。
445 行目でエラー：経度が取得できませんでした。
446 行目でエラー：緯度が取得できませんでした。
446 行目でエラー：経度が取得できませんでした。
450 行目でエラー：緯度が取得できませんでした。
450 行目でエラー：経度が取得できませんでした。
451 行目でエラー：緯度が取得できませんでした。
451 行目でエラー：経度が取得できませんでした。
452 行目でエラー：緯度が取得できませんでした。
452 行目でエラー：経度が取得できませんでした。
454 行目でエラー：緯度が取得できませんでした。
454 行目でエラー：経度が取得できませんでした。
458 行目でエラー：緯度が取得できませんでした。
458 行目でエラー：経度が取得できませんでした。
461 行目でエラー：緯度が取得できませんでした。
461 行目でエラー：経度が取得できませんでした。
463 行目でエラー：緯度が取得できませんでした。
463 行目でエラー：経度が取得できませんでした。
466 行目でエラー：緯度が取得できませんでした。
466 行目でエラー：経度が取得できませんでした。
468 行目でエラー：緯度が取得できませんでした。
468 行目でエラー：経度が取得できませんでした。
469 行目でエラー：緯度が取得できませんでした。
469 行目でエラー：経度が取得できませんでした。
470 行目でエラー：緯度が取得できませんでした。
470 行目でエラー：経度が取得できませんでした。
472 行目でエラー：緯度が取得できませんでした。
472 行目でエラー：経度が取得できませんでした。
478 行目でエラー：緯度が取得できませんでした。
478 行目でエラー：経度が取得できませんでした。
479 行目でエラー：緯度が取得できませんでした。
479 行目でエラー：経度が取得できませんでした。
484 行目でエラー：緯度が取得できませんでした。
484 行目でエラー：経度が取得できませんでした。
485 行目でエラー：緯度が取得できませんでした。
485 行目でエラー：経度が取得できませんでした。
486 行目でエラー：緯度が取得できませんでした。
486 行目でエラー：経度が取得できませんでした。
487 行目でエラー：緯度が取得できませんでした。
487 行目でエラー：経度が取得できませんでした。
487 行目でエラー：都道府県が判定できませんでした。
489 行目でエラー：緯度が取得できませんでした。
489 行目でエラー：経度が取得できませんでした。
491 行目でエラー：緯度が取得できませんでした。
491 行目でエラー：経度が取得できませんでした。
492 行目でエラー：緯度が取得できませんでした。
492 行目でエラー：経度が取得できませんでした。
496 行目でエラー：緯度が取得できませんでした。
496 行目でエラー：経度が取得できませんでした。
499 行目でエラー：緯度が取得できませんでした。
499 行目でエラー：経度が取得できませんでした。
501 行目でエラー：緯度が取得できませんでした。
501 行目でエラー：経度が取得できませんでした。
502 行目でエラー：緯度が取得できませんでした。
502 行目でエラー：経度が取得できませんでした。
503 行目でエラー：緯度が取得できませんでした。
503 行目でエラー：経度が取得できませんでした。
504 行目でエラー：緯度が取得できませんでした。
504 行目でエラー：経度が取得できませんでした。
505 行目でエラー：緯度が取得できませんでした。
505 行目でエラー：経度が取得できませんでした。
507 行目でエラー：緯度が取得できませんでした。
507 行目でエラー：経度が取得できませんでした。
510 行目でエラー：緯度が取得できませんでした。
510 行目でエラー：経度が取得できませんでした。
511 行目でエラー：緯度が取得できませんでした。
511 行目でエラー：経度が取得できませんでした。
516 行目でエラー：緯度が取得できませんでした。
516 行目でエラー：経度が取得できませんでした。
520 行目でエラー：緯度が取得できませんでした。
520 行目でエラー：経度が取得できませんでした。
526 行目でエラー：緯度が取得できませんでした。
526 行目でエラー：経度が取得できませんでした。
529 行目でエラー：緯度が取得できませんでした。
529 行目でエラー：経度が取得できませんでした。
533 行目でエラー：緯度が取得できませんでした。
533 行目でエラー：経度が取得できませんでした。
534 行目でエラー：緯度が取得できませんでした。
534 行目でエラー：経度が取得できませんでした。
535 行目でエラー：緯度が取得できませんでした。
535 行目でエラー：経度が取得できませんでした。
541 行目でエラー：緯度が取得できませんでした。
541 行目でエラー：経度が取得できませんでした。
543 行目でエラー：緯度が取得できませんでした。
543 行目でエラー：経度が取得できませんでした。
548 行目でエラー：緯度が取得できませんでした。
548 行目でエラー：経度が取得できませんでした。
549 行目でエラー：緯度が取得できませんでした。
549 行目でエラー：経度が取得できませんでした。
550 行目でエラー：緯度が取得できませんでした。
550 行目でエラー：経度が取得できませんでした。
551 行目でエラー：緯度が取得できませんでした。
551 行目でエラー：経度が取得できませんでした。
562 行目でエラー：緯度が取得できませんでした。
562 行目でエラー：経度が取得できませんでした。
562 行目でエラー：都道府県が判定できませんでした。
563 行目でエラー：緯度が取得できませんでした。
563 行目でエラー：経度が取得できませんでした。
564 行目でエラー：緯度が取得できませんでした。
564 行目でエラー：経度が取得できませんでした。
564 行目でエラー：都道府県が判定できませんでした。
565 行目でエラー：緯度が取得できませんでした。
565 行目でエラー：経度が取得できませんでした。
565 行目でエラー：都道府県が判定できませんでした。
566 行目でエラー：都道府県が判定できませんでした。
567 行目でエラー：緯度が取得できませんでした。
567 行目でエラー：経度が取得できませんでした。
568 行目でエラー：都道府県が判定できませんでした。
569 行目でエラー：都道府県が判定できませんでした。
570 行目でエラー：都道府県が判定できませんでした。
572 行目でエラー：緯度が取得できませんでした。
572 行目でエラー：経度が取得できませんでした。
576 行目でエラー：緯度が取得できませんでした。
576 行目でエラー：経度が取得できませんでした。
577 行目でエラー：緯度が取得できませんでした。
577 行目でエラー：経度が取得できませんでした。
578 行目でエラー：緯度が取得できませんでした。
578 行目でエラー：経度が取得できませんでした。
579 行目でエラー：緯度が取得できませんでした。
579 行目でエラー：経度が取得できませんでした。
580 行目でエラー：緯度が取得できませんでした。
580 行目でエラー：経度が取得できませんでした。
591 行目でエラー：緯度が取得できませんでした。
591 行目でエラー：経度が取得できませんでした。
592 行目でエラー：緯度が取得できませんでした。
592 行目でエラー：経度が取得できませんでした。
593 行目でエラー：緯度が取得できませんでした。
593 行目でエラー：経度が取得できませんでした。
594 行目でエラー：緯度が取得できませんでした。
594 行目でエラー：経度が取得できませんでした。
605 行目でエラー：緯度が取得できませんでした。
605 行目でエラー：経度が取得できませんでした。
606 行目でエラー：緯度が取得できませんでした。
606 行目でエラー：経度が取得できませんでした。
617 行目でエラー：緯度が取得できませんでした。
617 行目でエラー：経度が取得できませんでした。
618 行目でエラー：緯度が取得できませんでした。
618 行目でエラー：経度が取得できませんでした。
619 行目でエラー：緯度が取得できませんでした。
619 行目でエラー：経度が取得できませんでした。
620 行目でエラー：緯度が取得できませんでした。
620 行目でエラー：経度が取得できませんでした。
621 行目でエラー：緯度が取得できませんでした。
621 行目でエラー：経度が取得できませんでした。
632 行目でエラー：緯度が取得できませんでした。
632 行目でエラー：経度が取得できませんでした。
633 行目でエラー：緯度が取得できませんでした。
633 行目でエラー：経度が取得できませんでした。
634 行目でエラー：緯度が取得できませんでした。
634 行目でエラー：経度が取得できませんでした。
635 行目でエラー：緯度が取得できませんでした。
635 行目でエラー：経度が取得できませんでした。
646 行目でエラー：緯度が取得できませんでした。
646 行目でエラー：経度が取得できませんでした。
647 行目でエラー：緯度が取得できませんでした。
647 行目でエラー：経度が取得できませんでした。
658 行目でエラー：緯度が取得できませんでした。
658 行目でエラー：経度が取得できませんでした。
659 行目でエラー：緯度が取得できませんでした。
659 行目でエラー：経度が取得できませんでした。
660 行目でエラー：緯度が取得できませんでした。
660 行目でエラー：経度が取得できませんでした。
661 行目でエラー：緯度が取得できませんでした。
661 行目でエラー：経度が取得できませんでした。
672 行目でエラー：緯度が取得できませんでした。
672 行目でエラー：経度が取得できませんでした。
673 行目でエラー：緯度が取得できませんでした。
673 行目でエラー：経度が取得できませんでした。
674 行目でエラー：緯度が取得できませんでした。
674 行目でエラー：経度が取得できませんでした。
685 行目でエラー：緯度が取得できませんでした。
685 行目でエラー：経度が取得できませんでした。
686 行目でエラー：緯度が取得できませんでした。
686 行目でエラー：経度が取得できませんでした。
687 行目でエラー：緯度が取得できませんでした。
687 行目でエラー：経度が取得できませんでした。
688 行目でエラー：緯度が取得できませんでした。
688 行目でエラー：経度が取得できませんでした。
699 行目でエラー：緯度が取得できませんでした。
699 行目でエラー：経度が取得できませんでした。
700 行目でエラー：緯度が取得できませんでした。
700 行目でエラー：経度が取得できませんでした。
701 行目でエラー：緯度が取得できませんでした。
701 行目でエラー：経度が取得できませんでした。
702 行目でエラー：緯度が取得できませんでした。
702 行目でエラー：経度が取得できませんでした。
713 行目でエラー：緯度が取得できませんでした。
713 行目でエラー：経度が取得できませんでした。
714 行目でエラー：緯度が取得できませんでした。
714 行目でエラー：経度が取得できませんでした。
715 行目でエラー：緯度が取得できませんでした。
715 行目でエラー：経度が取得できませんでした。
716 行目でエラー：緯度が取得できませんでした。
716 行目でエラー：経度が取得できませんでした。
727 行目でエラー：緯度が取得できませんでした。
727 行目でエラー：経度が取得できませんでした。
728 行目でエラー：緯度が取得できませんでした。
728 行目でエラー：経度が取得できませんでした。
729 行目でエラー：緯度が取得できませんでした。
729 行目でエラー：経度が取得できませんでした。
730 行目でエラー：緯度が取得できませんでした。
730 行目でエラー：経度が取得できませんでした。
751 行目でエラー：緯度が取得できませんでした。
751 行目でエラー：経度が取得できませんでした。
752 行目でエラー：緯度が取得できませんでした。
752 行目でエラー：経度が取得できませんでした。
753 行目でエラー：緯度が取得できませんでした。
753 行目でエラー：経度が取得できませんでした。
754 行目でエラー：緯度が取得できませんでした。
754 行目でエラー：経度が取得できませんでした。
765 行目でエラー：緯度が取得できませんでした。
765 行目でエラー：経度が取得できませんでした。
766 行目でエラー：緯度が取得できませんでした。
766 行目でエラー：経度が取得できませんでした。
767 行目でエラー：緯度が取得できませんでした。
767 行目でエラー：経度が取得できませんでした。
768 行目でエラー：緯度が取得できませんでした。
768 行目でエラー：経度が取得できませんでした。
779 行目でエラー：緯度が取得できませんでした。
779 行目でエラー：経度が取得できませんでした。
780 行目でエラー：緯度が取得できませんでした。
780 行目でエラー：経度が取得できませんでした。
781 行目でエラー：緯度が取得できませんでした。
781 行目でエラー：経度が取得できませんでした。
792 行目でエラー：緯度が取得できませんでした。
792 行目でエラー：経度が取得できませんでした。
793 行目でエラー：緯度が取得できませんでした。
793 行目でエラー：経度が取得できませんでした。
794 行目でエラー：緯度が取得できませんでした。
794 行目でエラー：経度が取得できませんでした。
795 行目でエラー：緯度が取得できませんでした。
795 行目でエラー：経度が取得できませんでした。
806 行目でエラー：緯度が取得できませんでした。
806 行目でエラー：経度が取得できませんでした。
807 行目でエラー：緯度が取得できませんでした。
807 行目でエラー：経度が取得できませんでした。
808 行目でエラー：緯度が取得できませんでした。
808 行目でエラー：経度が取得できませんでした。
809 行目でエラー：緯度が取得できませんでした。
809 行目でエラー：経度が取得できませんでした。
811 行目でエラー：緯度が取得できませんでした。
811 行目でエラー：経度が取得できませんでした。
821 行目でエラー：緯度が取得できませんでした。
821 行目でエラー：経度が取得できませんでした。
822 行目でエラー：緯度が取得できませんでした。
822 行目でエラー：経度が取得できませんでした。
823 行目でエラー：緯度が取得できませんでした。
823 行目でエラー：経度が取得できませんでした。
824 行目でエラー：緯度が取得できませんでした。
824 行目でエラー：経度が取得できませんでした。
835 行目でエラー：緯度が取得できませんでした。
835 行目でエラー：経度が取得できませんでした。
836 行目でエラー：緯度が取得できませんでした。
836 行目でエラー：経度が取得できませんでした。
837 行目でエラー：緯度が取得できませんでした。
837 行目でエラー：経度が取得できませんでした。
838 行目でエラー：緯度が取得できませんでした。
838 行目でエラー：経度が取得できませんでした。
849 行目でエラー：緯度が取得できませんでした。
849 行目でエラー：経度が取得できませんでした。
850 行目でエラー：緯度が取得できませんでした。
850 行目でエラー：経度が取得できませんでした。
851 行目でエラー：緯度が取得できませんでした。
851 行目でエラー：経度が取得できませんでした。
862 行目でエラー：緯度が取得できませんでした。
862 行目でエラー：経度が取得できませんでした。
863 行目でエラー：緯度が取得できませんでした。
863 行目でエラー：経度が取得できませんでした。
864 行目でエラー：緯度が取得できませんでした。
864 行目でエラー：経度が取得できませんでした。
865 行目でエラー：緯度が取得できませんでした。
865 行目でエラー：経度が取得できませんでした。
866 行目でエラー：緯度が取得できませんでした。
866 行目でエラー：経度が取得できませんでした。
877 行目でエラー：緯度が取得できませんでした。
877 行目でエラー：経度が取得できませんでした。
878 行目でエラー：緯度が取得できませんでした。
878 行目でエラー：経度が取得できませんでした。
879 行目でエラー：緯度が取得できませんでした。
879 行目でエラー：経度が取得できませんでした。
890 行目でエラー：緯度が取得できませんでした。
890 行目でエラー：経度が取得できませんでした。
891 行目でエラー：緯度が取得できませんでした。
891 行目でエラー：経度が取得できませんでした。
892 行目でエラー：緯度が取得できませんでした。
892 行目でエラー：経度が取得できませんでした。
893 行目でエラー：緯度が取得できませんでした。
893 行目でエラー：経度が取得できませんでした。
904 行目でエラー：緯度が取得できませんでした。
904 行目でエラー：経度が取得できませんでした。
905 行目でエラー：緯度が取得できませんでした。
905 行目でエラー：経度が取得できませんでした。
906 行目でエラー：緯度が取得できませんでした。
906 行目でエラー：経度が取得できませんでした。
907 行目でエラー：緯度が取得できませんでした。
907 行目でエラー：経度が取得できませんでした。
918 行目でエラー：緯度が取得できませんでした。
918 行目でエラー：経度が取得できませんでした。
919 行目でエラー：緯度が取得できませんでした。
919 行目でエラー：経度が取得できませんでした。
920 行目でエラー：緯度が取得できませんでした。
920 行目でエラー：経度が取得できませんでした。
921 行目でエラー：緯度が取得できませんでした。
921 行目でエラー：経度が取得できませんでした。
932 行目でエラー：緯度が取得できませんでした。
932 行目でエラー：経度が取得できませんでした。
933 行目でエラー：緯度が取得できませんでした。
933 行目でエラー：経度が取得できませんでした。
934 行目でエラー：緯度が取得できませんでした。
934 行目でエラー：経度が取得できませんでした。
934 行目でエラー：都道府県が判定できませんでした。
935 行目でエラー：緯度が取得できませんでした。
935 行目でエラー：経度が取得できませんでした。
936 行目でエラー：緯度が取得できませんでした。
936 行目でエラー：経度が取得できませんでした。
946 行目でエラー：都道府県が判定できませんでした。
947 行目でエラー：緯度が取得できませんでした。
947 行目でエラー：経度が取得できませんでした。
948 行目でエラー：緯度が取得できませんでした。
948 行目でエラー：経度が取得できませんでした。
949 行目でエラー：緯度が取得できませんでした。
949 行目でエラー：経度が取得できませんでした。
960 行目でエラー：緯度が取得できませんでした。
960 行目でエラー：経度が取得できませんでした。
961 行目でエラー：緯度が取得できませんでした。
961 行目でエラー：経度が取得できませんでした。
962 行目でエラー：緯度が取得できませんでした。
962 行目でエラー：経度が取得できませんでした。
963 行目でエラー：緯度が取得できませんでした。
963 行目でエラー：経度が取得できませんでした。
974 行目でエラー：緯度が取得できませんでした。
974 行目でエラー：経度が取得できませんでした。
975 行目でエラー：緯度が取得できませんでした。
975 行目でエラー：経度が取得できませんでした。
976 行目でエラー：緯度が取得できませんでした。
976 行目でエラー：経度が取得できませんでした。
977 行目でエラー：緯度が取得できませんでした。
977 行目でエラー：経度が取得できませんでした。
988 行目でエラー：緯度が取得できませんでした。
988 行目でエラー：経度が取得できませんでした。
989 行目でエラー：緯度が取得できませんでした。
989 行目でエラー：経度が取得できませんでした。
990 行目でエラー：緯度が取得できませんでした。
990 行目でエラー：経度が取得できませんでした。
991 行目でエラー：緯度が取得できませんでした。
991 行目でエラー：経度が取得できませんでした。
992 行目でエラー：緯度が取得できませんでした。
992 行目でエラー：経度が取得できませんでした。
1012 行目でエラー：緯度が取得できませんでした。
1012 行目でエラー：経度が取得できませんでした。
1013 行目でエラー：緯度が取得できませんでした。
1013 行目でエラー：経度が取得できませんでした。
1014 行目でエラー：緯度が取得できませんでした。
1014 行目でエラー：経度が取得できませんでした。
1015 行目でエラー：緯度が取得できませんでした。
1015 行目でエラー：経度が取得できませんでした。
1026 行目でエラー：緯度が取得できませんでした。
1026 行目でエラー：経度が取得できませんでした。
1027 行目でエラー：緯度が取得できませんでした。
1027 行目でエラー：経度が取得できませんでした。
1028 行目でエラー：緯度が取得できませんでした。
1028 行目でエラー：経度が取得できませんでした。
1029 行目でエラー：緯度が取得できませんでした。
1029 行目でエラー：経度が取得できませんでした。
1030 行目でエラー：緯度が取得できませんでした。
1030 行目でエラー：経度が取得できませんでした。
1041 行目でエラー：緯度が取得できませんでした。
1041 行目でエラー：経度が取得できませんでした。
1042 行目でエラー：緯度が取得できませんでした。
1042 行目でエラー：経度が取得できませんでした。
1043 行目でエラー：緯度が取得できませんでした。
1043 行目でエラー：経度が取得できませんでした。
1054 行目でエラー：緯度が取得できませんでした。
1054 行目でエラー：経度が取得できませんでした。
1055 行目でエラー：緯度が取得できませんでした。
1055 行目でエラー：経度が取得できませんでした。
1056 行目でエラー：緯度が取得できませんでした。
1056 行目でエラー：経度が取得できませんでした。
1057 行目でエラー：緯度が取得できませんでした。
1057 行目でエラー：経度が取得できませんでした。
1068 行目でエラー：緯度が取得できませんでした。
1068 行目でエラー：経度が取得できませんでした。
1069 行目でエラー：緯度が取得できませんでした。
1069 行目でエラー：経度が取得できませんでした。
1070 行目でエラー：緯度が取得できませんでした。
1070 行目でエラー：経度が取得できませんでした。
1071 行目でエラー：緯度が取得できませんでした。
1071 行目でエラー：経度が取得できませんでした。
1072 行目でエラー：緯度が取得できませんでした。
1072 行目でエラー：経度が取得できませんでした。
1083 行目でエラー：緯度が取得できませんでした。
1083 行目でエラー：経度が取得できませんでした。
1084 行目でエラー：緯度が取得できませんでした。
1084 行目でエラー：経度が取得できませんでした。
1085 行目でエラー：緯度が取得できませんでした。
1085 行目でエラー：経度が取得できませんでした。
1086 行目でエラー：緯度が取得できませんでした。
1086 行目でエラー：経度が取得できませんでした。
1097 行目でエラー：緯度が取得できませんでした。
1097 行目でエラー：経度が取得できませんでした。
1098 行目でエラー：緯度が取得できませんでした。
1098 行目でエラー：経度が取得できませんでした。
1099 行目でエラー：緯度が取得できませんでした。
1099 行目でエラー：経度が取得できませんでした。
1100 行目でエラー：緯度が取得できませんでした。
1100 行目でエラー：経度が取得できませんでした。
1111 行目でエラー：緯度が取得できませんでした。
1111 行目でエラー：経度が取得できませんでした。
1112 行目でエラー：緯度が取得できませんでした。
1112 行目でエラー：経度が取得できませんでした。
1113 行目でエラー：緯度が取得できませんでした。
1113 行目でエラー：経度が取得できませんでした。
1114 行目でエラー：緯度が取得できませんでした。
1114 行目でエラー：経度が取得できませんでした。
1125 行目でエラー：緯度が取得できませんでした。
1125 行目でエラー：経度が取得できませんでした。
1126 行目でエラー：緯度が取得できませんでした。
1126 行目でエラー：経度が取得できませんでした。
1127 行目でエラー：緯度が取得できませんでした。
1127 行目でエラー：経度が取得できませんでした。
1128 行目でエラー：緯度が取得できませんでした。
1128 行目でエラー：経度が取得できませんでした。
1129 行目でエラー：緯度が取得できませんでした。
1129 行目でエラー：経度が取得できませんでした。
1140 行目でエラー：緯度が取得できませんでした。
1140 行目でエラー：経度が取得できませんでした。
1141 行目でエラー：緯度が取得できませんでした。
1141 行目でエラー：経度が取得できませんでした。
1142 行目でエラー：緯度が取得できませんでした。
1142 行目でエラー：経度が取得できませんでした。
1143 行目でエラー：緯度が取得できませんでした。
1143 行目でエラー：経度が取得できませんでした。
1154 行目でエラー：緯度が取得できませんでした。
1154 行目でエラー：経度が取得できませんでした。
1155 行目でエラー：緯度が取得できませんでした。
1155 行目でエラー：経度が取得できませんでした。
1156 行目でエラー：緯度が取得できませんでした。
1156 行目でエラー：経度が取得できませんでした。
1157 行目でエラー：緯度が取得できませんでした。
1157 行目でエラー：経度が取得できませんでした。
1158 行目でエラー：緯度が取得できませんでした。
1158 行目でエラー：経度が取得できませんでした。
1159 行目でエラー：緯度が取得できませんでした。
1159 行目でエラー：経度が取得できませんでした。
1168 行目でエラー：緯度が取得できませんでした。
1168 行目でエラー：経度が取得できませんでした。
1169 行目でエラー：緯度が取得できませんでした。
1169 行目でエラー：経度が取得できませんでした。
1170 行目でエラー：緯度が取得できませんでした。
1170 行目でエラー：経度が取得できませんでした。
1171 行目でエラー：緯度が取得できませんでした。
1171 行目でエラー：経度が取得できませんでした。
1182 行目でエラー：緯度が取得できませんでした。
1182 行目でエラー：経度が取得できませんでした。
1183 行目でエラー：緯度が取得できませんでした。
1183 行目でエラー：経度が取得できませんでした。
1184 行目でエラー：緯度が取得できませんでした。
1184 行目でエラー：経度が取得できませんでした。
1185 行目でエラー：緯度が取得できませんでした。
1185 行目でエラー：経度が取得できませんでした。
1196 行目でエラー：緯度が取得できませんでした。
1196 行目でエラー：経度が取得できませんでした。
1197 行目でエラー：緯度が取得できませんでした。
1197 行目でエラー：経度が取得できませんでした。
1198 行目でエラー：緯度が取得できませんでした。
1198 行目でエラー：経度が取得できませんでした。
1209 行目でエラー：緯度が取得できませんでした。
1209 行目でエラー：経度が取得できませんでした。
1210 行目でエラー：緯度が取得できませんでした。
1210 行目でエラー：経度が取得できませんでした。
1211 行目でエラー：緯度が取得できませんでした。
1211 行目でエラー：経度が取得できませんでした。
1212 行目でエラー：緯度が取得できませんでした。
1212 行目でエラー：経度が取得できませんでした。
1223 行目でエラー：緯度が取得できませんでした。
1223 行目でエラー：経度が取得できませんでした。
1234 行目でエラー：緯度が取得できませんでした。
1234 行目でエラー：経度が取得できませんでした。
1235 行目でエラー：緯度が取得できませんでした。
1235 行目でエラー：経度が取得できませんでした。
1236 行目でエラー：緯度が取得できませんでした。
1236 行目でエラー：経度が取得できませんでした。
1237 行目でエラー：緯度が取得できませんでした。
1237 行目でエラー：経度が取得できませんでした。
1238 行目でエラー：緯度が取得できませんでした。
1238 行目でエラー：経度が取得できませんでした。
1249 行目でエラー：緯度が取得できませんでした。
1249 行目でエラー：経度が取得できませんでした。
1250 行目でエラー：緯度が取得できませんでした。
1250 行目でエラー：経度が取得できませんでした。
1251 行目でエラー：緯度が取得できませんでした。
1251 行目でエラー：経度が取得できませんでした。
1252 行目でエラー：緯度が取得できませんでした。
1252 行目でエラー：経度が取得できませんでした。
1260 行目でエラー：都道府県が判定できませんでした。
1263 行目でエラー：緯度が取得できませんでした。
1263 行目でエラー：経度が取得できませんでした。
1264 行目でエラー：緯度が取得できませんでした。
1264 行目でエラー：経度が取得できませんでした。
1266 行目でエラー：都道府県が判定できませんでした。
1272 行目でエラー：都道府県が判定できませんでした。
1275 行目でエラー：緯度が取得できませんでした。
1275 行目でエラー：経度が取得できませんでした。
1276 行目でエラー：緯度が取得できませんでした。
1276 行目でエラー：経度が取得できませんでした。
1277 行目でエラー：緯度が取得できませんでした。
1277 行目でエラー：経度が取得できませんでした。
1278 行目でエラー：緯度が取得できませんでした。
1278 行目でエラー：経度が取得できませんでした。
1279 行目でエラー：緯度が取得できませんでした。
1279 行目でエラー：経度が取得できませんでした。
1279 行目でエラー：都道府県が判定できませんでした。
1286 行目でエラー：都道府県が判定できませんでした。
1290 行目でエラー：緯度が取得できませんでした。
1290 行目でエラー：経度が取得できませんでした。
1291 行目でエラー：緯度が取得できませんでした。
1291 行目でエラー：経度が取得できませんでした。
1292 行目でエラー：緯度が取得できませんでした。
1292 行目でエラー：経度が取得できませんでした。
1299 行目でエラー：緯度が取得できませんでした。
1299 行目でエラー：経度が取得できませんでした。
1301 行目でエラー：緯度が取得できませんでした。
1301 行目でエラー：経度が取得できませんでした。
1305 行目でエラー：緯度が取得できませんでした。
1305 行目でエラー：経度が取得できませんでした。
1306 行目でエラー：緯度が取得できませんでした。
1306 行目でエラー：経度が取得できませんでした。
1307 行目でエラー：緯度が取得できませんでした。
1307 行目でエラー：経度が取得できませんでした。
1308 行目でエラー：緯度が取得できませんでした。
1308 行目でエラー：経度が取得できませんでした。
1312 行目でエラー：緯度が取得できませんでした。
1312 行目でエラー：経度が取得できませんでした。
1312 行目でエラー：都道府県が判定できませんでした。
1316 行目でエラー：緯度が取得できませんでした。
1316 行目でエラー：経度が取得できませんでした。
1317 行目でエラー：緯度が取得できませんでした。
1317 行目でエラー：経度が取得できませんでした。
1320 行目でエラー：緯度が取得できませんでした。
1320 行目でエラー：経度が取得できませんでした。
1321 行目でエラー：緯度が取得できませんでした。
1321 行目でエラー：経度が取得できませんでした。
1322 行目でエラー：緯度が取得できませんでした。
1322 行目でエラー：経度が取得できませんでした。
1323 行目でエラー：緯度が取得できませんでした。
1323 行目でエラー：経度が取得できませんでした。
1330 行目でエラー：緯度が取得できませんでした。
1330 行目でエラー：経度が取得できませんでした。
1333 行目でエラー：緯度が取得できませんでした。
1333 行目でエラー：経度が取得できませんでした。
1335 行目でエラー：緯度が取得できませんでした。
1335 行目でエラー：経度が取得できませんでした。
1337 行目でエラー：緯度が取得できませんでした。
1337 行目でエラー：経度が取得できませんでした。
1340 行目でエラー：緯度が取得できませんでした。
1340 行目でエラー：経度が取得できませんでした。
1343 行目でエラー：緯度が取得できませんでした。
1343 行目でエラー：経度が取得できませんでした。
1346 行目でエラー：緯度が取得できませんでした。
1346 行目でエラー：経度が取得できませんでした。
1350 行目でエラー：緯度が取得できませんでした。
1350 行目でエラー：経度が取得できませんでした。
1351 行目でエラー：緯度が取得できませんでした。
1351 行目でエラー：経度が取得できませんでした。
1352 行目でエラー：緯度が取得できませんでした。
1352 行目でエラー：経度が取得できませんでした。
1353 行目でエラー：緯度が取得できませんでした。
1353 行目でエラー：経度が取得できませんでした。
1360 行目でエラー：緯度が取得できませんでした。
1360 行目でエラー：経度が取得できませんでした。
1362 行目でエラー：緯度が取得できませんでした。
1362 行目でエラー：経度が取得できませんでした。
1364 行目でエラー：緯度が取得できませんでした。
1364 行目でエラー：経度が取得できませんでした。
1367 行目でエラー：緯度が取得できませんでした。
1367 行目でエラー：経度が取得できませんでした。
1371 行目でエラー：緯度が取得できませんでした。
1371 行目でエラー：経度が取得できませんでした。
1372 行目でエラー：緯度が取得できませんでした。
1372 行目でエラー：経度が取得できませんでした。
1379 行目でエラー：緯度が取得できませんでした。
1379 行目でエラー：経度が取得できませんでした。
1381 行目でエラー：緯度が取得できませんでした。
1381 行目でエラー：経度が取得できませんでした。
1382 行目でエラー：緯度が取得できませんでした。
1382 行目でエラー：経度が取得できませんでした。
1386 行目でエラー：緯度が取得できませんでした。
1386 行目でエラー：経度が取得できませんでした。
1387 行目でエラー：緯度が取得できませんでした。
1387 行目でエラー：経度が取得できませんでした。
1389 行目でエラー：緯度が取得できませんでした。
1389 行目でエラー：経度が取得できませんでした。
1391 行目でエラー：緯度が取得できませんでした。
1391 行目でエラー：経度が取得できませんでした。
1392 行目でエラー：緯度が取得できませんでした。
1392 行目でエラー：経度が取得できませんでした。
1395 行目でエラー：緯度が取得できませんでした。
1395 行目でエラー：経度が取得できませんでした。
1397 行目でエラー：緯度が取得できませんでした。
1397 行目でエラー：経度が取得できませんでした。
1398 行目でエラー：緯度が取得できませんでした。
1398 行目でエラー：経度が取得できませんでした。
1401 行目でエラー：緯度が取得できませんでした。
1401 行目でエラー：経度が取得できませんでした。
1402 行目でエラー：緯度が取得できませんでした。
1402 行目でエラー：経度が取得できませんでした。
1413 行目でエラー：緯度が取得できませんでした。
1413 行目でエラー：経度が取得できませんでした。
1414 行目でエラー：緯度が取得できませんでした。
1414 行目でエラー：経度が取得できませんでした。
1415 行目でエラー：緯度が取得できませんでした。
1415 行目でエラー：経度が取得できませんでした。
1416 行目でエラー：緯度が取得できませんでした。
1416 行目でエラー：経度が取得できませんでした。
1417 行目でエラー：緯度が取得できませんでした。
1417 行目でエラー：経度が取得できませんでした。
1419 行目でエラー：緯度が取得できませんでした。
1419 行目でエラー：経度が取得できませんでした。
1420 行目でエラー：緯度が取得できませんでした。
1420 行目でエラー：経度が取得できませんでした。
1421 行目でエラー：緯度が取得できませんでした。
1421 行目でエラー：経度が取得できませんでした。
1429 行目でエラー：緯度が取得できませんでした。
1429 行目でエラー：経度が取得できませんでした。
1431 行目でエラー：緯度が取得できませんでした。
1431 行目でエラー：経度が取得できませんでした。
1433 行目でエラー：緯度が取得できませんでした。
1433 行目でエラー：経度が取得できませんでした。
1435 行目でエラー：緯度が取得できませんでした。
1435 行目でエラー：経度が取得できませんでした。
1437 行目でエラー：緯度が取得できませんでした。
1437 行目でエラー：経度が取得できませんでした。
1438 行目でエラー：緯度が取得できませんでした。
1438 行目でエラー：経度が取得できませんでした。
1444 行目でエラー：緯度が取得できませんでした。
1444 行目でエラー：経度が取得できませんでした。
1446 行目でエラー：緯度が取得できませんでした。
1446 行目でエラー：経度が取得できませんでした。
1447 行目でエラー：緯度が取得できませんでした。
1447 行目でエラー：経度が取得できませんでした。
1448 行目でエラー：緯度が取得できませんでした。
1448 行目でエラー：経度が取得できませんでした。
1457 行目でエラー：緯度が取得できませんでした。
1457 行目でエラー：経度が取得できませんでした。
1458 行目でエラー：緯度が取得できませんでした。
1458 行目でエラー：経度が取得できませんでした。
1459 行目でエラー：緯度が取得できませんでした。
1459 行目でエラー：経度が取得できませんでした。
1460 行目でエラー：緯度が取得できませんでした。
1460 行目でエラー：経度が取得できませんでした。
1461 行目でエラー：緯度が取得できませんでした。
1461 行目でエラー：経度が取得できませんでした。
1462 行目でエラー：緯度が取得できませんでした。
1462 行目でエラー：経度が取得できませんでした。
1463 行目でエラー：緯度が取得できませんでした。
1463 行目でエラー：経度が取得できませんでした。
1466 行目でエラー：緯度が取得できませんでした。
1466 行目でエラー：経度が取得できませんでした。
1467 行目でエラー：緯度が取得できませんでした。
1467 行目でエラー：経度が取得できませんでした。
1469 行目でエラー：緯度が取得できませんでした。
1469 行目でエラー：経度が取得できませんでした。
1470 行目でエラー：緯度が取得できませんでした。
1470 行目でエラー：経度が取得できませんでした。
1471 行目でエラー：緯度が取得できませんでした。
1471 行目でエラー：経度が取得できませんでした。
1473 行目でエラー：緯度が取得できませんでした。
1473 行目でエラー：経度が取得できませんでした。
1474 行目でエラー：緯度が取得できませんでした。
1474 行目でエラー：経度が取得できませんでした。
1475 行目でエラー：緯度が取得できませんでした。
1475 行目でエラー：経度が取得できませんでした。
1476 行目でエラー：緯度が取得できませんでした。
1476 行目でエラー：経度が取得できませんでした。
1478 行目でエラー：緯度が取得できませんでした。
1478 行目でエラー：経度が取得できませんでした。
1479 行目でエラー：緯度が取得できませんでした。
1479 行目でエラー：経度が取得できませんでした。
1480 行目でエラー：緯度が取得できませんでした。
1480 行目でエラー：経度が取得できませんでした。
1482 行目でエラー：緯度が取得できませんでした。
1482 行目でエラー：経度が取得できませんでした。
1483 行目でエラー：緯度が取得できませんでした。
1483 行目でエラー：経度が取得できませんでした。
1484 行目でエラー：緯度が取得できませんでした。
1484 行目でエラー：経度が取得できませんでした。
1487 行目でエラー：緯度が取得できませんでした。
1487 行目でエラー：経度が取得できませんでした。
1489 行目でエラー：緯度が取得できませんでした。
1489 行目でエラー：経度が取得できませんでした。
1491 行目でエラー：緯度が取得できませんでした。
1491 行目でエラー：経度が取得できませんでした。
1493 行目でエラー：緯度が取得できませんでした。
1493 行目でエラー：経度が取得できませんでした。
1494 行目でエラー：緯度が取得できませんでした。
1494 行目でエラー：経度が取得できませんでした。
1497 行目でエラー：緯度が取得できませんでした。
1497 行目でエラー：経度が取得できませんでした。
1501 行目でエラー：緯度が取得できませんでした。
1501 行目でエラー：経度が取得できませんでした。
1507 行目でエラー：緯度が取得できませんでした。
1507 行目でエラー：経度が取得できませんでした。
1508 行目でエラー：緯度が取得できませんでした。
1508 行目でエラー：経度が取得できませんでした。
1519 行目でエラー：緯度が取得できませんでした。
1519 行目でエラー：経度が取得できませんでした。
1520 行目でエラー：緯度が取得できませんでした。
1520 行目でエラー：経度が取得できませんでした。
1521 行目でエラー：緯度が取得できませんでした。
1521 行目でエラー：経度が取得できませんでした。
1522 行目でエラー：緯度が取得できませんでした。
1522 行目でエラー：経度が取得できませんでした。
1523 行目でエラー：緯度が取得できませんでした。
1523 行目でエラー：経度が取得できませんでした。
1526 行目でエラー：緯度が取得できませんでした。
1526 行目でエラー：経度が取得できませんでした。
1528 行目でエラー：緯度が取得できませんでした。
1528 行目でエラー：経度が取得できませんでした。
1529 行目でエラー：緯度が取得できませんでした。
1529 行目でエラー：経度が取得できませんでした。
1530 行目でエラー：緯度が取得できませんでした。
1530 行目でエラー：経度が取得できませんでした。
1548 行目でエラー：緯度が取得できませんでした。
1548 行目でエラー：経度が取得できませんでした。
1549 行目でエラー：緯度が取得できませんでした。
1549 行目でエラー：経度が取得できませんでした。
1550 行目でエラー：緯度が取得できませんでした。
1550 行目でエラー：経度が取得できませんでした。
1561 行目でエラー：緯度が取得できませんでした。
1561 行目でエラー：経度が取得できませんでした。
1562 行目でエラー：緯度が取得できませんでした。
1562 行目でエラー：経度が取得できませんでした。
1563 行目でエラー：緯度が取得できませんでした。
1563 行目でエラー：経度が取得できませんでした。
1564 行目でエラー：緯度が取得できませんでした。
1564 行目でエラー：経度が取得できませんでした。
1569 行目でエラー：緯度が取得できませんでした。
1569 行目でエラー：経度が取得できませんでした。
1570 行目でエラー：緯度が取得できませんでした。
1570 行目でエラー：経度が取得できませんでした。
1577 行目でエラー：緯度が取得できませんでした。
1577 行目でエラー：経度が取得できませんでした。
1578 行目でエラー：緯度が取得できませんでした。
1578 行目でエラー：経度が取得できませんでした。
1579 行目でエラー：緯度が取得できませんでした。
1579 行目でエラー：経度が取得できませんでした。
1590 行目でエラー：緯度が取得できませんでした。
1590 行目でエラー：経度が取得できませんでした。
1591 行目でエラー：緯度が取得できませんでした。
1591 行目でエラー：経度が取得できませんでした。
1592 行目でエラー：緯度が取得できませんでした。
1592 行目でエラー：経度が取得できませんでした。
1593 行目でエラー：緯度が取得できませんでした。
1593 行目でエラー：経度が取得できませんでした。
1604 行目でエラー：緯度が取得できませんでした。
1604 行目でエラー：経度が取得できませんでした。
1605 行目でエラー：緯度が取得できませんでした。
1605 行目でエラー：経度が取得できませんでした。
1606 行目でエラー：緯度が取得できませんでした。
1606 行目でエラー：経度が取得できませんでした。
1607 行目でエラー：緯度が取得できませんでした。
1607 行目でエラー：経度が取得できませんでした。
1610 行目でエラー：緯度が取得できませんでした。
1610 行目でエラー：経度が取得できませんでした。
1619 行目でエラー：緯度が取得できませんでした。
1619 行目でエラー：経度が取得できませんでした。
1620 行目でエラー：緯度が取得できませんでした。
1620 行目でエラー：経度が取得できませんでした。
1621 行目でエラー：緯度が取得できませんでした。
1621 行目でエラー：経度が取得できませんでした。
1632 行目でエラー：緯度が取得できませんでした。
1632 行目でエラー：経度が取得できませんでした。
1633 行目でエラー：緯度が取得できませんでした。
1633 行目でエラー：経度が取得できませんでした。
1634 行目でエラー：緯度が取得できませんでした。
1634 行目でエラー：経度が取得できませんでした。
1635 行目でエラー：緯度が取得できませんでした。
1635 行目でエラー：経度が取得できませんでした。
1646 行目でエラー：緯度が取得できませんでした。
1646 行目でエラー：経度が取得できませんでした。
1647 行目でエラー：緯度が取得できませんでした。
1647 行目でエラー：経度が取得できませんでした。
1648 行目でエラー：緯度が取得できませんでした。
1648 行目でエラー：経度が取得できませんでした。
1649 行目でエラー：緯度が取得できませんでした。
1649 行目でエラー：経度が取得できませんでした。
1660 行目でエラー：緯度が取得できませんでした。
1660 行目でエラー：経度が取得できませんでした。
1661 行目でエラー：緯度が取得できませんでした。
1661 行目でエラー：経度が取得できませんでした。
1662 行目でエラー：緯度が取得できませんでした。
1662 行目でエラー：経度が取得できませんでした。
1663 行目でエラー：緯度が取得できませんでした。
1663 行目でエラー：経度が取得できませんでした。
1674 行目でエラー：緯度が取得できませんでした。
1674 行目でエラー：経度が取得できませんでした。
1675 行目でエラー：緯度が取得できませんでした。
1675 行目でエラー：経度が取得できませんでした。
1676 行目でエラー：緯度が取得できませんでした。
1676 行目でエラー：経度が取得できませんでした。
1677 行目でエラー：緯度が取得できませんでした。
1677 行目でエラー：経度が取得できませんでした。
1687 行目でエラー：緯度が取得できませんでした。
1687 行目でエラー：経度が取得できませんでした。
1689 行目でエラー：緯度が取得できませんでした。
1689 行目でエラー：経度が取得できませんでした。
1700 行目でエラー：緯度が取得できませんでした。
1700 行目でエラー：経度が取得できませんでした。
1701 行目でエラー：緯度が取得できませんでした。
1701 行目でエラー：経度が取得できませんでした。
1702 行目でエラー：緯度が取得できませんでした。
1702 行目でエラー：経度が取得できませんでした。
1703 行目でエラー：緯度が取得できませんでした。
1703 行目でエラー：経度が取得できませんでした。
1714 行目でエラー：店舗名 を入力してください。
1714 行目でエラー：住所 を入力してください。
1714 行目でエラー：緯度が取得できませんでした。
1714 行目でエラー：経度が取得できませんでした。
1714 行目でエラー：都道府県が判定できませんでした。
1715 行目でエラー：店舗名 を入力してください。
1715 行目でエラー：住所 を入力してください。
1715 行目でエラー：緯度が取得できませんでした。
1715 行目でエラー：経度が取得できませんでした。
1715 行目でエラー：都道府県が判定できませんでした。
1716 行目でエラー：店舗名 を入力してください。
1716 行目でエラー：住所 を入力してください。
1716 行目でエラー：緯度が取得できませんでした。
1716 行目でエラー：経度が取得できませんでした。
1716 行目でエラー：都道府県が判定できませんでした。
1717 行目でエラー：店舗名 を入力してください。
1717 行目でエラー：住所 を入力してください。
1717 行目でエラー：緯度が取得できませんでした。
1717 行目でエラー：経度が取得できませんでした。
1717 行目でエラー：都道府県が判定できませんでした。
1718 行目でエラー：店舗名 を入力してください。
1718 行目でエラー：住所 を入力してください。
1718 行目でエラー：緯度が取得できませんでした。
1718 行目でエラー：経度が取得できませんでした。
1718 行目でエラー：都道府県が判定できませんでした。
1719 行目でエラー：店舗名 を入力してください。
1719 行目でエラー：住所 を入力してください。
1719 行目でエラー：緯度が取得できませんでした。
1719 行目でエラー：経度が取得できませんでした。
1719 行目でエラー：都道府県が判定できませんでした。
1720 行目でエラー：店舗名 を入力してください。
1720 行目でエラー：住所 を入力してください。
1720 行目でエラー：緯度が取得できませんでした。
1720 行目でエラー：経度が取得できませんでした。
1720 行目でエラー：都道府県が判定できませんでした。
1721 行目でエラー：店舗名 を入力してください。
1721 行目でエラー：住所 を入力してください。
1721 行目でエラー：緯度が取得できませんでした。
1721 行目でエラー：経度が取得できませんでした。
1721 行目でエラー：都道府県が判定できませんでした。
1722 行目でエラー：店舗名 を入力してください。
1722 行目でエラー：住所 を入力してください。
1722 行目でエラー：緯度が取得できませんでした。
1722 行目でエラー：経度が取得できませんでした。
1722 行目でエラー：都道府県が判定できませんでした。
1723 行目でエラー：店舗名 を入力してください。
1723 行目でエラー：住所 を入力してください。
1723 行目でエラー：緯度が取得できませんでした。
1723 行目でエラー：経度が取得できませんでした。
1723 行目でエラー：都道府県が判定できませんでした。
1724 行目でエラー：店舗名 を入力してください。
1724 行目でエラー：住所 を入力してください。
1724 行目でエラー：緯度が取得できませんでした。
1724 行目でエラー：経度が取得できませんでした。
1724 行目でエラー：都道府県が判定できませんでした。
1725 行目でエラー：店舗名 を入力してください。
1725 行目でエラー：住所 を入力してください。
1725 行目でエラー：緯度が取得できませんでした。
1725 行目でエラー：経度が取得できませんでした。
1725 行目でエラー：都道府県が判定できませんでした。
1726 行目でエラー：店舗名 を入力してください。
1726 行目でエラー：住所 を入力してください。
1726 行目でエラー：緯度が取得できませんでした。
1726 行目でエラー：経度が取得できませんでした。
1726 行目でエラー：都道府県が判定できませんでした。
1727 行目でエラー：店舗名 を入力してください。
1727 行目でエラー：住所 を入力してください。
1727 行目でエラー：緯度が取得できませんでした。
1727 行目でエラー：経度が取得できませんでした。
1727 行目でエラー：都道府県が判定できませんでした。
1728 行目でエラー：店舗名 を入力してください。
1728 行目でエラー：住所 を入力してください。
1728 行目でエラー：緯度が取得できませんでした。
1728 行目でエラー：経度が取得できませんでした。
1728 行目でエラー：都道府県が判定できませんでした。
1729 行目でエラー：店舗名 を入力してください。
1729 行目でエラー：住所 を入力してください。
1729 行目でエラー：緯度が取得できませんでした。
1729 行目でエラー：経度が取得できませんでした。
1729 行目でエラー：都道府県が判定できませんでした。
1730 行目でエラー：店舗名 を入力してください。
1730 行目でエラー：住所 を入力してください。
1730 行目でエラー：緯度が取得できませんでした。
1730 行目でエラー：経度が取得できませんでした。
1730 行目でエラー：都道府県が判定できませんでした。
1731 行目でエラー：店舗名 を入力してください。
1731 行目でエラー：住所 を入力してください。
1731 行目でエラー：緯度が取得できませんでした。
1731 行目でエラー：経度が取得できませんでした。
1731 行目でエラー：都道府県が判定できませんでした。
1732 行目でエラー：店舗名 を入力してください。
1732 行目でエラー：住所 を入力してください。
1732 行目でエラー：緯度が取得できませんでした。
1732 行目でエラー：経度が取得できませんでした。
1732 行目でエラー：都道府県が判定できませんでした。
1733 行目でエラー：店舗名 を入力してください。
1733 行目でエラー：住所 を入力してください。
1733 行目でエラー：緯度が取得できませんでした。
1733 行目でエラー：経度が取得できませんでした。
1733 行目でエラー：都道府県が判定できませんでした。
1734 行目でエラー：店舗名 を入力してください。
1734 行目でエラー：住所 を入力してください。
1734 行目でエラー：緯度が取得できませんでした。
1734 行目でエラー：経度が取得できませんでした。
1734 行目でエラー：都道府県が判定できませんでした。
1735 行目でエラー：店舗名 を入力してください。
1735 行目でエラー：住所 を入力してください。
1735 行目でエラー：緯度が取得できませんでした。
1735 行目でエラー：経度が取得できませんでした。
1735 行目でエラー：都道府県が判定できませんでした。
1736 行目でエラー：店舗名 を入力してください。
1736 行目でエラー：住所 を入力してください。
1736 行目でエラー：緯度が取得できませんでした。
1736 行目でエラー：経度が取得できませんでした。
1736 行目でエラー：都道府県が判定できませんでした。
1737 行目でエラー：店舗名 を入力してください。
1737 行目でエラー：住所 を入力してください。
1737 行目でエラー：緯度が取得できませんでした。
1737 行目でエラー：経度が取得できませんでした。
1737 行目でエラー：都道府県が判定できませんでした。
1738 行目でエラー：店舗名 を入力してください。
1738 行目でエラー：住所 を入力してください。
1738 行目でエラー：緯度が取得できませんでした。
1738 行目でエラー：経度が取得できませんでした。
1738 行目でエラー：都道府県が判定できませんでした。
1739 行目でエラー：店舗名 を入力してください。
1739 行目でエラー：住所 を入力してください。
1739 行目でエラー：緯度が取得できませんでした。
1739 行目でエラー：経度が取得できませんでした。
1739 行目でエラー：都道府県が判定できませんでした。
1740 行目でエラー：店舗名 を入力してください。
1740 行目でエラー：住所 を入力してください。
1740 行目でエラー：緯度が取得できませんでした。
1740 行目でエラー：経度が取得できませんでした。
1740 行目でエラー：都道府県が判定できませんでした。
1741 行目でエラー：店舗名 を入力してください。
1741 行目でエラー：住所 を入力してください。
1741 行目でエラー：緯度が取得できませんでした。
1741 行目でエラー：経度が取得できませんでした。
1741 行目でエラー：都道府県が判定できませんでした。
1742 行目でエラー：店舗名 を入力してください。
1742 行目でエラー：住所 を入力してください。
1742 行目でエラー：緯度が取得できませんでした。
1742 行目でエラー：経度が取得できませんでした。
1742 行目でエラー：都道府県が判定できませんでした。
1743 行目でエラー：店舗名 を入力してください。
1743 行目でエラー：住所 を入力してください。
1743 行目でエラー：緯度が取得できませんでした。
1743 行目でエラー：経度が取得できませんでした。
1743 行目でエラー：都道府県が判定できませんでした。
1744 行目でエラー：店舗名 を入力してください。
1744 行目でエラー：住所 を入力してください。
1744 行目でエラー：緯度が取得できませんでした。
1744 行目でエラー：経度が取得できませんでした。
1744 行目でエラー：都道府県が判定できませんでした。
1745 行目でエラー：店舗名 を入力してください。
1745 行目でエラー：住所 を入力してください。
1745 行目でエラー：緯度が取得できませんでした。
1745 行目でエラー：経度が取得できませんでした。
1745 行目でエラー：都道府県が判定できませんでした。
1746 行目でエラー：店舗名 を入力してください。
1746 行目でエラー：住所 を入力してください。
1746 行目でエラー：緯度が取得できませんでした。
1746 行目でエラー：経度が取得できませんでした。
1746 行目でエラー：都道府県が判定できませんでした。
1747 行目でエラー：店舗名 を入力してください。
1747 行目でエラー：住所 を入力してください。
1747 行目でエラー：緯度が取得できませんでした。
1747 行目でエラー：経度が取得できませんでした。
1747 行目でエラー：都道府県が判定できませんでした。
1748 行目でエラー：店舗名 を入力してください。
1748 行目でエラー：住所 を入力してください。
1748 行目でエラー：緯度が取得できませんでした。
1748 行目でエラー：経度が取得できませんでした。
1748 行目でエラー：都道府県が判定できませんでした。
1749 行目でエラー：店舗名 を入力してください。
1749 行目でエラー：住所 を入力してください。
1749 行目でエラー：緯度が取得できませんでした。
1749 行目でエラー：経度が取得できませんでした。
1749 行目でエラー：都道府県が判定できませんでした。
1750 行目でエラー：店舗名 を入力してください。
1750 行目でエラー：住所 を入力してください。
1750 行目でエラー：緯度が取得できませんでした。
1750 行目でエラー：経度が取得できませんでした。
1750 行目でエラー：都道府県が判定できませんでした。
1751 行目でエラー：店舗名 を入力してください。
1751 行目でエラー：住所 を入力してください。
1751 行目でエラー：緯度が取得できませんでした。
1751 行目でエラー：経度が取得できませんでした。
1751 行目でエラー：都道府県が判定できませんでした。
1752 行目でエラー：店舗名 を入力してください。
1752 行目でエラー：住所 を入力してください。
1752 行目でエラー：緯度が取得できませんでした。
1752 行目でエラー：経度が取得できませんでした。
1752 行目でエラー：都道府県が判定できませんでした。
1753 行目でエラー：店舗名 を入力してください。
1753 行目でエラー：住所 を入力してください。
1753 行目でエラー：緯度が取得できませんでした。
1753 行目でエラー：経度が取得できませんでした。
1753 行目でエラー：都道府県が判定できませんでした。
1754 行目でエラー：店舗名 を入力してください。
1754 行目でエラー：住所 を入力してください。
1754 行目でエラー：緯度が取得できませんでした。
1754 行目でエラー：経度が取得できませんでした。
1754 行目でエラー：都道府県が判定できませんでした。
1755 行目でエラー：店舗名 を入力してください。
1755 行目でエラー：住所 を入力してください。
1755 行目でエラー：緯度が取得できませんでした。
1755 行目でエラー：経度が取得できませんでした。
1755 行目でエラー：都道府県が判定できませんでした。
1756 行目でエラー：店舗名 を入力してください。
1756 行目でエラー：住所 を入力してください。
1756 行目でエラー：緯度が取得できませんでした。
1756 行目でエラー：経度が取得できませんでした。
1756 行目でエラー：都道府県が判定できませんでした。
1757 行目でエラー：店舗名 を入力してください。
1757 行目でエラー：住所 を入力してください。
1757 行目でエラー：緯度が取得できませんでした。
1757 行目でエラー：経度が取得できませんでした。
1757 行目でエラー：都道府県が判定できませんでした。
1758 行目でエラー：店舗名 を入力してください。
1758 行目でエラー：住所 を入力してください。
1758 行目でエラー：緯度が取得できませんでした。
1758 行目でエラー：経度が取得できませんでした。
1758 行目でエラー：都道府県が判定できませんでした。
1759 行目でエラー：店舗名 を入力してください。
1759 行目でエラー：住所 を入力してください。
1759 行目でエラー：緯度が取得できませんでした。
1759 行目でエラー：経度が取得できませんでした。
1759 行目でエラー：都道府県が判定できませんでした。
1760 行目でエラー：店舗名 を入力してください。
1760 行目でエラー：住所 を入力してください。
1760 行目でエラー：緯度が取得できませんでした。
1760 行目でエラー：経度が取得できませんでした。
1760 行目でエラー：都道府県が判定できませんでした。
1761 行目でエラー：店舗名 を入力してください。
1761 行目でエラー：住所 を入力してください。
1761 行目でエラー：緯度が取得できませんでした。
1761 行目でエラー：経度が取得できませんでした。
1761 行目でエラー：都道府県が判定できませんでした。
1762 行目でエラー：店舗名 を入力してください。
1762 行目でエラー：住所 を入力してください。
1762 行目でエラー：緯度が取得できませんでした。
1762 行目でエラー：経度が取得できませんでした。
1762 行目でエラー：都道府県が判定できませんでした。
1763 行目でエラー：店舗名 を入力してください。
1763 行目でエラー：住所 を入力してください。
1763 行目でエラー：緯度が取得できませんでした。
1763 行目でエラー：経度が取得できませんでした。
1763 行目でエラー：都道府県が判定できませんでした。
1764 行目でエラー：店舗名 を入力してください。
1764 行目でエラー：住所 を入力してください。
1764 行目でエラー：緯度が取得できませんでした。
1764 行目でエラー：経度が取得できませんでした。
1764 行目でエラー：都道府県が判定できませんでした。
1765 行目でエラー：店舗名 を入力してください。
1765 行目でエラー：住所 を入力してください。
1765 行目でエラー：緯度が取得できませんでした。
1765 行目でエラー：経度が取得できませんでした。
1765 行目でエラー：都道府県が判定できませんでした。
1766 行目でエラー：店舗名 を入力してください。
1766 行目でエラー：住所 を入力してください。
1766 行目でエラー：緯度が取得できませんでした。
1766 行目でエラー：経度が取得できませんでした。
1766 行目でエラー：都道府県が判定できませんでした。
1767 行目でエラー：店舗名 を入力してください。
1767 行目でエラー：住所 を入力してください。
1767 行目でエラー：緯度が取得できませんでした。
1767 行目でエラー：経度が取得できませんでした。
1767 行目でエラー：都道府県が判定できませんでした。
1768 行目でエラー：店舗名 を入力してください。
1768 行目でエラー：住所 を入力してください。
1768 行目でエラー：緯度が取得できませんでした。
1768 行目でエラー：経度が取得できませんでした。
1768 行目でエラー：都道府県が判定できませんでした。
1769 行目でエラー：店舗名 を入力してください。
1769 行目でエラー：住所 を入力してください。
1769 行目でエラー：緯度が取得できませんでした。
1769 行目でエラー：経度が取得できませんでした。
1769 行目でエラー：都道府県が判定できませんでした。
1770 行目でエラー：店舗名 を入力してください。
1770 行目でエラー：住所 を入力してください。
1770 行目でエラー：緯度が取得できませんでした。
1770 行目でエラー：経度が取得できませんでした。
1770 行目でエラー：都道府県が判定できませんでした。
1771 行目でエラー：店舗名 を入力してください。
1771 行目でエラー：住所 を入力してください。
1771 行目でエラー：緯度が取得できませんでした。
1771 行目でエラー：経度が取得できませんでした。
1771 行目でエラー：都道府県が判定できませんでした。
1772 行目でエラー：店舗名 を入力してください。
1772 行目でエラー：住所 を入力してください。
1772 行目でエラー：緯度が取得できませんでした。
1772 行目でエラー：経度が取得できませんでした。
1772 行目でエラー：都道府県が判定できませんでした。
1773 行目でエラー：店舗名 を入力してください。
1773 行目でエラー：住所 を入力してください。
1773 行目でエラー：緯度が取得できませんでした。
1773 行目でエラー：経度が取得できませんでした。
1773 行目でエラー：都道府県が判定できませんでした。
1774 行目でエラー：店舗名 を入力してください。
1774 行目でエラー：住所 を入力してください。
1774 行目でエラー：緯度が取得できませんでした。
1774 行目でエラー：経度が取得できませんでした。
1774 行目でエラー：都道府県が判定できませんでした。
1775 行目でエラー：店舗名 を入力してください。
1775 行目でエラー：住所 を入力してください。
1775 行目でエラー：緯度が取得できませんでした。
1775 行目でエラー：経度が取得できませんでした。
1775 行目でエラー：都道府県が判定できませんでした。
1776 行目でエラー：店舗名 を入力してください。
1776 行目でエラー：住所 を入力してください。
1776 行目でエラー：緯度が取得できませんでした。
1776 行目でエラー：経度が取得できませんでした。
1776 行目でエラー：都道府県が判定できませんでした。
1777 行目でエラー：店舗名 を入力してください。
1777 行目でエラー：住所 を入力してください。
1777 行目でエラー：緯度が取得できませんでした。
1777 行目でエラー：経度が取得できませんでした。
1777 行目でエラー：都道府県が判定できませんでした。
1778 行目でエラー：店舗名 を入力してください。
1778 行目でエラー：住所 を入力してください。
1778 行目でエラー：緯度が取得できませんでした。
1778 行目でエラー：経度が取得できませんでした。
1778 行目でエラー：都道府県が判定できませんでした。
1779 行目でエラー：店舗名 を入力してください。
1779 行目でエラー：住所 を入力してください。
1779 行目でエラー：緯度が取得できませんでした。
1779 行目でエラー：経度が取得できませんでした。
1779 行目でエラー：都道府県が判定できませんでした。
1780 行目でエラー：店舗名 を入力してください。
1780 行目でエラー：住所 を入力してください。
1780 行目でエラー：緯度が取得できませんでした。
1780 行目でエラー：経度が取得できませんでした。
1780 行目でエラー：都道府県が判定できませんでした。
1781 行目でエラー：店舗名 を入力してください。
1781 行目でエラー：住所 を入力してください。
1781 行目でエラー：緯度が取得できませんでした。
1781 行目でエラー：経度が取得できませんでした。
1781 行目でエラー：都道府県が判定できませんでした。
1782 行目でエラー：店舗名 を入力してください。
1782 行目でエラー：住所 を入力してください。
1782 行目でエラー：緯度が取得できませんでした。
1782 行目でエラー：経度が取得できませんでした。
1782 行目でエラー：都道府県が判定できませんでした。
1783 行目でエラー：店舗名 を入力してください。
1783 行目でエラー：住所 を入力してください。
1783 行目でエラー：緯度が取得できませんでした。
1783 行目でエラー：経度が取得できませんでした。
1783 行目でエラー：都道府県が判定できませんでした。
1784 行目でエラー：店舗名 を入力してください。
1784 行目でエラー：住所 を入力してください。
1784 行目でエラー：緯度が取得できませんでした。
1784 行目でエラー：経度が取得できませんでした。
1784 行目でエラー：都道府県が判定できませんでした。
1785 行目でエラー：店舗名 を入力してください。
1785 行目でエラー：住所 を入力してください。
1785 行目でエラー：緯度が取得できませんでした。
1785 行目でエラー：経度が取得できませんでした。
1785 行目でエラー：都道府県が判定できませんでした。
1786 行目でエラー：店舗名 を入力してください。
1786 行目でエラー：住所 を入力してください。
1786 行目でエラー：緯度が取得できませんでした。
1786 行目でエラー：経度が取得できませんでした。
1786 行目でエラー：都道府県が判定できませんでした。
1787 行目でエラー：店舗名 を入力してください。
1787 行目でエラー：住所 を入力してください。
1787 行目でエラー：緯度が取得できませんでした。
1787 行目でエラー：経度が取得できませんでした。
1787 行目でエラー：都道府県が判定できませんでした。
1788 行目でエラー：店舗名 を入力してください。
1788 行目でエラー：住所 を入力してください。
1788 行目でエラー：緯度が取得できませんでした。
1788 行目でエラー：経度が取得できませんでした。
1788 行目でエラー：都道府県が判定できませんでした。
1789 行目でエラー：店舗名 を入力してください。
1789 行目でエラー：住所 を入力してください。
1789 行目でエラー：緯度が取得できませんでした。
1789 行目でエラー：経度が取得できませんでした。
1789 行目でエラー：都道府県が判定できませんでした。
1790 行目でエラー：店舗名 を入力してください。
1790 行目でエラー：住所 を入力してください。
1790 行目でエラー：緯度が取得できませんでした。
1790 行目でエラー：経度が取得できませんでした。
1790 行目でエラー：都道府県が判定できませんでした。
1791 行目でエラー：店舗名 を入力してください。
1791 行目でエラー：住所 を入力してください。
1791 行目でエラー：緯度が取得できませんでした。
1791 行目でエラー：経度が取得できませんでした。
1791 行目でエラー：都道府県が判定できませんでした。
1792 行目でエラー：店舗名 を入力してください。
1792 行目でエラー：住所 を入力してください。
1792 行目でエラー：緯度が取得できませんでした。
1792 行目でエラー：経度が取得できませんでした。
1792 行目でエラー：都道府県が判定できませんでした。
1793 行目でエラー：店舗名 を入力してください。
1793 行目でエラー：住所 を入力してください。
1793 行目でエラー：緯度が取得できませんでした。
1793 行目でエラー：経度が取得できませんでした。
1793 行目でエラー：都道府県が判定できませんでした。
1794 行目でエラー：店舗名 を入力してください。
1794 行目でエラー：住所 を入力してください。
1794 行目でエラー：緯度が取得できませんでした。
1794 行目でエラー：経度が取得できませんでした。
1794 行目でエラー：都道府県が判定できませんでした。
1795 行目でエラー：店舗名 を入力してください。
1795 行目でエラー：住所 を入力してください。
1795 行目でエラー：緯度が取得できませんでした。
1795 行目でエラー：経度が取得できませんでした。
1795 行目でエラー：都道府県が判定できませんでした。
