285 行目でエラー：都道府県が判定できませんでした。
548 行目でエラー：都道府県が判定できませんでした。
550 行目でエラー：都道府県が判定できませんでした。
551 行目でエラー：都道府県が判定できませんでした。
552 行目でエラー：都道府県が判定できませんでした。
554 行目でエラー：都道府県が判定できませんでした。
555 行目でエラー：都道府県が判定できませんでした。
556 行目でエラー：都道府県が判定できませんでした。
920 行目でエラー：都道府県が判定できませんでした。
932 行目でエラー：都道府県が判定できませんでした。
1250 行目でエラー：都道府県が判定できませんでした。
1256 行目でエラー：都道府県が判定できませんでした。
1262 行目でエラー：都道府県が判定できませんでした。
1269 行目でエラー：都道府県が判定できませんでした。
1276 行目でエラー：都道府県が判定できませんでした。
1653 行目でエラー：都道府県が判定できませんでした。
1654 行目でエラー：都道府県が判定できませんでした。
1655 行目でエラー：都道府県が判定できませんでした。
1656 行目でエラー：都道府県が判定できませんでした。
1657 行目でエラー：都道府県が判定できませんでした。
1658 行目でエラー：都道府県が判定できませんでした。
1774 行目でエラー：都道府県と住所が一致しません。
1775 行目でエラー：都道府県と住所が一致しません。
1776 行目でエラー：都道府県と住所が一致しません。
1777 行目でエラー：都道府県と住所が一致しません。
1778 行目でエラー：都道府県と住所が一致しません。
1779 行目でエラー：都道府県と住所が一致しません。
1780 行目でエラー：都道府県と住所が一致しません。
1792 行目でエラー：都道府県が判定できませんでした。
1793 行目でエラー：都道府県が判定できませんでした。
