109 行目でエラー：都道府県が判定できませんでした。
299 行目でエラー：都道府県が判定できませんでした。
431 行目でエラー：都道府県が判定できませんでした。
432 行目でエラー：都道府県が判定できませんでした。
436 行目でエラー：都道府県が判定できませんでした。
487 行目でエラー：都道府県が判定できませんでした。
562 行目でエラー：都道府県が判定できませんでした。
564 行目でエラー：都道府県が判定できませんでした。
565 行目でエラー：緯度が取得できませんでした。
565 行目でエラー：経度が取得できませんでした。
565 行目でエラー：都道府県が判定できませんでした。
566 行目でエラー：都道府県が判定できませんでした。
568 行目でエラー：都道府県が判定できませんでした。
569 行目でエラー：都道府県が判定できませんでした。
570 行目でエラー：都道府県が判定できませんでした。
934 行目でエラー：都道府県が判定できませんでした。
946 行目でエラー：都道府県が判定できませんでした。
1025 行目でエラー：緯度が取得できませんでした。
1025 行目でエラー：経度が取得できませんでした。
1036 行目でエラー：緯度が取得できませんでした。
1036 行目でエラー：経度が取得できませんでした。
1037 行目でエラー：緯度が取得できませんでした。
1037 行目でエラー：経度が取得できませんでした。
1081 行目でエラー：緯度が取得できませんでした。
1081 行目でエラー：経度が取得できませんでした。
1082 行目でエラー：緯度が取得できませんでした。
1082 行目でエラー：経度が取得できませんでした。
1117 行目でエラー：緯度が取得できませんでした。
1117 行目でエラー：経度が取得できませんでした。
1118 行目でエラー：緯度が取得できませんでした。
1118 行目でエラー：経度が取得できませんでした。
1130 行目でエラー：緯度が取得できませんでした。
1130 行目でエラー：経度が取得できませんでした。
1153 行目でエラー：緯度が取得できませんでした。
1153 行目でエラー：経度が取得できませんでした。
1154 行目でエラー：緯度が取得できませんでした。
1154 行目でエラー：経度が取得できませんでした。
1159 行目でエラー：緯度が取得できませんでした。
1159 行目でエラー：経度が取得できませんでした。
1164 行目でエラー：緯度が取得できませんでした。
1164 行目でエラー：経度が取得できませんでした。
1165 行目でエラー：緯度が取得できませんでした。
1165 行目でエラー：経度が取得できませんでした。
1166 行目でエラー：緯度が取得できませんでした。
1166 行目でエラー：経度が取得できませんでした。
1203 行目でエラー：緯度が取得できませんでした。
1203 行目でエラー：経度が取得できませんでした。
1215 行目でエラー：緯度が取得できませんでした。
1215 行目でエラー：経度が取得できませんでした。
1216 行目でエラー：緯度が取得できませんでした。
1216 行目でエラー：経度が取得できませんでした。
1230 行目でエラー：緯度が取得できませんでした。
1230 行目でエラー：経度が取得できませんでした。
1251 行目でエラー：緯度が取得できませんでした。
1251 行目でエラー：経度が取得できませんでした。
1252 行目でエラー：緯度が取得できませんでした。
1252 行目でエラー：経度が取得できませんでした。
1260 行目でエラー：都道府県が判定できませんでした。
1263 行目でエラー：緯度が取得できませんでした。
1263 行目でエラー：経度が取得できませんでした。
1264 行目でエラー：緯度が取得できませんでした。
1264 行目でエラー：経度が取得できませんでした。
1266 行目でエラー：都道府県が判定できませんでした。
1272 行目でエラー：都道府県が判定できませんでした。
1279 行目でエラー：都道府県が判定できませんでした。
1286 行目でエラー：都道府県が判定できませんでした。
1287 行目でエラー：緯度が取得できませんでした。
1287 行目でエラー：経度が取得できませんでした。
1298 行目でエラー：緯度が取得できませんでした。
1298 行目でエラー：経度が取得できませんでした。
1299 行目でエラー：緯度が取得できませんでした。
1299 行目でエラー：経度が取得できませんでした。
1311 行目でエラー：緯度が取得できませんでした。
1311 行目でエラー：経度が取得できませんでした。
1312 行目でエラー：緯度が取得できませんでした。
1312 行目でエラー：経度が取得できませんでした。
1312 行目でエラー：都道府県が判定できませんでした。
1322 行目でエラー：緯度が取得できませんでした。
1322 行目でエラー：経度が取得できませんでした。
1323 行目でエラー：緯度が取得できませんでした。
1323 行目でエラー：経度が取得できませんでした。
1335 行目でエラー：緯度が取得できませんでした。
1335 行目でエラー：経度が取得できませんでした。
1383 行目でエラー：緯度が取得できませんでした。
1383 行目でエラー：経度が取得できませんでした。
1413 行目でエラー：緯度が取得できませんでした。
1413 行目でエラー：経度が取得できませんでした。
1435 行目でエラー：緯度が取得できませんでした。
1435 行目でエラー：経度が取得できませんでした。
1447 行目でエラー：緯度が取得できませんでした。
1447 行目でエラー：経度が取得できませんでした。
1448 行目でエラー：緯度が取得できませんでした。
1448 行目でエラー：経度が取得できませんでした。
1459 行目でエラー：緯度が取得できませんでした。
1459 行目でエラー：経度が取得できませんでした。
1460 行目でエラー：緯度が取得できませんでした。
1460 行目でエラー：経度が取得できませんでした。
1471 行目でエラー：緯度が取得できませんでした。
1471 行目でエラー：経度が取得できませんでした。
1472 行目でエラー：緯度が取得できませんでした。
1472 行目でエラー：経度が取得できませんでした。
1474 行目でエラー：緯度が取得できませんでした。
1474 行目でエラー：経度が取得できませんでした。
1486 行目でエラー：緯度が取得できませんでした。
1486 行目でエラー：経度が取得できませんでした。
1487 行目でエラー：緯度が取得できませんでした。
1487 行目でエラー：経度が取得できませんでした。
1488 行目でエラー：緯度が取得できませんでした。
1488 行目でエラー：経度が取得できませんでした。
1527 行目でエラー：緯度が取得できませんでした。
1527 行目でエラー：経度が取得できませんでした。
1528 行目でエラー：緯度が取得できませんでした。
1528 行目でエラー：経度が取得できませんでした。
1529 行目でエラー：緯度が取得できませんでした。
1529 行目でエラー：経度が取得できませんでした。
1530 行目でエラー：緯度が取得できませんでした。
1530 行目でエラー：経度が取得できませんでした。
1541 行目でエラー：緯度が取得できませんでした。
1541 行目でエラー：経度が取得できませんでした。
1542 行目でエラー：緯度が取得できませんでした。
1542 行目でエラー：経度が取得できませんでした。
1553 行目でエラー：緯度が取得できませんでした。
1553 行目でエラー：経度が取得できませんでした。
1554 行目でエラー：緯度が取得できませんでした。
1554 行目でエラー：経度が取得できませんでした。
1566 行目でエラー：緯度が取得できませんでした。
1566 行目でエラー：経度が取得できませんでした。
1578 行目でエラー：緯度が取得できませんでした。
1578 行目でエラー：経度が取得できませんでした。
1579 行目でエラー：緯度が取得できませんでした。
1579 行目でエラー：経度が取得できませんでした。
1590 行目でエラー：緯度が取得できませんでした。
1590 行目でエラー：経度が取得できませんでした。
1591 行目でエラー：緯度が取得できませんでした。
1591 行目でエラー：経度が取得できませんでした。
1603 行目でエラー：緯度が取得できませんでした。
1603 行目でエラー：経度が取得できませんでした。
1604 行目でエラー：緯度が取得できませんでした。
1604 行目でエラー：経度が取得できませんでした。
1621 行目でエラー：緯度が取得できませんでした。
1621 行目でエラー：経度が取得できませんでした。
1633 行目でエラー：緯度が取得できませんでした。
1633 行目でエラー：経度が取得できませんでした。
1645 行目でエラー：緯度が取得できませんでした。
1645 行目でエラー：経度が取得できませんでした。
1656 行目でエラー：緯度が取得できませんでした。
1656 行目でエラー：経度が取得できませんでした。
1667 行目でエラー：緯度が取得できませんでした。
1667 行目でエラー：経度が取得できませんでした。
1668 行目でエラー：緯度が取得できませんでした。
1668 行目でエラー：経度が取得できませんでした。
1679 行目でエラー：緯度が取得できませんでした。
1679 行目でエラー：経度が取得できませんでした。
1690 行目でエラー：緯度が取得できませんでした。
1690 行目でエラー：経度が取得できませんでした。
1691 行目でエラー：緯度が取得できませんでした。
1691 行目でエラー：経度が取得できませんでした。
1692 行目でエラー：緯度が取得できませんでした。
1692 行目でエラー：経度が取得できませんでした。
1703 行目でエラー：緯度が取得できませんでした。
1703 行目でエラー：経度が取得できませんでした。
1704 行目でエラー：緯度が取得できませんでした。
1704 行目でエラー：経度が取得できませんでした。
