109 行目でエラー：都道府県が判定できませんでした。
299 行目でエラー：都道府県が判定できませんでした。
431 行目でエラー：都道府県が判定できませんでした。
432 行目でエラー：都道府県が判定できませんでした。
436 行目でエラー：都道府県が判定できませんでした。
487 行目でエラー：都道府県が判定できませんでした。
562 行目でエラー：都道府県が判定できませんでした。
564 行目でエラー：都道府県が判定できませんでした。
565 行目でエラー：緯度が取得できませんでした。
565 行目でエラー：経度が取得できませんでした。
565 行目でエラー：都道府県が判定できませんでした。
566 行目でエラー：都道府県が判定できませんでした。
568 行目でエラー：都道府県が判定できませんでした。
569 行目でエラー：都道府県が判定できませんでした。
570 行目でエラー：都道府県が判定できませんでした。
934 行目でエラー：都道府県が判定できませんでした。
946 行目でエラー：都道府県が判定できませんでした。
1260 行目でエラー：都道府県が判定できませんでした。
1266 行目でエラー：都道府県が判定できませんでした。
1272 行目でエラー：都道府県が判定できませんでした。
1279 行目でエラー：都道府県が判定できませんでした。
1286 行目でエラー：都道府県が判定できませんでした。
1312 行目でエラー：緯度が取得できませんでした。
1312 行目でエラー：経度が取得できませんでした。
1312 行目でエラー：都道府県が判定できませんでした。
