109 行目でエラー：都道府県が判定できませんでした。
113 行目でエラー：緯度が取得できませんでした。
113 行目でエラー：経度が取得できませんでした。
221 行目でエラー：緯度が取得できませんでした。
221 行目でエラー：経度が取得できませんでした。
222 行目でエラー：緯度が取得できませんでした。
222 行目でエラー：経度が取得できませんでした。
294 行目でエラー：緯度が取得できませんでした。
294 行目でエラー：経度が取得できませんでした。
299 行目でエラー：都道府県が判定できませんでした。
409 行目でエラー：緯度が取得できませんでした。
409 行目でエラー：経度が取得できませんでした。
410 行目でエラー：緯度が取得できませんでした。
410 行目でエラー：経度が取得できませんでした。
411 行目でエラー：緯度が取得できませんでした。
411 行目でエラー：経度が取得できませんでした。
431 行目でエラー：都道府県が判定できませんでした。
432 行目でエラー：都道府県が判定できませんでした。
436 行目でエラー：都道府県が判定できませんでした。
472 行目でエラー：緯度が取得できませんでした。
472 行目でエラー：経度が取得できませんでした。
487 行目でエラー：都道府県が判定できませんでした。
507 行目でエラー：緯度が取得できませんでした。
507 行目でエラー：経度が取得できませんでした。
562 行目でエラー：都道府県が判定できませんでした。
564 行目でエラー：都道府県が判定できませんでした。
565 行目でエラー：緯度が取得できませんでした。
565 行目でエラー：経度が取得できませんでした。
565 行目でエラー：都道府県が判定できませんでした。
566 行目でエラー：都道府県が判定できませんでした。
568 行目でエラー：都道府県が判定できませんでした。
569 行目でエラー：都道府県が判定できませんでした。
570 行目でエラー：都道府県が判定できませんでした。
572 行目でエラー：緯度が取得できませんでした。
572 行目でエラー：経度が取得できませんでした。
576 行目でエラー：緯度が取得できませんでした。
576 行目でエラー：経度が取得できませんでした。
617 行目でエラー：緯度が取得できませんでした。
617 行目でエラー：経度が取得できませんでした。
702 行目でエラー：緯度が取得できませんでした。
702 行目でエラー：経度が取得できませんでした。
781 行目でエラー：緯度が取得できませんでした。
781 行目でエラー：経度が取得できませんでした。
838 行目でエラー：緯度が取得できませんでした。
838 行目でエラー：経度が取得できませんでした。
934 行目でエラー：都道府県が判定できませんでした。
946 行目でエラー：都道府県が判定できませんでした。
1054 行目でエラー：緯度が取得できませんでした。
1054 行目でエラー：経度が取得できませんでした。
1140 行目でエラー：緯度が取得できませんでした。
1140 行目でエラー：経度が取得できませんでした。
1159 行目でエラー：緯度が取得できませんでした。
1159 行目でエラー：経度が取得できませんでした。
1260 行目でエラー：都道府県が判定できませんでした。
1266 行目でエラー：緯度が取得できませんでした。
1266 行目でエラー：経度が取得できませんでした。
1266 行目でエラー：都道府県が判定できませんでした。
1272 行目でエラー：都道府県が判定できませんでした。
1279 行目でエラー：緯度が取得できませんでした。
1279 行目でエラー：経度が取得できませんでした。
1279 行目でエラー：都道府県が判定できませんでした。
1286 行目でエラー：都道府県が判定できませんでした。
1312 行目でエラー：緯度が取得できませんでした。
1312 行目でエラー：経度が取得できませんでした。
1312 行目でエラー：都道府県が判定できませんでした。
1387 行目でエラー：緯度が取得できませんでした。
1387 行目でエラー：経度が取得できませんでした。
1438 行目でエラー：緯度が取得できませんでした。
1438 行目でエラー：経度が取得できませんでした。
1466 行目でエラー：緯度が取得できませんでした。
1466 行目でエラー：経度が取得できませんでした。
1484 行目でエラー：緯度が取得できませんでした。
1484 行目でエラー：経度が取得できませんでした。
1579 行目でエラー：緯度が取得できませんでした。
1579 行目でエラー：経度が取得できませんでした。
