11 行目でエラー：緯度が取得できませんでした。
11 行目でエラー：経度が取得できませんでした。
169 行目でエラー：緯度が取得できませんでした。
169 行目でエラー：経度が取得できませんでした。
270 行目でエラー：緯度が取得できませんでした。
270 行目でエラー：経度が取得できませんでした。
270 行目でエラー：都道府県が判定できませんでした。
276 行目でエラー：緯度が取得できませんでした。
276 行目でエラー：経度が取得できませんでした。
276 行目でエラー：都道府県が判定できませんでした。
282 行目でエラー：緯度が取得できませんでした。
282 行目でエラー：経度が取得できませんでした。
282 行目でエラー：都道府県が判定できませんでした。
289 行目でエラー：緯度が取得できませんでした。
289 行目でエラー：経度が取得できませんでした。
289 行目でエラー：都道府県が判定できませんでした。
296 行目でエラー：緯度が取得できませんでした。
296 行目でエラー：経度が取得できませんでした。
296 行目でエラー：都道府県が判定できませんでした。
322 行目でエラー：緯度が取得できませんでした。
322 行目でエラー：経度が取得できませんでした。
322 行目でエラー：都道府県が判定できませんでした。
448 行目でエラー：緯度が取得できませんでした。
448 行目でエラー：経度が取得できませんでした。
476 行目でエラー：緯度が取得できませんでした。
476 行目でエラー：経度が取得できませんでした。
494 行目でエラー：緯度が取得できませんでした。
494 行目でエラー：経度が取得できませんでした。
589 行目でエラー：緯度が取得できませんでした。
589 行目でエラー：経度が取得できませんでした。
